<?xml version="1.0" encoding="UTF-8"?>
<testng-results skipped="0" failed="0" ignored="7" total="134" passed="127">
  <reporter-output>
  </reporter-output>
  <suite name="Suite" duration-ms="60732" started-at="2018-07-18T05:47:12Z" finished-at="2018-07-18T05:48:13Z">
    <groups>
    </groups>
    <test name="Chrome on mac" duration-ms="60732" started-at="2018-07-18T05:47:12Z" finished-at="2018-07-18T05:48:13Z">
      <class name="com.mobicom.tests.AddCurateEventTest">
        <test-method status="PASS" signature="beforeTheClass(java.lang.String)[pri:0, instance:com.mobicom.tests.AddCurateEventTest@12cdcf4]" name="beforeTheClass" is-config="true" duration-ms="1" started-at="2018-07-18T05:47:38Z" finished-at="2018-07-18T05:47:38Z">
          <params>
            <param index="0">
              <value>
                <![CDATA[Chrome on mac]]>
              </value>
            </param>
          </params>
          <reporter-output>
          </reporter-output>
        </test-method> <!-- beforeTheClass -->
        <test-method status="PASS" signature="clickCurateEventsInMenu()[pri:150, instance:com.mobicom.tests.AddCurateEventTest@12cdcf4]" name="clickCurateEventsInMenu" duration-ms="816" started-at="2018-07-18T05:47:38Z" finished-at="2018-07-18T05:47:39Z">
          <reporter-output>
          </reporter-output>
        </test-method> <!-- clickCurateEventsInMenu -->
        <test-method status="PASS" signature="beginTest(java.lang.reflect.Method)[pri:0, instance:com.mobicom.tests.AddCurateEventTest@12cdcf4]" name="beginTest" is-config="true" duration-ms="0" started-at="2018-07-18T05:47:38Z" finished-at="2018-07-18T05:47:38Z">
          <params>
            <param index="0">
              <value>
                <![CDATA[public void com.mobicom.tests.AddCurateEventTest.clickCurateEventsInMenu()]]>
              </value>
            </param>
          </params>
          <reporter-output>
          </reporter-output>
        </test-method> <!-- beginTest -->
        <test-method status="PASS" signature="exportReports(org.testng.ITestResult)[pri:0, instance:com.mobicom.tests.AddCurateEventTest@12cdcf4]" name="exportReports" is-config="true" duration-ms="1" started-at="2018-07-18T05:47:39Z" finished-at="2018-07-18T05:47:39Z">
          <params>
            <param index="0">
              <value>
                <![CDATA[[TestResult name=clickCurateEventsInMenu status=SUCCESS method=AddCurateEventTest.clickCurateEventsInMenu()[pri:150, instance:com.mobicom.tests.AddCurateEventTest@12cdcf4] output={null}]]]>
              </value>
            </param>
          </params>
          <reporter-output>
          </reporter-output>
        </test-method> <!-- exportReports -->
        <test-method status="PASS" signature="beginTest(java.lang.reflect.Method)[pri:0, instance:com.mobicom.tests.AddCurateEventTest@12cdcf4]" name="beginTest" is-config="true" duration-ms="0" started-at="2018-07-18T05:47:39Z" finished-at="2018-07-18T05:47:39Z">
          <params>
            <param index="0">
              <value>
                <![CDATA[public void com.mobicom.tests.AddCurateEventTest.clickListOfCurateEventsInMenu()]]>
              </value>
            </param>
          </params>
          <reporter-output>
          </reporter-output>
        </test-method> <!-- beginTest -->
        <test-method status="PASS" signature="clickListOfCurateEventsInMenu()[pri:151, instance:com.mobicom.tests.AddCurateEventTest@12cdcf4]" name="clickListOfCurateEventsInMenu" duration-ms="764" started-at="2018-07-18T05:47:39Z" finished-at="2018-07-18T05:47:40Z">
          <reporter-output>
          </reporter-output>
        </test-method> <!-- clickListOfCurateEventsInMenu -->
        <test-method status="PASS" signature="exportReports(org.testng.ITestResult)[pri:0, instance:com.mobicom.tests.AddCurateEventTest@12cdcf4]" name="exportReports" is-config="true" duration-ms="1" started-at="2018-07-18T05:47:40Z" finished-at="2018-07-18T05:47:40Z">
          <params>
            <param index="0">
              <value>
                <![CDATA[[TestResult name=clickListOfCurateEventsInMenu status=SUCCESS method=AddCurateEventTest.clickListOfCurateEventsInMenu()[pri:151, instance:com.mobicom.tests.AddCurateEventTest@12cdcf4] output={null}]]]>
              </value>
            </param>
          </params>
          <reporter-output>
          </reporter-output>
        </test-method> <!-- exportReports -->
        <test-method status="PASS" signature="verifyCurateEventsPageElements(org.openqa.selenium.By, java.lang.String)[pri:152, instance:com.mobicom.tests.AddCurateEventTest@12cdcf4]" name="verifyCurateEventsPageElements" duration-ms="42" started-at="2018-07-18T05:47:40Z" data-provider="curateEventsPageElements" finished-at="2018-07-18T05:47:40Z">
          <params>
            <param index="0">
              <value>
                <![CDATA[By.xpath: //h3[text()='Curated Events']]]>
              </value>
            </param>
            <param index="1">
              <value>
                <![CDATA[Curate facilities header not found]]>
              </value>
            </param>
          </params>
          <reporter-output>
          </reporter-output>
        </test-method> <!-- verifyCurateEventsPageElements -->
        <test-method status="PASS" signature="beginTest(java.lang.reflect.Method)[pri:0, instance:com.mobicom.tests.AddCurateEventTest@12cdcf4]" name="beginTest" is-config="true" duration-ms="0" started-at="2018-07-18T05:47:40Z" finished-at="2018-07-18T05:47:40Z">
          <params>
            <param index="0">
              <value>
                <![CDATA[public void com.mobicom.tests.AddCurateEventTest.verifyCurateEventsPageElements(org.openqa.selenium.By,java.lang.String)]]>
              </value>
            </param>
          </params>
          <reporter-output>
          </reporter-output>
        </test-method> <!-- beginTest -->
        <test-method status="PASS" signature="exportReports(org.testng.ITestResult)[pri:0, instance:com.mobicom.tests.AddCurateEventTest@12cdcf4]" name="exportReports" is-config="true" duration-ms="0" started-at="2018-07-18T05:47:40Z" finished-at="2018-07-18T05:47:40Z">
          <params>
            <param index="0">
              <value>
                <![CDATA[[TestResult name=verifyCurateEventsPageElements status=SUCCESS method=AddCurateEventTest.verifyCurateEventsPageElements(org.openqa.selenium.By, java.lang.String)[pri:152, instance:com.mobicom.tests.AddCurateEventTest@12cdcf4] output={null}]]]>
              </value>
            </param>
          </params>
          <reporter-output>
          </reporter-output>
        </test-method> <!-- exportReports -->
        <test-method status="PASS" signature="beginTest(java.lang.reflect.Method)[pri:0, instance:com.mobicom.tests.AddCurateEventTest@12cdcf4]" name="beginTest" is-config="true" duration-ms="0" started-at="2018-07-18T05:47:40Z" finished-at="2018-07-18T05:47:40Z">
          <params>
            <param index="0">
              <value>
                <![CDATA[public void com.mobicom.tests.AddCurateEventTest.verifyCurateEventsPageElements(org.openqa.selenium.By,java.lang.String)]]>
              </value>
            </param>
          </params>
          <reporter-output>
          </reporter-output>
        </test-method> <!-- beginTest -->
        <test-method status="PASS" signature="verifyCurateEventsPageElements(org.openqa.selenium.By, java.lang.String)[pri:152, instance:com.mobicom.tests.AddCurateEventTest@12cdcf4]" name="verifyCurateEventsPageElements" duration-ms="56" started-at="2018-07-18T05:47:40Z" data-provider="curateEventsPageElements" finished-at="2018-07-18T05:47:40Z">
          <params>
            <param index="0">
              <value>
                <![CDATA[By.xpath: //div[@class='text-justify']/p]]>
              </value>
            </param>
            <param index="1">
              <value>
                <![CDATA[Description not found]]>
              </value>
            </param>
          </params>
          <reporter-output>
          </reporter-output>
        </test-method> <!-- verifyCurateEventsPageElements -->
        <test-method status="PASS" signature="exportReports(org.testng.ITestResult)[pri:0, instance:com.mobicom.tests.AddCurateEventTest@12cdcf4]" name="exportReports" is-config="true" duration-ms="0" started-at="2018-07-18T05:47:40Z" finished-at="2018-07-18T05:47:40Z">
          <params>
            <param index="0">
              <value>
                <![CDATA[[TestResult name=verifyCurateEventsPageElements status=SUCCESS method=AddCurateEventTest.verifyCurateEventsPageElements(org.openqa.selenium.By, java.lang.String)[pri:152, instance:com.mobicom.tests.AddCurateEventTest@12cdcf4] output={null}]]]>
              </value>
            </param>
          </params>
          <reporter-output>
          </reporter-output>
        </test-method> <!-- exportReports -->
        <test-method status="PASS" signature="beginTest(java.lang.reflect.Method)[pri:0, instance:com.mobicom.tests.AddCurateEventTest@12cdcf4]" name="beginTest" is-config="true" duration-ms="0" started-at="2018-07-18T05:47:40Z" finished-at="2018-07-18T05:47:40Z">
          <params>
            <param index="0">
              <value>
                <![CDATA[public void com.mobicom.tests.AddCurateEventTest.verifyCurateEventsPageElements(org.openqa.selenium.By,java.lang.String)]]>
              </value>
            </param>
          </params>
          <reporter-output>
          </reporter-output>
        </test-method> <!-- beginTest -->
        <test-method status="PASS" signature="verifyCurateEventsPageElements(org.openqa.selenium.By, java.lang.String)[pri:152, instance:com.mobicom.tests.AddCurateEventTest@12cdcf4]" name="verifyCurateEventsPageElements" duration-ms="63" started-at="2018-07-18T05:47:40Z" data-provider="curateEventsPageElements" finished-at="2018-07-18T05:47:40Z">
          <params>
            <param index="0">
              <value>
                <![CDATA[By.xpath: //span[text()='Add Facilities For Curated Events']]]>
              </value>
            </param>
            <param index="1">
              <value>
                <![CDATA[Add curate events button not found]]>
              </value>
            </param>
          </params>
          <reporter-output>
          </reporter-output>
        </test-method> <!-- verifyCurateEventsPageElements -->
        <test-method status="PASS" signature="exportReports(org.testng.ITestResult)[pri:0, instance:com.mobicom.tests.AddCurateEventTest@12cdcf4]" name="exportReports" is-config="true" duration-ms="1" started-at="2018-07-18T05:47:40Z" finished-at="2018-07-18T05:47:40Z">
          <params>
            <param index="0">
              <value>
                <![CDATA[[TestResult name=verifyCurateEventsPageElements status=SUCCESS method=AddCurateEventTest.verifyCurateEventsPageElements(org.openqa.selenium.By, java.lang.String)[pri:152, instance:com.mobicom.tests.AddCurateEventTest@12cdcf4] output={null}]]]>
              </value>
            </param>
          </params>
          <reporter-output>
          </reporter-output>
        </test-method> <!-- exportReports -->
        <test-method status="PASS" signature="beginTest(java.lang.reflect.Method)[pri:0, instance:com.mobicom.tests.AddCurateEventTest@12cdcf4]" name="beginTest" is-config="true" duration-ms="1" started-at="2018-07-18T05:47:40Z" finished-at="2018-07-18T05:47:40Z">
          <params>
            <param index="0">
              <value>
                <![CDATA[public void com.mobicom.tests.AddCurateEventTest.clickAddCurateEvent()]]>
              </value>
            </param>
          </params>
          <reporter-output>
          </reporter-output>
        </test-method> <!-- beginTest -->
        <test-method status="PASS" signature="clickAddCurateEvent()[pri:153, instance:com.mobicom.tests.AddCurateEventTest@12cdcf4]" name="clickAddCurateEvent" duration-ms="1019" started-at="2018-07-18T05:47:40Z" finished-at="2018-07-18T05:47:41Z">
          <reporter-output>
          </reporter-output>
        </test-method> <!-- clickAddCurateEvent -->
        <test-method status="PASS" signature="exportReports(org.testng.ITestResult)[pri:0, instance:com.mobicom.tests.AddCurateEventTest@12cdcf4]" name="exportReports" is-config="true" duration-ms="1" started-at="2018-07-18T05:47:41Z" finished-at="2018-07-18T05:47:41Z">
          <params>
            <param index="0">
              <value>
                <![CDATA[[TestResult name=clickAddCurateEvent status=SUCCESS method=AddCurateEventTest.clickAddCurateEvent()[pri:153, instance:com.mobicom.tests.AddCurateEventTest@12cdcf4] output={null}]]]>
              </value>
            </param>
          </params>
          <reporter-output>
          </reporter-output>
        </test-method> <!-- exportReports -->
        <test-method status="PASS" signature="beginTest(java.lang.reflect.Method)[pri:0, instance:com.mobicom.tests.AddCurateEventTest@12cdcf4]" name="beginTest" is-config="true" duration-ms="0" started-at="2018-07-18T05:47:41Z" finished-at="2018-07-18T05:47:41Z">
          <params>
            <param index="0">
              <value>
                <![CDATA[public void com.mobicom.tests.AddCurateEventTest.verifyAddCurateEventsPageElements(org.openqa.selenium.By,java.lang.String)]]>
              </value>
            </param>
          </params>
          <reporter-output>
          </reporter-output>
        </test-method> <!-- beginTest -->
        <test-method status="PASS" signature="verifyAddCurateEventsPageElements(org.openqa.selenium.By, java.lang.String)[pri:154, instance:com.mobicom.tests.AddCurateEventTest@12cdcf4]" name="verifyAddCurateEventsPageElements" duration-ms="42" started-at="2018-07-18T05:47:41Z" data-provider="addCurateEventsPageElements" finished-at="2018-07-18T05:47:41Z">
          <params>
            <param index="0">
              <value>
                <![CDATA[By.xpath: //h3[text()='Add Curated Event']]]>
              </value>
            </param>
            <param index="1">
              <value>
                <![CDATA[Header not found]]>
              </value>
            </param>
          </params>
          <reporter-output>
          </reporter-output>
        </test-method> <!-- verifyAddCurateEventsPageElements -->
        <test-method status="PASS" signature="beginTest(java.lang.reflect.Method)[pri:0, instance:com.mobicom.tests.AddCurateEventTest@12cdcf4]" name="beginTest" is-config="true" duration-ms="1" started-at="2018-07-18T05:47:41Z" finished-at="2018-07-18T05:47:41Z">
          <params>
            <param index="0">
              <value>
                <![CDATA[public void com.mobicom.tests.AddCurateEventTest.verifyAddCurateEventsPageElements(org.openqa.selenium.By,java.lang.String)]]>
              </value>
            </param>
          </params>
          <reporter-output>
          </reporter-output>
        </test-method> <!-- beginTest -->
        <test-method status="PASS" signature="exportReports(org.testng.ITestResult)[pri:0, instance:com.mobicom.tests.AddCurateEventTest@12cdcf4]" name="exportReports" is-config="true" duration-ms="0" started-at="2018-07-18T05:47:41Z" finished-at="2018-07-18T05:47:41Z">
          <params>
            <param index="0">
              <value>
                <![CDATA[[TestResult name=verifyAddCurateEventsPageElements status=SUCCESS method=AddCurateEventTest.verifyAddCurateEventsPageElements(org.openqa.selenium.By, java.lang.String)[pri:154, instance:com.mobicom.tests.AddCurateEventTest@12cdcf4] output={null}]]]>
              </value>
            </param>
          </params>
          <reporter-output>
          </reporter-output>
        </test-method> <!-- exportReports -->
        <test-method status="PASS" signature="verifyAddCurateEventsPageElements(org.openqa.selenium.By, java.lang.String)[pri:154, instance:com.mobicom.tests.AddCurateEventTest@12cdcf4]" name="verifyAddCurateEventsPageElements" duration-ms="54" started-at="2018-07-18T05:47:41Z" data-provider="addCurateEventsPageElements" finished-at="2018-07-18T05:47:41Z">
          <params>
            <param index="0">
              <value>
                <![CDATA[By.id: facility_id]]>
              </value>
            </param>
            <param index="1">
              <value>
                <![CDATA[Facility drop down not found]]>
              </value>
            </param>
          </params>
          <reporter-output>
          </reporter-output>
        </test-method> <!-- verifyAddCurateEventsPageElements -->
        <test-method status="PASS" signature="exportReports(org.testng.ITestResult)[pri:0, instance:com.mobicom.tests.AddCurateEventTest@12cdcf4]" name="exportReports" is-config="true" duration-ms="1" started-at="2018-07-18T05:47:41Z" finished-at="2018-07-18T05:47:41Z">
          <params>
            <param index="0">
              <value>
                <![CDATA[[TestResult name=verifyAddCurateEventsPageElements status=SUCCESS method=AddCurateEventTest.verifyAddCurateEventsPageElements(org.openqa.selenium.By, java.lang.String)[pri:154, instance:com.mobicom.tests.AddCurateEventTest@12cdcf4] output={null}]]]>
              </value>
            </param>
          </params>
          <reporter-output>
          </reporter-output>
        </test-method> <!-- exportReports -->
        <test-method status="PASS" signature="verifyAddCurateEventsPageElements(org.openqa.selenium.By, java.lang.String)[pri:154, instance:com.mobicom.tests.AddCurateEventTest@12cdcf4]" name="verifyAddCurateEventsPageElements" duration-ms="58" started-at="2018-07-18T05:47:41Z" data-provider="addCurateEventsPageElements" finished-at="2018-07-18T05:47:41Z">
          <params>
            <param index="0">
              <value>
                <![CDATA[By.xpath: //a[@class='btn submit-btn facility_choice_add']]]>
              </value>
            </param>
            <param index="1">
              <value>
                <![CDATA[Add facility button not found]]>
              </value>
            </param>
          </params>
          <reporter-output>
          </reporter-output>
        </test-method> <!-- verifyAddCurateEventsPageElements -->
        <test-method status="PASS" signature="beginTest(java.lang.reflect.Method)[pri:0, instance:com.mobicom.tests.AddCurateEventTest@12cdcf4]" name="beginTest" is-config="true" duration-ms="0" started-at="2018-07-18T05:47:41Z" finished-at="2018-07-18T05:47:41Z">
          <params>
            <param index="0">
              <value>
                <![CDATA[public void com.mobicom.tests.AddCurateEventTest.verifyAddCurateEventsPageElements(org.openqa.selenium.By,java.lang.String)]]>
              </value>
            </param>
          </params>
          <reporter-output>
          </reporter-output>
        </test-method> <!-- beginTest -->
        <test-method status="PASS" signature="exportReports(org.testng.ITestResult)[pri:0, instance:com.mobicom.tests.AddCurateEventTest@12cdcf4]" name="exportReports" is-config="true" duration-ms="0" started-at="2018-07-18T05:47:41Z" finished-at="2018-07-18T05:47:41Z">
          <params>
            <param index="0">
              <value>
                <![CDATA[[TestResult name=verifyAddCurateEventsPageElements status=SUCCESS method=AddCurateEventTest.verifyAddCurateEventsPageElements(org.openqa.selenium.By, java.lang.String)[pri:154, instance:com.mobicom.tests.AddCurateEventTest@12cdcf4] output={null}]]]>
              </value>
            </param>
          </params>
          <reporter-output>
          </reporter-output>
        </test-method> <!-- exportReports -->
        <test-method status="PASS" signature="verifyAddCurateEventsPageElements(org.openqa.selenium.By, java.lang.String)[pri:154, instance:com.mobicom.tests.AddCurateEventTest@12cdcf4]" name="verifyAddCurateEventsPageElements" duration-ms="54" started-at="2018-07-18T05:47:41Z" data-provider="addCurateEventsPageElements" finished-at="2018-07-18T05:47:41Z">
          <params>
            <param index="0">
              <value>
                <![CDATA[By.xpath: //input[@name='start_date[0]']]]>
              </value>
            </param>
            <param index="1">
              <value>
                <![CDATA[Start date field not found]]>
              </value>
            </param>
          </params>
          <reporter-output>
          </reporter-output>
        </test-method> <!-- verifyAddCurateEventsPageElements -->
        <test-method status="PASS" signature="beginTest(java.lang.reflect.Method)[pri:0, instance:com.mobicom.tests.AddCurateEventTest@12cdcf4]" name="beginTest" is-config="true" duration-ms="0" started-at="2018-07-18T05:47:41Z" finished-at="2018-07-18T05:47:41Z">
          <params>
            <param index="0">
              <value>
                <![CDATA[public void com.mobicom.tests.AddCurateEventTest.verifyAddCurateEventsPageElements(org.openqa.selenium.By,java.lang.String)]]>
              </value>
            </param>
          </params>
          <reporter-output>
          </reporter-output>
        </test-method> <!-- beginTest -->
        <test-method status="PASS" signature="exportReports(org.testng.ITestResult)[pri:0, instance:com.mobicom.tests.AddCurateEventTest@12cdcf4]" name="exportReports" is-config="true" duration-ms="1" started-at="2018-07-18T05:47:41Z" finished-at="2018-07-18T05:47:41Z">
          <params>
            <param index="0">
              <value>
                <![CDATA[[TestResult name=verifyAddCurateEventsPageElements status=SUCCESS method=AddCurateEventTest.verifyAddCurateEventsPageElements(org.openqa.selenium.By, java.lang.String)[pri:154, instance:com.mobicom.tests.AddCurateEventTest@12cdcf4] output={null}]]]>
              </value>
            </param>
          </params>
          <reporter-output>
          </reporter-output>
        </test-method> <!-- exportReports -->
        <test-method status="PASS" signature="verifyAddCurateEventsPageElements(org.openqa.selenium.By, java.lang.String)[pri:154, instance:com.mobicom.tests.AddCurateEventTest@12cdcf4]" name="verifyAddCurateEventsPageElements" duration-ms="59" started-at="2018-07-18T05:47:41Z" data-provider="addCurateEventsPageElements" finished-at="2018-07-18T05:47:41Z">
          <params>
            <param index="0">
              <value>
                <![CDATA[By.xpath: //input[@name='end_date[0]']]]>
              </value>
            </param>
            <param index="1">
              <value>
                <![CDATA[End date field not found]]>
              </value>
            </param>
          </params>
          <reporter-output>
          </reporter-output>
        </test-method> <!-- verifyAddCurateEventsPageElements -->
        <test-method status="PASS" signature="beginTest(java.lang.reflect.Method)[pri:0, instance:com.mobicom.tests.AddCurateEventTest@12cdcf4]" name="beginTest" is-config="true" duration-ms="0" started-at="2018-07-18T05:47:41Z" finished-at="2018-07-18T05:47:41Z">
          <params>
            <param index="0">
              <value>
                <![CDATA[public void com.mobicom.tests.AddCurateEventTest.verifyAddCurateEventsPageElements(org.openqa.selenium.By,java.lang.String)]]>
              </value>
            </param>
          </params>
          <reporter-output>
          </reporter-output>
        </test-method> <!-- beginTest -->
        <test-method status="PASS" signature="exportReports(org.testng.ITestResult)[pri:0, instance:com.mobicom.tests.AddCurateEventTest@12cdcf4]" name="exportReports" is-config="true" duration-ms="1" started-at="2018-07-18T05:47:41Z" finished-at="2018-07-18T05:47:41Z">
          <params>
            <param index="0">
              <value>
                <![CDATA[[TestResult name=verifyAddCurateEventsPageElements status=SUCCESS method=AddCurateEventTest.verifyAddCurateEventsPageElements(org.openqa.selenium.By, java.lang.String)[pri:154, instance:com.mobicom.tests.AddCurateEventTest@12cdcf4] output={null}]]]>
              </value>
            </param>
          </params>
          <reporter-output>
          </reporter-output>
        </test-method> <!-- exportReports -->
        <test-method status="PASS" signature="beginTest(java.lang.reflect.Method)[pri:0, instance:com.mobicom.tests.AddCurateEventTest@12cdcf4]" name="beginTest" is-config="true" duration-ms="0" started-at="2018-07-18T05:47:41Z" finished-at="2018-07-18T05:47:41Z">
          <params>
            <param index="0">
              <value>
                <![CDATA[public void com.mobicom.tests.AddCurateEventTest.verifyAddCurateEventsPageElements(org.openqa.selenium.By,java.lang.String)]]>
              </value>
            </param>
          </params>
          <reporter-output>
          </reporter-output>
        </test-method> <!-- beginTest -->
        <test-method status="PASS" signature="verifyAddCurateEventsPageElements(org.openqa.selenium.By, java.lang.String)[pri:154, instance:com.mobicom.tests.AddCurateEventTest@12cdcf4]" name="verifyAddCurateEventsPageElements" duration-ms="51" started-at="2018-07-18T05:47:41Z" data-provider="addCurateEventsPageElements" finished-at="2018-07-18T05:47:41Z">
          <params>
            <param index="0">
              <value>
                <![CDATA[By.xpath: //input[@name='start_time[0]']]]>
              </value>
            </param>
            <param index="1">
              <value>
                <![CDATA[Start time field not found]]>
              </value>
            </param>
          </params>
          <reporter-output>
          </reporter-output>
        </test-method> <!-- verifyAddCurateEventsPageElements -->
        <test-method status="PASS" signature="exportReports(org.testng.ITestResult)[pri:0, instance:com.mobicom.tests.AddCurateEventTest@12cdcf4]" name="exportReports" is-config="true" duration-ms="0" started-at="2018-07-18T05:47:41Z" finished-at="2018-07-18T05:47:41Z">
          <params>
            <param index="0">
              <value>
                <![CDATA[[TestResult name=verifyAddCurateEventsPageElements status=SUCCESS method=AddCurateEventTest.verifyAddCurateEventsPageElements(org.openqa.selenium.By, java.lang.String)[pri:154, instance:com.mobicom.tests.AddCurateEventTest@12cdcf4] output={null}]]]>
              </value>
            </param>
          </params>
          <reporter-output>
          </reporter-output>
        </test-method> <!-- exportReports -->
        <test-method status="PASS" signature="verifyAddCurateEventsPageElements(org.openqa.selenium.By, java.lang.String)[pri:154, instance:com.mobicom.tests.AddCurateEventTest@12cdcf4]" name="verifyAddCurateEventsPageElements" duration-ms="50" started-at="2018-07-18T05:47:41Z" data-provider="addCurateEventsPageElements" finished-at="2018-07-18T05:47:41Z">
          <params>
            <param index="0">
              <value>
                <![CDATA[By.xpath: //input[@name='end_time[0]']]]>
              </value>
            </param>
            <param index="1">
              <value>
                <![CDATA[End time field not found]]>
              </value>
            </param>
          </params>
          <reporter-output>
          </reporter-output>
        </test-method> <!-- verifyAddCurateEventsPageElements -->
        <test-method status="PASS" signature="beginTest(java.lang.reflect.Method)[pri:0, instance:com.mobicom.tests.AddCurateEventTest@12cdcf4]" name="beginTest" is-config="true" duration-ms="0" started-at="2018-07-18T05:47:41Z" finished-at="2018-07-18T05:47:41Z">
          <params>
            <param index="0">
              <value>
                <![CDATA[public void com.mobicom.tests.AddCurateEventTest.verifyAddCurateEventsPageElements(org.openqa.selenium.By,java.lang.String)]]>
              </value>
            </param>
          </params>
          <reporter-output>
          </reporter-output>
        </test-method> <!-- beginTest -->
        <test-method status="PASS" signature="exportReports(org.testng.ITestResult)[pri:0, instance:com.mobicom.tests.AddCurateEventTest@12cdcf4]" name="exportReports" is-config="true" duration-ms="0" started-at="2018-07-18T05:47:41Z" finished-at="2018-07-18T05:47:41Z">
          <params>
            <param index="0">
              <value>
                <![CDATA[[TestResult name=verifyAddCurateEventsPageElements status=SUCCESS method=AddCurateEventTest.verifyAddCurateEventsPageElements(org.openqa.selenium.By, java.lang.String)[pri:154, instance:com.mobicom.tests.AddCurateEventTest@12cdcf4] output={null}]]]>
              </value>
            </param>
          </params>
          <reporter-output>
          </reporter-output>
        </test-method> <!-- exportReports -->
        <test-method status="PASS" signature="beginTest(java.lang.reflect.Method)[pri:0, instance:com.mobicom.tests.AddCurateEventTest@12cdcf4]" name="beginTest" is-config="true" duration-ms="0" started-at="2018-07-18T05:47:41Z" finished-at="2018-07-18T05:47:41Z">
          <params>
            <param index="0">
              <value>
                <![CDATA[public void com.mobicom.tests.AddCurateEventTest.verifyAddCurateEventsPageElements(org.openqa.selenium.By,java.lang.String)]]>
              </value>
            </param>
          </params>
          <reporter-output>
          </reporter-output>
        </test-method> <!-- beginTest -->
        <test-method status="PASS" signature="verifyAddCurateEventsPageElements(org.openqa.selenium.By, java.lang.String)[pri:154, instance:com.mobicom.tests.AddCurateEventTest@12cdcf4]" name="verifyAddCurateEventsPageElements" duration-ms="52" started-at="2018-07-18T05:47:41Z" data-provider="addCurateEventsPageElements" finished-at="2018-07-18T05:47:41Z">
          <params>
            <param index="0">
              <value>
                <![CDATA[By.xpath: //a[@class='btn cancel-btn btn-sha btn-ad1 btnwidth nav_action nav_cancel']]]>
              </value>
            </param>
            <param index="1">
              <value>
                <![CDATA[Cancel button not found]]>
              </value>
            </param>
          </params>
          <reporter-output>
          </reporter-output>
        </test-method> <!-- verifyAddCurateEventsPageElements -->
        <test-method status="PASS" signature="exportReports(org.testng.ITestResult)[pri:0, instance:com.mobicom.tests.AddCurateEventTest@12cdcf4]" name="exportReports" is-config="true" duration-ms="0" started-at="2018-07-18T05:47:41Z" finished-at="2018-07-18T05:47:41Z">
          <params>
            <param index="0">
              <value>
                <![CDATA[[TestResult name=verifyAddCurateEventsPageElements status=SUCCESS method=AddCurateEventTest.verifyAddCurateEventsPageElements(org.openqa.selenium.By, java.lang.String)[pri:154, instance:com.mobicom.tests.AddCurateEventTest@12cdcf4] output={null}]]]>
              </value>
            </param>
          </params>
          <reporter-output>
          </reporter-output>
        </test-method> <!-- exportReports -->
        <test-method status="PASS" signature="verifyAddCurateEventsPageElements(org.openqa.selenium.By, java.lang.String)[pri:154, instance:com.mobicom.tests.AddCurateEventTest@12cdcf4]" name="verifyAddCurateEventsPageElements" duration-ms="61" started-at="2018-07-18T05:47:41Z" data-provider="addCurateEventsPageElements" finished-at="2018-07-18T05:47:41Z">
          <params>
            <param index="0">
              <value>
                <![CDATA[By.id: action_save]]>
              </value>
            </param>
            <param index="1">
              <value>
                <![CDATA[Save button not found]]>
              </value>
            </param>
          </params>
          <reporter-output>
          </reporter-output>
        </test-method> <!-- verifyAddCurateEventsPageElements -->
        <test-method status="PASS" signature="beginTest(java.lang.reflect.Method)[pri:0, instance:com.mobicom.tests.AddCurateEventTest@12cdcf4]" name="beginTest" is-config="true" duration-ms="0" started-at="2018-07-18T05:47:41Z" finished-at="2018-07-18T05:47:41Z">
          <params>
            <param index="0">
              <value>
                <![CDATA[public void com.mobicom.tests.AddCurateEventTest.verifyAddCurateEventsPageElements(org.openqa.selenium.By,java.lang.String)]]>
              </value>
            </param>
          </params>
          <reporter-output>
          </reporter-output>
        </test-method> <!-- beginTest -->
        <test-method status="PASS" signature="verifyAddCurateEventsPageElements(org.openqa.selenium.By, java.lang.String)[pri:154, instance:com.mobicom.tests.AddCurateEventTest@12cdcf4]" name="verifyAddCurateEventsPageElements" duration-ms="72" started-at="2018-07-18T05:47:41Z" data-provider="addCurateEventsPageElements" finished-at="2018-07-18T05:47:41Z">
          <params>
            <param index="0">
              <value>
                <![CDATA[By.id: action_publish]]>
              </value>
            </param>
            <param index="1">
              <value>
                <![CDATA[Publish button not found]]>
              </value>
            </param>
          </params>
          <reporter-output>
          </reporter-output>
        </test-method> <!-- verifyAddCurateEventsPageElements -->
        <test-method status="PASS" signature="beginTest(java.lang.reflect.Method)[pri:0, instance:com.mobicom.tests.AddCurateEventTest@12cdcf4]" name="beginTest" is-config="true" duration-ms="0" started-at="2018-07-18T05:47:41Z" finished-at="2018-07-18T05:47:41Z">
          <params>
            <param index="0">
              <value>
                <![CDATA[public void com.mobicom.tests.AddCurateEventTest.verifyAddCurateEventsPageElements(org.openqa.selenium.By,java.lang.String)]]>
              </value>
            </param>
          </params>
          <reporter-output>
          </reporter-output>
        </test-method> <!-- beginTest -->
        <test-method status="PASS" signature="exportReports(org.testng.ITestResult)[pri:0, instance:com.mobicom.tests.AddCurateEventTest@12cdcf4]" name="exportReports" is-config="true" duration-ms="0" started-at="2018-07-18T05:47:41Z" finished-at="2018-07-18T05:47:41Z">
          <params>
            <param index="0">
              <value>
                <![CDATA[[TestResult name=verifyAddCurateEventsPageElements status=SUCCESS method=AddCurateEventTest.verifyAddCurateEventsPageElements(org.openqa.selenium.By, java.lang.String)[pri:154, instance:com.mobicom.tests.AddCurateEventTest@12cdcf4] output={null}]]]>
              </value>
            </param>
          </params>
          <reporter-output>
          </reporter-output>
        </test-method> <!-- exportReports -->
        <test-method status="PASS" signature="exportReports(org.testng.ITestResult)[pri:0, instance:com.mobicom.tests.AddCurateEventTest@12cdcf4]" name="exportReports" is-config="true" duration-ms="0" started-at="2018-07-18T05:47:41Z" finished-at="2018-07-18T05:47:41Z">
          <params>
            <param index="0">
              <value>
                <![CDATA[[TestResult name=verifyAddCurateEventsPageElements status=SUCCESS method=AddCurateEventTest.verifyAddCurateEventsPageElements(org.openqa.selenium.By, java.lang.String)[pri:154, instance:com.mobicom.tests.AddCurateEventTest@12cdcf4] output={null}]]]>
              </value>
            </param>
          </params>
          <reporter-output>
          </reporter-output>
        </test-method> <!-- exportReports -->
        <test-method status="PASS" signature="selectFacility()[pri:155, instance:com.mobicom.tests.AddCurateEventTest@12cdcf4]" name="selectFacility" duration-ms="369" started-at="2018-07-18T05:47:41Z" finished-at="2018-07-18T05:47:42Z">
          <reporter-output>
          </reporter-output>
        </test-method> <!-- selectFacility -->
        <test-method status="PASS" signature="beginTest(java.lang.reflect.Method)[pri:0, instance:com.mobicom.tests.AddCurateEventTest@12cdcf4]" name="beginTest" is-config="true" duration-ms="0" started-at="2018-07-18T05:47:41Z" finished-at="2018-07-18T05:47:41Z">
          <params>
            <param index="0">
              <value>
                <![CDATA[public void com.mobicom.tests.AddCurateEventTest.selectFacility()]]>
              </value>
            </param>
          </params>
          <reporter-output>
          </reporter-output>
        </test-method> <!-- beginTest -->
        <test-method status="PASS" signature="exportReports(org.testng.ITestResult)[pri:0, instance:com.mobicom.tests.AddCurateEventTest@12cdcf4]" name="exportReports" is-config="true" duration-ms="1" started-at="2018-07-18T05:47:42Z" finished-at="2018-07-18T05:47:42Z">
          <params>
            <param index="0">
              <value>
                <![CDATA[[TestResult name=selectFacility status=SUCCESS method=AddCurateEventTest.selectFacility()[pri:155, instance:com.mobicom.tests.AddCurateEventTest@12cdcf4] output={null}]]]>
              </value>
            </param>
          </params>
          <reporter-output>
          </reporter-output>
        </test-method> <!-- exportReports -->
        <test-method status="PASS" signature="beginTest(java.lang.reflect.Method)[pri:0, instance:com.mobicom.tests.AddCurateEventTest@12cdcf4]" name="beginTest" is-config="true" duration-ms="0" started-at="2018-07-18T05:47:42Z" finished-at="2018-07-18T05:47:42Z">
          <params>
            <param index="0">
              <value>
                <![CDATA[public void com.mobicom.tests.AddCurateEventTest.updateRemarks()]]>
              </value>
            </param>
          </params>
          <reporter-output>
          </reporter-output>
        </test-method> <!-- beginTest -->
        <test-method status="PASS" signature="updateRemarks()[pri:156, instance:com.mobicom.tests.AddCurateEventTest@12cdcf4]" name="updateRemarks" duration-ms="298" started-at="2018-07-18T05:47:42Z" finished-at="2018-07-18T05:47:42Z">
          <reporter-output>
          </reporter-output>
        </test-method> <!-- updateRemarks -->
        <test-method status="PASS" signature="exportReports(org.testng.ITestResult)[pri:0, instance:com.mobicom.tests.AddCurateEventTest@12cdcf4]" name="exportReports" is-config="true" duration-ms="0" started-at="2018-07-18T05:47:42Z" finished-at="2018-07-18T05:47:42Z">
          <params>
            <param index="0">
              <value>
                <![CDATA[[TestResult name=updateRemarks status=SUCCESS method=AddCurateEventTest.updateRemarks()[pri:156, instance:com.mobicom.tests.AddCurateEventTest@12cdcf4] output={null}]]]>
              </value>
            </param>
          </params>
          <reporter-output>
          </reporter-output>
        </test-method> <!-- exportReports -->
        <test-method status="PASS" signature="enterStartDate()[pri:157, instance:com.mobicom.tests.AddCurateEventTest@12cdcf4]" name="enterStartDate" duration-ms="51" started-at="2018-07-18T05:47:42Z" finished-at="2018-07-18T05:47:42Z">
          <reporter-output>
          </reporter-output>
        </test-method> <!-- enterStartDate -->
        <test-method status="PASS" signature="beginTest(java.lang.reflect.Method)[pri:0, instance:com.mobicom.tests.AddCurateEventTest@12cdcf4]" name="beginTest" is-config="true" duration-ms="0" started-at="2018-07-18T05:47:42Z" finished-at="2018-07-18T05:47:42Z">
          <params>
            <param index="0">
              <value>
                <![CDATA[public void com.mobicom.tests.AddCurateEventTest.enterStartDate()]]>
              </value>
            </param>
          </params>
          <reporter-output>
          </reporter-output>
        </test-method> <!-- beginTest -->
        <test-method status="PASS" signature="exportReports(org.testng.ITestResult)[pri:0, instance:com.mobicom.tests.AddCurateEventTest@12cdcf4]" name="exportReports" is-config="true" duration-ms="1" started-at="2018-07-18T05:47:42Z" finished-at="2018-07-18T05:47:42Z">
          <params>
            <param index="0">
              <value>
                <![CDATA[[TestResult name=enterStartDate status=SUCCESS method=AddCurateEventTest.enterStartDate()[pri:157, instance:com.mobicom.tests.AddCurateEventTest@12cdcf4] output={null}]]]>
              </value>
            </param>
          </params>
          <reporter-output>
          </reporter-output>
        </test-method> <!-- exportReports -->
        <test-method status="PASS" signature="beginTest(java.lang.reflect.Method)[pri:0, instance:com.mobicom.tests.AddCurateEventTest@12cdcf4]" name="beginTest" is-config="true" duration-ms="0" started-at="2018-07-18T05:47:42Z" finished-at="2018-07-18T05:47:42Z">
          <params>
            <param index="0">
              <value>
                <![CDATA[public void com.mobicom.tests.AddCurateEventTest.enterEndDate() throws java.lang.InterruptedException]]>
              </value>
            </param>
          </params>
          <reporter-output>
          </reporter-output>
        </test-method> <!-- beginTest -->
        <test-method status="PASS" signature="enterEndDate()[pri:158, instance:com.mobicom.tests.AddCurateEventTest@12cdcf4]" name="enterEndDate" duration-ms="67" started-at="2018-07-18T05:47:42Z" finished-at="2018-07-18T05:47:42Z">
          <reporter-output>
          </reporter-output>
        </test-method> <!-- enterEndDate -->
        <test-method status="PASS" signature="exportReports(org.testng.ITestResult)[pri:0, instance:com.mobicom.tests.AddCurateEventTest@12cdcf4]" name="exportReports" is-config="true" duration-ms="0" started-at="2018-07-18T05:47:42Z" finished-at="2018-07-18T05:47:42Z">
          <params>
            <param index="0">
              <value>
                <![CDATA[[TestResult name=enterEndDate status=SUCCESS method=AddCurateEventTest.enterEndDate()[pri:158, instance:com.mobicom.tests.AddCurateEventTest@12cdcf4] output={null}]]]>
              </value>
            </param>
          </params>
          <reporter-output>
          </reporter-output>
        </test-method> <!-- exportReports -->
        <test-method status="PASS" signature="beginTest(java.lang.reflect.Method)[pri:0, instance:com.mobicom.tests.AddCurateEventTest@12cdcf4]" name="beginTest" is-config="true" duration-ms="0" started-at="2018-07-18T05:47:42Z" finished-at="2018-07-18T05:47:42Z">
          <params>
            <param index="0">
              <value>
                <![CDATA[public void com.mobicom.tests.AddCurateEventTest.enterStartTime()]]>
              </value>
            </param>
          </params>
          <reporter-output>
          </reporter-output>
        </test-method> <!-- beginTest -->
        <test-method status="PASS" signature="enterStartTime()[pri:159, instance:com.mobicom.tests.AddCurateEventTest@12cdcf4]" name="enterStartTime" duration-ms="283" started-at="2018-07-18T05:47:42Z" finished-at="2018-07-18T05:47:42Z">
          <reporter-output>
          </reporter-output>
        </test-method> <!-- enterStartTime -->
        <test-method status="PASS" signature="exportReports(org.testng.ITestResult)[pri:0, instance:com.mobicom.tests.AddCurateEventTest@12cdcf4]" name="exportReports" is-config="true" duration-ms="1" started-at="2018-07-18T05:47:42Z" finished-at="2018-07-18T05:47:42Z">
          <params>
            <param index="0">
              <value>
                <![CDATA[[TestResult name=enterStartTime status=SUCCESS method=AddCurateEventTest.enterStartTime()[pri:159, instance:com.mobicom.tests.AddCurateEventTest@12cdcf4] output={null}]]]>
              </value>
            </param>
          </params>
          <reporter-output>
          </reporter-output>
        </test-method> <!-- exportReports -->
        <test-method status="PASS" signature="beginTest(java.lang.reflect.Method)[pri:0, instance:com.mobicom.tests.AddCurateEventTest@12cdcf4]" name="beginTest" is-config="true" duration-ms="1" started-at="2018-07-18T05:47:42Z" finished-at="2018-07-18T05:47:42Z">
          <params>
            <param index="0">
              <value>
                <![CDATA[public void com.mobicom.tests.AddCurateEventTest.enterEndTime()]]>
              </value>
            </param>
          </params>
          <reporter-output>
          </reporter-output>
        </test-method> <!-- beginTest -->
        <test-method status="PASS" signature="enterEndTime()[pri:160, instance:com.mobicom.tests.AddCurateEventTest@12cdcf4]" name="enterEndTime" duration-ms="214" started-at="2018-07-18T05:47:42Z" finished-at="2018-07-18T05:47:43Z">
          <reporter-output>
          </reporter-output>
        </test-method> <!-- enterEndTime -->
        <test-method status="PASS" signature="exportReports(org.testng.ITestResult)[pri:0, instance:com.mobicom.tests.AddCurateEventTest@12cdcf4]" name="exportReports" is-config="true" duration-ms="0" started-at="2018-07-18T05:47:43Z" finished-at="2018-07-18T05:47:43Z">
          <params>
            <param index="0">
              <value>
                <![CDATA[[TestResult name=enterEndTime status=SUCCESS method=AddCurateEventTest.enterEndTime()[pri:160, instance:com.mobicom.tests.AddCurateEventTest@12cdcf4] output={null}]]]>
              </value>
            </param>
          </params>
          <reporter-output>
          </reporter-output>
        </test-method> <!-- exportReports -->
        <test-method status="PASS" signature="clickSaveButton()[pri:161, instance:com.mobicom.tests.AddCurateEventTest@12cdcf4]" name="clickSaveButton" duration-ms="951" started-at="2018-07-18T05:47:43Z" finished-at="2018-07-18T05:47:44Z">
          <reporter-output>
          </reporter-output>
        </test-method> <!-- clickSaveButton -->
        <test-method status="PASS" signature="beginTest(java.lang.reflect.Method)[pri:0, instance:com.mobicom.tests.AddCurateEventTest@12cdcf4]" name="beginTest" is-config="true" duration-ms="0" started-at="2018-07-18T05:47:43Z" finished-at="2018-07-18T05:47:43Z">
          <params>
            <param index="0">
              <value>
                <![CDATA[public void com.mobicom.tests.AddCurateEventTest.clickSaveButton()]]>
              </value>
            </param>
          </params>
          <reporter-output>
          </reporter-output>
        </test-method> <!-- beginTest -->
        <test-method status="PASS" signature="exportReports(org.testng.ITestResult)[pri:0, instance:com.mobicom.tests.AddCurateEventTest@12cdcf4]" name="exportReports" is-config="true" duration-ms="1" started-at="2018-07-18T05:47:44Z" finished-at="2018-07-18T05:47:44Z">
          <params>
            <param index="0">
              <value>
                <![CDATA[[TestResult name=clickSaveButton status=SUCCESS method=AddCurateEventTest.clickSaveButton()[pri:161, instance:com.mobicom.tests.AddCurateEventTest@12cdcf4] output={null}]]]>
              </value>
            </param>
          </params>
          <reporter-output>
          </reporter-output>
        </test-method> <!-- exportReports -->
        <test-method status="PASS" signature="modifyEvent()[pri:162, instance:com.mobicom.tests.AddCurateEventTest@12cdcf4]" name="modifyEvent" duration-ms="999" started-at="2018-07-18T05:47:44Z" finished-at="2018-07-18T05:47:45Z">
          <reporter-output>
          </reporter-output>
        </test-method> <!-- modifyEvent -->
        <test-method status="PASS" signature="beginTest(java.lang.reflect.Method)[pri:0, instance:com.mobicom.tests.AddCurateEventTest@12cdcf4]" name="beginTest" is-config="true" duration-ms="0" started-at="2018-07-18T05:47:44Z" finished-at="2018-07-18T05:47:44Z">
          <params>
            <param index="0">
              <value>
                <![CDATA[public void com.mobicom.tests.AddCurateEventTest.modifyEvent()]]>
              </value>
            </param>
          </params>
          <reporter-output>
          </reporter-output>
        </test-method> <!-- beginTest -->
        <test-method status="PASS" signature="exportReports(org.testng.ITestResult)[pri:0, instance:com.mobicom.tests.AddCurateEventTest@12cdcf4]" name="exportReports" is-config="true" duration-ms="0" started-at="2018-07-18T05:47:45Z" finished-at="2018-07-18T05:47:45Z">
          <params>
            <param index="0">
              <value>
                <![CDATA[[TestResult name=modifyEvent status=SUCCESS method=AddCurateEventTest.modifyEvent()[pri:162, instance:com.mobicom.tests.AddCurateEventTest@12cdcf4] output={null}]]]>
              </value>
            </param>
          </params>
          <reporter-output>
          </reporter-output>
        </test-method> <!-- exportReports -->
        <test-method status="PASS" signature="beginTest(java.lang.reflect.Method)[pri:0, instance:com.mobicom.tests.AddCurateEventTest@12cdcf4]" name="beginTest" is-config="true" duration-ms="1" started-at="2018-07-18T05:47:45Z" finished-at="2018-07-18T05:47:45Z">
          <params>
            <param index="0">
              <value>
                <![CDATA[public void com.mobicom.tests.AddCurateEventTest.clickPublishButton()]]>
              </value>
            </param>
          </params>
          <reporter-output>
          </reporter-output>
        </test-method> <!-- beginTest -->
        <test-method status="PASS" signature="clickPublishButton()[pri:163, instance:com.mobicom.tests.AddCurateEventTest@12cdcf4]" name="clickPublishButton" duration-ms="808" started-at="2018-07-18T05:47:45Z" finished-at="2018-07-18T05:47:45Z">
          <reporter-output>
          </reporter-output>
        </test-method> <!-- clickPublishButton -->
        <test-method status="PASS" signature="exportReports(org.testng.ITestResult)[pri:0, instance:com.mobicom.tests.AddCurateEventTest@12cdcf4]" name="exportReports" is-config="true" duration-ms="1" started-at="2018-07-18T05:47:45Z" finished-at="2018-07-18T05:47:45Z">
          <params>
            <param index="0">
              <value>
                <![CDATA[[TestResult name=clickPublishButton status=SUCCESS method=AddCurateEventTest.clickPublishButton()[pri:163, instance:com.mobicom.tests.AddCurateEventTest@12cdcf4] output={null}]]]>
              </value>
            </param>
          </params>
          <reporter-output>
          </reporter-output>
        </test-method> <!-- exportReports -->
        <test-method status="PASS" signature="beginTest(java.lang.reflect.Method)[pri:0, instance:com.mobicom.tests.AddCurateEventTest@12cdcf4]" name="beginTest" is-config="true" duration-ms="0" started-at="2018-07-18T05:47:45Z" finished-at="2018-07-18T05:47:45Z">
          <params>
            <param index="0">
              <value>
                <![CDATA[public void com.mobicom.tests.AddCurateEventTest.deleteCurateEvent() throws java.lang.InterruptedException]]>
              </value>
            </param>
          </params>
          <reporter-output>
          </reporter-output>
        </test-method> <!-- beginTest -->
        <test-method status="PASS" signature="deleteCurateEvent()[pri:164, instance:com.mobicom.tests.AddCurateEventTest@12cdcf4]" name="deleteCurateEvent" duration-ms="2314" started-at="2018-07-18T05:47:45Z" finished-at="2018-07-18T05:47:48Z">
          <reporter-output>
          </reporter-output>
        </test-method> <!-- deleteCurateEvent -->
        <test-method status="PASS" signature="exportReports(org.testng.ITestResult)[pri:0, instance:com.mobicom.tests.AddCurateEventTest@12cdcf4]" name="exportReports" is-config="true" duration-ms="0" started-at="2018-07-18T05:47:48Z" finished-at="2018-07-18T05:47:48Z">
          <params>
            <param index="0">
              <value>
                <![CDATA[[TestResult name=deleteCurateEvent status=SUCCESS method=AddCurateEventTest.deleteCurateEvent()[pri:164, instance:com.mobicom.tests.AddCurateEventTest@12cdcf4] output={null}]]]>
              </value>
            </param>
          </params>
          <reporter-output>
          </reporter-output>
        </test-method> <!-- exportReports -->
      </class> <!-- com.mobicom.tests.AddCurateEventTest -->
      <class name="com.mobicom.tests.ManageMembersTest">
        <test-method status="PASS" signature="beforeTheClass(java.lang.String)[pri:0, instance:com.mobicom.tests.ManageMembersTest@5f3a4b84]" name="beforeTheClass" is-config="true" duration-ms="11" started-at="2018-07-18T05:47:55Z" finished-at="2018-07-18T05:47:55Z">
          <params>
            <param index="0">
              <value>
                <![CDATA[Chrome on mac]]>
              </value>
            </param>
          </params>
          <reporter-output>
          </reporter-output>
        </test-method> <!-- beforeTheClass -->
        <test-method status="PASS" signature="beginTest(java.lang.reflect.Method)[pri:0, instance:com.mobicom.tests.ManageMembersTest@5f3a4b84]" name="beginTest" is-config="true" duration-ms="1" started-at="2018-07-18T05:47:55Z" finished-at="2018-07-18T05:47:55Z">
          <params>
            <param index="0">
              <value>
                <![CDATA[public void com.mobicom.tests.ManageMembersTest.clickManageMembersInMenu()]]>
              </value>
            </param>
          </params>
          <reporter-output>
          </reporter-output>
        </test-method> <!-- beginTest -->
        <test-method status="PASS" signature="clickManageMembersInMenu()[pri:250, instance:com.mobicom.tests.ManageMembersTest@5f3a4b84]" name="clickManageMembersInMenu" duration-ms="565" started-at="2018-07-18T05:47:55Z" finished-at="2018-07-18T05:47:56Z">
          <reporter-output>
          </reporter-output>
        </test-method> <!-- clickManageMembersInMenu -->
        <test-method status="PASS" signature="exportReports(org.testng.ITestResult)[pri:0, instance:com.mobicom.tests.ManageMembersTest@5f3a4b84]" name="exportReports" is-config="true" duration-ms="0" started-at="2018-07-18T05:47:56Z" finished-at="2018-07-18T05:47:56Z">
          <params>
            <param index="0">
              <value>
                <![CDATA[[TestResult name=clickManageMembersInMenu status=SUCCESS method=ManageMembersTest.clickManageMembersInMenu()[pri:250, instance:com.mobicom.tests.ManageMembersTest@5f3a4b84] output={null}]]]>
              </value>
            </param>
          </params>
          <reporter-output>
          </reporter-output>
        </test-method> <!-- exportReports -->
        <test-method status="PASS" signature="beginTest(java.lang.reflect.Method)[pri:0, instance:com.mobicom.tests.ManageMembersTest@5f3a4b84]" name="beginTest" is-config="true" duration-ms="0" started-at="2018-07-18T05:47:56Z" finished-at="2018-07-18T05:47:56Z">
          <params>
            <param index="0">
              <value>
                <![CDATA[public void com.mobicom.tests.ManageMembersTest.checkmanageMembersPageElements(org.openqa.selenium.By,java.lang.String)]]>
              </value>
            </param>
          </params>
          <reporter-output>
          </reporter-output>
        </test-method> <!-- beginTest -->
        <test-method status="PASS" signature="checkmanageMembersPageElements(org.openqa.selenium.By, java.lang.String)[pri:251, instance:com.mobicom.tests.ManageMembersTest@5f3a4b84]" name="checkmanageMembersPageElements" duration-ms="38" started-at="2018-07-18T05:47:56Z" data-provider="manageMembersPageElements" finished-at="2018-07-18T05:47:56Z">
          <params>
            <param index="0">
              <value>
                <![CDATA[By.xpath: //h3[text()='Member Listing']]]>
              </value>
            </param>
            <param index="1">
              <value>
                <![CDATA[Header not found]]>
              </value>
            </param>
          </params>
          <reporter-output>
          </reporter-output>
        </test-method> <!-- checkmanageMembersPageElements -->
        <test-method status="PASS" signature="exportReports(org.testng.ITestResult)[pri:0, instance:com.mobicom.tests.ManageMembersTest@5f3a4b84]" name="exportReports" is-config="true" duration-ms="0" started-at="2018-07-18T05:47:56Z" finished-at="2018-07-18T05:47:56Z">
          <params>
            <param index="0">
              <value>
                <![CDATA[[TestResult name=checkmanageMembersPageElements status=SUCCESS method=ManageMembersTest.checkmanageMembersPageElements(org.openqa.selenium.By, java.lang.String)[pri:251, instance:com.mobicom.tests.ManageMembersTest@5f3a4b84] output={null}]]]>
              </value>
            </param>
          </params>
          <reporter-output>
          </reporter-output>
        </test-method> <!-- exportReports -->
        <test-method status="PASS" signature="checkmanageMembersPageElements(org.openqa.selenium.By, java.lang.String)[pri:251, instance:com.mobicom.tests.ManageMembersTest@5f3a4b84]" name="checkmanageMembersPageElements" duration-ms="59" started-at="2018-07-18T05:47:56Z" data-provider="manageMembersPageElements" finished-at="2018-07-18T05:47:56Z">
          <params>
            <param index="0">
              <value>
                <![CDATA[By.id: invite-all]]>
              </value>
            </param>
            <param index="1">
              <value>
                <![CDATA[Send invitation button not found]]>
              </value>
            </param>
          </params>
          <reporter-output>
          </reporter-output>
        </test-method> <!-- checkmanageMembersPageElements -->
        <test-method status="PASS" signature="beginTest(java.lang.reflect.Method)[pri:0, instance:com.mobicom.tests.ManageMembersTest@5f3a4b84]" name="beginTest" is-config="true" duration-ms="0" started-at="2018-07-18T05:47:56Z" finished-at="2018-07-18T05:47:56Z">
          <params>
            <param index="0">
              <value>
                <![CDATA[public void com.mobicom.tests.ManageMembersTest.checkmanageMembersPageElements(org.openqa.selenium.By,java.lang.String)]]>
              </value>
            </param>
          </params>
          <reporter-output>
          </reporter-output>
        </test-method> <!-- beginTest -->
        <test-method status="PASS" signature="exportReports(org.testng.ITestResult)[pri:0, instance:com.mobicom.tests.ManageMembersTest@5f3a4b84]" name="exportReports" is-config="true" duration-ms="1" started-at="2018-07-18T05:47:56Z" finished-at="2018-07-18T05:47:56Z">
          <params>
            <param index="0">
              <value>
                <![CDATA[[TestResult name=checkmanageMembersPageElements status=SUCCESS method=ManageMembersTest.checkmanageMembersPageElements(org.openqa.selenium.By, java.lang.String)[pri:251, instance:com.mobicom.tests.ManageMembersTest@5f3a4b84] output={null}]]]>
              </value>
            </param>
          </params>
          <reporter-output>
          </reporter-output>
        </test-method> <!-- exportReports -->
        <test-method status="PASS" signature="beginTest(java.lang.reflect.Method)[pri:0, instance:com.mobicom.tests.ManageMembersTest@5f3a4b84]" name="beginTest" is-config="true" duration-ms="0" started-at="2018-07-18T05:47:56Z" finished-at="2018-07-18T05:47:56Z">
          <params>
            <param index="0">
              <value>
                <![CDATA[public void com.mobicom.tests.ManageMembersTest.checkmanageMembersPageElements(org.openqa.selenium.By,java.lang.String)]]>
              </value>
            </param>
          </params>
          <reporter-output>
          </reporter-output>
        </test-method> <!-- beginTest -->
        <test-method status="PASS" signature="checkmanageMembersPageElements(org.openqa.selenium.By, java.lang.String)[pri:251, instance:com.mobicom.tests.ManageMembersTest@5f3a4b84]" name="checkmanageMembersPageElements" duration-ms="62" started-at="2018-07-18T05:47:56Z" data-provider="manageMembersPageElements" finished-at="2018-07-18T05:47:56Z">
          <params>
            <param index="0">
              <value>
                <![CDATA[By.xpath: //button[@data-target='#myUpload']]]>
              </value>
            </param>
            <param index="1">
              <value>
                <![CDATA[Bulk upload button not found]]>
              </value>
            </param>
          </params>
          <reporter-output>
          </reporter-output>
        </test-method> <!-- checkmanageMembersPageElements -->
        <test-method status="PASS" signature="beginTest(java.lang.reflect.Method)[pri:0, instance:com.mobicom.tests.ManageMembersTest@5f3a4b84]" name="beginTest" is-config="true" duration-ms="1" started-at="2018-07-18T05:47:56Z" finished-at="2018-07-18T05:47:56Z">
          <params>
            <param index="0">
              <value>
                <![CDATA[public void com.mobicom.tests.ManageMembersTest.checkmanageMembersPageElements(org.openqa.selenium.By,java.lang.String)]]>
              </value>
            </param>
          </params>
          <reporter-output>
          </reporter-output>
        </test-method> <!-- beginTest -->
        <test-method status="PASS" signature="exportReports(org.testng.ITestResult)[pri:0, instance:com.mobicom.tests.ManageMembersTest@5f3a4b84]" name="exportReports" is-config="true" duration-ms="0" started-at="2018-07-18T05:47:56Z" finished-at="2018-07-18T05:47:56Z">
          <params>
            <param index="0">
              <value>
                <![CDATA[[TestResult name=checkmanageMembersPageElements status=SUCCESS method=ManageMembersTest.checkmanageMembersPageElements(org.openqa.selenium.By, java.lang.String)[pri:251, instance:com.mobicom.tests.ManageMembersTest@5f3a4b84] output={null}]]]>
              </value>
            </param>
          </params>
          <reporter-output>
          </reporter-output>
        </test-method> <!-- exportReports -->
        <test-method status="PASS" signature="checkmanageMembersPageElements(org.openqa.selenium.By, java.lang.String)[pri:251, instance:com.mobicom.tests.ManageMembersTest@5f3a4b84]" name="checkmanageMembersPageElements" duration-ms="58" started-at="2018-07-18T05:47:56Z" data-provider="manageMembersPageElements" finished-at="2018-07-18T05:47:56Z">
          <params>
            <param index="0">
              <value>
                <![CDATA[By.xpath: //th[text()='Sr.No.']]]>
              </value>
            </param>
            <param index="1">
              <value>
                <![CDATA[Serial number column not found]]>
              </value>
            </param>
          </params>
          <reporter-output>
          </reporter-output>
        </test-method> <!-- checkmanageMembersPageElements -->
        <test-method status="PASS" signature="beginTest(java.lang.reflect.Method)[pri:0, instance:com.mobicom.tests.ManageMembersTest@5f3a4b84]" name="beginTest" is-config="true" duration-ms="1" started-at="2018-07-18T05:47:56Z" finished-at="2018-07-18T05:47:56Z">
          <params>
            <param index="0">
              <value>
                <![CDATA[public void com.mobicom.tests.ManageMembersTest.checkmanageMembersPageElements(org.openqa.selenium.By,java.lang.String)]]>
              </value>
            </param>
          </params>
          <reporter-output>
          </reporter-output>
        </test-method> <!-- beginTest -->
        <test-method status="PASS" signature="exportReports(org.testng.ITestResult)[pri:0, instance:com.mobicom.tests.ManageMembersTest@5f3a4b84]" name="exportReports" is-config="true" duration-ms="0" started-at="2018-07-18T05:47:56Z" finished-at="2018-07-18T05:47:56Z">
          <params>
            <param index="0">
              <value>
                <![CDATA[[TestResult name=checkmanageMembersPageElements status=SUCCESS method=ManageMembersTest.checkmanageMembersPageElements(org.openqa.selenium.By, java.lang.String)[pri:251, instance:com.mobicom.tests.ManageMembersTest@5f3a4b84] output={null}]]]>
              </value>
            </param>
          </params>
          <reporter-output>
          </reporter-output>
        </test-method> <!-- exportReports -->
        <test-method status="PASS" signature="checkmanageMembersPageElements(org.openqa.selenium.By, java.lang.String)[pri:251, instance:com.mobicom.tests.ManageMembersTest@5f3a4b84]" name="checkmanageMembersPageElements" duration-ms="79" started-at="2018-07-18T05:47:56Z" data-provider="manageMembersPageElements" finished-at="2018-07-18T05:47:56Z">
          <params>
            <param index="0">
              <value>
                <![CDATA[By.xpath: //th[contains(text(),'Membership Number')]]]>
              </value>
            </param>
            <param index="1">
              <value>
                <![CDATA[Membership number column not found]]>
              </value>
            </param>
          </params>
          <reporter-output>
          </reporter-output>
        </test-method> <!-- checkmanageMembersPageElements -->
        <test-method status="PASS" signature="checkmanageMembersPageElements(org.openqa.selenium.By, java.lang.String)[pri:251, instance:com.mobicom.tests.ManageMembersTest@5f3a4b84]" name="checkmanageMembersPageElements" duration-ms="96" started-at="2018-07-18T05:47:56Z" data-provider="manageMembersPageElements" finished-at="2018-07-18T05:47:56Z">
          <params>
            <param index="0">
              <value>
                <![CDATA[By.xpath: //th[contains(text(),'Prefix')]]]>
              </value>
            </param>
            <param index="1">
              <value>
                <![CDATA[Prefix column not found]]>
              </value>
            </param>
          </params>
          <reporter-output>
          </reporter-output>
        </test-method> <!-- checkmanageMembersPageElements -->
        <test-method status="PASS" signature="exportReports(org.testng.ITestResult)[pri:0, instance:com.mobicom.tests.ManageMembersTest@5f3a4b84]" name="exportReports" is-config="true" duration-ms="0" started-at="2018-07-18T05:47:56Z" finished-at="2018-07-18T05:47:56Z">
          <params>
            <param index="0">
              <value>
                <![CDATA[[TestResult name=checkmanageMembersPageElements status=SUCCESS method=ManageMembersTest.checkmanageMembersPageElements(org.openqa.selenium.By, java.lang.String)[pri:251, instance:com.mobicom.tests.ManageMembersTest@5f3a4b84] output={null}]]]>
              </value>
            </param>
          </params>
          <reporter-output>
          </reporter-output>
        </test-method> <!-- exportReports -->
        <test-method status="PASS" signature="beginTest(java.lang.reflect.Method)[pri:0, instance:com.mobicom.tests.ManageMembersTest@5f3a4b84]" name="beginTest" is-config="true" duration-ms="0" started-at="2018-07-18T05:47:56Z" finished-at="2018-07-18T05:47:56Z">
          <params>
            <param index="0">
              <value>
                <![CDATA[public void com.mobicom.tests.ManageMembersTest.checkmanageMembersPageElements(org.openqa.selenium.By,java.lang.String)]]>
              </value>
            </param>
          </params>
          <reporter-output>
          </reporter-output>
        </test-method> <!-- beginTest -->
        <test-method status="PASS" signature="exportReports(org.testng.ITestResult)[pri:0, instance:com.mobicom.tests.ManageMembersTest@5f3a4b84]" name="exportReports" is-config="true" duration-ms="0" started-at="2018-07-18T05:47:56Z" finished-at="2018-07-18T05:47:56Z">
          <params>
            <param index="0">
              <value>
                <![CDATA[[TestResult name=checkmanageMembersPageElements status=SUCCESS method=ManageMembersTest.checkmanageMembersPageElements(org.openqa.selenium.By, java.lang.String)[pri:251, instance:com.mobicom.tests.ManageMembersTest@5f3a4b84] output={null}]]]>
              </value>
            </param>
          </params>
          <reporter-output>
          </reporter-output>
        </test-method> <!-- exportReports -->
        <test-method status="PASS" signature="beginTest(java.lang.reflect.Method)[pri:0, instance:com.mobicom.tests.ManageMembersTest@5f3a4b84]" name="beginTest" is-config="true" duration-ms="0" started-at="2018-07-18T05:47:56Z" finished-at="2018-07-18T05:47:56Z">
          <params>
            <param index="0">
              <value>
                <![CDATA[public void com.mobicom.tests.ManageMembersTest.checkmanageMembersPageElements(org.openqa.selenium.By,java.lang.String)]]>
              </value>
            </param>
          </params>
          <reporter-output>
          </reporter-output>
        </test-method> <!-- beginTest -->
        <test-method status="PASS" signature="checkmanageMembersPageElements(org.openqa.selenium.By, java.lang.String)[pri:251, instance:com.mobicom.tests.ManageMembersTest@5f3a4b84]" name="checkmanageMembersPageElements" duration-ms="58" started-at="2018-07-18T05:47:56Z" data-provider="manageMembersPageElements" finished-at="2018-07-18T05:47:56Z">
          <params>
            <param index="0">
              <value>
                <![CDATA[By.xpath: //th[contains(text(),'First Name')]]]>
              </value>
            </param>
            <param index="1">
              <value>
                <![CDATA[First name column not found]]>
              </value>
            </param>
          </params>
          <reporter-output>
          </reporter-output>
        </test-method> <!-- checkmanageMembersPageElements -->
        <test-method status="PASS" signature="checkmanageMembersPageElements(org.openqa.selenium.By, java.lang.String)[pri:251, instance:com.mobicom.tests.ManageMembersTest@5f3a4b84]" name="checkmanageMembersPageElements" duration-ms="70" started-at="2018-07-18T05:47:56Z" data-provider="manageMembersPageElements" finished-at="2018-07-18T05:47:56Z">
          <params>
            <param index="0">
              <value>
                <![CDATA[By.xpath: //th[contains(text(),'Last Name')]]]>
              </value>
            </param>
            <param index="1">
              <value>
                <![CDATA[Last name column not found]]>
              </value>
            </param>
          </params>
          <reporter-output>
          </reporter-output>
        </test-method> <!-- checkmanageMembersPageElements -->
        <test-method status="PASS" signature="beginTest(java.lang.reflect.Method)[pri:0, instance:com.mobicom.tests.ManageMembersTest@5f3a4b84]" name="beginTest" is-config="true" duration-ms="0" started-at="2018-07-18T05:47:56Z" finished-at="2018-07-18T05:47:56Z">
          <params>
            <param index="0">
              <value>
                <![CDATA[public void com.mobicom.tests.ManageMembersTest.checkmanageMembersPageElements(org.openqa.selenium.By,java.lang.String)]]>
              </value>
            </param>
          </params>
          <reporter-output>
          </reporter-output>
        </test-method> <!-- beginTest -->
        <test-method status="PASS" signature="exportReports(org.testng.ITestResult)[pri:0, instance:com.mobicom.tests.ManageMembersTest@5f3a4b84]" name="exportReports" is-config="true" duration-ms="0" started-at="2018-07-18T05:47:56Z" finished-at="2018-07-18T05:47:56Z">
          <params>
            <param index="0">
              <value>
                <![CDATA[[TestResult name=checkmanageMembersPageElements status=SUCCESS method=ManageMembersTest.checkmanageMembersPageElements(org.openqa.selenium.By, java.lang.String)[pri:251, instance:com.mobicom.tests.ManageMembersTest@5f3a4b84] output={null}]]]>
              </value>
            </param>
          </params>
          <reporter-output>
          </reporter-output>
        </test-method> <!-- exportReports -->
        <test-method status="PASS" signature="exportReports(org.testng.ITestResult)[pri:0, instance:com.mobicom.tests.ManageMembersTest@5f3a4b84]" name="exportReports" is-config="true" duration-ms="1" started-at="2018-07-18T05:47:56Z" finished-at="2018-07-18T05:47:56Z">
          <params>
            <param index="0">
              <value>
                <![CDATA[[TestResult name=checkmanageMembersPageElements status=SUCCESS method=ManageMembersTest.checkmanageMembersPageElements(org.openqa.selenium.By, java.lang.String)[pri:251, instance:com.mobicom.tests.ManageMembersTest@5f3a4b84] output={null}]]]>
              </value>
            </param>
          </params>
          <reporter-output>
          </reporter-output>
        </test-method> <!-- exportReports -->
        <test-method status="PASS" signature="checkmanageMembersPageElements(org.openqa.selenium.By, java.lang.String)[pri:251, instance:com.mobicom.tests.ManageMembersTest@5f3a4b84]" name="checkmanageMembersPageElements" duration-ms="62" started-at="2018-07-18T05:47:56Z" data-provider="manageMembersPageElements" finished-at="2018-07-18T05:47:56Z">
          <params>
            <param index="0">
              <value>
                <![CDATA[By.xpath: //th[contains(text(),'Email ID')]]]>
              </value>
            </param>
            <param index="1">
              <value>
                <![CDATA[Email id column not found]]>
              </value>
            </param>
          </params>
          <reporter-output>
          </reporter-output>
        </test-method> <!-- checkmanageMembersPageElements -->
        <test-method status="PASS" signature="beginTest(java.lang.reflect.Method)[pri:0, instance:com.mobicom.tests.ManageMembersTest@5f3a4b84]" name="beginTest" is-config="true" duration-ms="0" started-at="2018-07-18T05:47:56Z" finished-at="2018-07-18T05:47:56Z">
          <params>
            <param index="0">
              <value>
                <![CDATA[public void com.mobicom.tests.ManageMembersTest.checkmanageMembersPageElements(org.openqa.selenium.By,java.lang.String)]]>
              </value>
            </param>
          </params>
          <reporter-output>
          </reporter-output>
        </test-method> <!-- beginTest -->
        <test-method status="PASS" signature="beginTest(java.lang.reflect.Method)[pri:0, instance:com.mobicom.tests.ManageMembersTest@5f3a4b84]" name="beginTest" is-config="true" duration-ms="0" started-at="2018-07-18T05:47:56Z" finished-at="2018-07-18T05:47:56Z">
          <params>
            <param index="0">
              <value>
                <![CDATA[public void com.mobicom.tests.ManageMembersTest.checkmanageMembersPageElements(org.openqa.selenium.By,java.lang.String)]]>
              </value>
            </param>
          </params>
          <reporter-output>
          </reporter-output>
        </test-method> <!-- beginTest -->
        <test-method status="PASS" signature="checkmanageMembersPageElements(org.openqa.selenium.By, java.lang.String)[pri:251, instance:com.mobicom.tests.ManageMembersTest@5f3a4b84]" name="checkmanageMembersPageElements" duration-ms="60" started-at="2018-07-18T05:47:56Z" data-provider="manageMembersPageElements" finished-at="2018-07-18T05:47:56Z">
          <params>
            <param index="0">
              <value>
                <![CDATA[By.xpath: //th[contains(text(),'Registered?')]]]>
              </value>
            </param>
            <param index="1">
              <value>
                <![CDATA[Registered column not found]]>
              </value>
            </param>
          </params>
          <reporter-output>
          </reporter-output>
        </test-method> <!-- checkmanageMembersPageElements -->
        <test-method status="PASS" signature="exportReports(org.testng.ITestResult)[pri:0, instance:com.mobicom.tests.ManageMembersTest@5f3a4b84]" name="exportReports" is-config="true" duration-ms="0" started-at="2018-07-18T05:47:56Z" finished-at="2018-07-18T05:47:56Z">
          <params>
            <param index="0">
              <value>
                <![CDATA[[TestResult name=checkmanageMembersPageElements status=SUCCESS method=ManageMembersTest.checkmanageMembersPageElements(org.openqa.selenium.By, java.lang.String)[pri:251, instance:com.mobicom.tests.ManageMembersTest@5f3a4b84] output={null}]]]>
              </value>
            </param>
          </params>
          <reporter-output>
          </reporter-output>
        </test-method> <!-- exportReports -->
        <test-method status="PASS" signature="exportReports(org.testng.ITestResult)[pri:0, instance:com.mobicom.tests.ManageMembersTest@5f3a4b84]" name="exportReports" is-config="true" duration-ms="0" started-at="2018-07-18T05:47:56Z" finished-at="2018-07-18T05:47:56Z">
          <params>
            <param index="0">
              <value>
                <![CDATA[[TestResult name=checkmanageMembersPageElements status=SUCCESS method=ManageMembersTest.checkmanageMembersPageElements(org.openqa.selenium.By, java.lang.String)[pri:251, instance:com.mobicom.tests.ManageMembersTest@5f3a4b84] output={null}]]]>
              </value>
            </param>
          </params>
          <reporter-output>
          </reporter-output>
        </test-method> <!-- exportReports -->
      </class> <!-- com.mobicom.tests.ManageMembersTest -->
      <class name="com.mobicom.tests.ClubProfileTest">
        <test-method status="PASS" signature="beforeTheClass(java.lang.String)[pri:0, instance:com.mobicom.tests.ClubProfileTest@5bfbf16f]" name="beforeTheClass" is-config="true" duration-ms="2" started-at="2018-07-18T05:47:19Z" finished-at="2018-07-18T05:47:19Z">
          <params>
            <param index="0">
              <value>
                <![CDATA[Chrome on mac]]>
              </value>
            </param>
          </params>
          <reporter-output>
          </reporter-output>
        </test-method> <!-- beforeTheClass -->
        <test-method status="PASS" signature="clickDashboardInMenu()[pri:51, instance:com.mobicom.tests.ClubProfileTest@5bfbf16f]" name="clickDashboardInMenu" duration-ms="146" started-at="2018-07-18T05:47:19Z" finished-at="2018-07-18T05:47:20Z">
          <reporter-output>
          </reporter-output>
        </test-method> <!-- clickDashboardInMenu -->
        <test-method status="PASS" signature="beginTest(java.lang.reflect.Method)[pri:0, instance:com.mobicom.tests.ClubProfileTest@5bfbf16f]" name="beginTest" is-config="true" duration-ms="0" started-at="2018-07-18T05:47:19Z" finished-at="2018-07-18T05:47:19Z">
          <params>
            <param index="0">
              <value>
                <![CDATA[public void com.mobicom.tests.ClubProfileTest.clickDashboardInMenu()]]>
              </value>
            </param>
          </params>
          <reporter-output>
          </reporter-output>
        </test-method> <!-- beginTest -->
        <test-method status="PASS" signature="exportReports(org.testng.ITestResult)[pri:0, instance:com.mobicom.tests.ClubProfileTest@5bfbf16f]" name="exportReports" is-config="true" duration-ms="1" started-at="2018-07-18T05:47:20Z" finished-at="2018-07-18T05:47:20Z">
          <params>
            <param index="0">
              <value>
                <![CDATA[[TestResult name=clickDashboardInMenu status=SUCCESS method=ClubProfileTest.clickDashboardInMenu()[pri:51, instance:com.mobicom.tests.ClubProfileTest@5bfbf16f] output={null}]]]>
              </value>
            </param>
          </params>
          <reporter-output>
          </reporter-output>
        </test-method> <!-- exportReports -->
        <test-method status="PASS" signature="beginTest(java.lang.reflect.Method)[pri:0, instance:com.mobicom.tests.ClubProfileTest@5bfbf16f]" name="beginTest" is-config="true" duration-ms="0" started-at="2018-07-18T05:47:20Z" finished-at="2018-07-18T05:47:20Z">
          <params>
            <param index="0">
              <value>
                <![CDATA[public void com.mobicom.tests.ClubProfileTest.clickClubProfileInMenu() throws java.lang.InterruptedException]]>
              </value>
            </param>
          </params>
          <reporter-output>
          </reporter-output>
        </test-method> <!-- beginTest -->
[...]
          <params>
            <param index="0">
              <value>
                <![CDATA[[TestResult name=clickRedToggle status=SUCCESS method=MemberAccessTest.clickRedToggle()[pri:215, instance:com.mobicom.tests.MemberAccessTest@5bcea91b] output={null}]]]>
              </value>
            </param>
          </params>
          <reporter-output>
          </reporter-output>
        </test-method> <!-- exportReports -->
        <test-method status="PASS" signature="verifyAllowMemberAccessPageElements(org.openqa.selenium.By, java.lang.String)[pri:216, instance:com.mobicom.tests.MemberAccessTest@5bcea91b]" name="verifyAllowMemberAccessPageElements" duration-ms="72" started-at="2018-07-18T05:47:54Z" data-provider="allowAccessPageElements" finished-at="2018-07-18T05:47:54Z">
          <params>
            <param index="0">
              <value>
                <![CDATA[By.xpath: //div[text()='Club Domino']]]>
              </value>
            </param>
            <param index="1">
              <value>
                <![CDATA[Header not found]]>
              </value>
            </param>
          </params>
          <reporter-output>
          </reporter-output>
        </test-method> <!-- verifyAllowMemberAccessPageElements -->
        <test-method status="PASS" signature="beginTest(java.lang.reflect.Method)[pri:0, instance:com.mobicom.tests.MemberAccessTest@5bcea91b]" name="beginTest" is-config="true" duration-ms="0" started-at="2018-07-18T05:47:54Z" finished-at="2018-07-18T05:47:54Z">
          <params>
            <param index="0">
              <value>
                <![CDATA[public void com.mobicom.tests.MemberAccessTest.verifyAllowMemberAccessPageElements(org.openqa.selenium.By,java.lang.String)]]>
              </value>
            </param>
          </params>
          <reporter-output>
          </reporter-output>
        </test-method> <!-- beginTest -->
        <test-method status="PASS" signature="exportReports(org.testng.ITestResult)[pri:0, instance:com.mobicom.tests.MemberAccessTest@5bcea91b]" name="exportReports" is-config="true" duration-ms="1" started-at="2018-07-18T05:47:54Z" finished-at="2018-07-18T05:47:54Z">
          <params>
            <param index="0">
              <value>
                <![CDATA[[TestResult name=verifyAllowMemberAccessPageElements status=SUCCESS method=MemberAccessTest.verifyAllowMemberAccessPageElements(org.openqa.selenium.By, java.lang.String)[pri:216, instance:com.mobicom.tests.MemberAccessTest@5bcea91b] output={null}]]]>
              </value>
            </param>
          </params>
          <reporter-output>
          </reporter-output>
        </test-method> <!-- exportReports -->
        <test-method status="PASS" signature="beginTest(java.lang.reflect.Method)[pri:0, instance:com.mobicom.tests.MemberAccessTest@5bcea91b]" name="beginTest" is-config="true" duration-ms="0" started-at="2018-07-18T05:47:54Z" finished-at="2018-07-18T05:47:54Z">
          <params>
            <param index="0">
              <value>
                <![CDATA[public void com.mobicom.tests.MemberAccessTest.verifyAllowMemberAccessPageElements(org.openqa.selenium.By,java.lang.String)]]>
              </value>
            </param>
          </params>
          <reporter-output>
          </reporter-output>
        </test-method> <!-- beginTest -->
        <test-method status="PASS" signature="verifyAllowMemberAccessPageElements(org.openqa.selenium.By, java.lang.String)[pri:216, instance:com.mobicom.tests.MemberAccessTest@5bcea91b]" name="verifyAllowMemberAccessPageElements" duration-ms="54" started-at="2018-07-18T05:47:54Z" data-provider="allowAccessPageElements" finished-at="2018-07-18T05:47:54Z">
          <params>
            <param index="0">
              <value>
                <![CDATA[By.xpath: //a[text()='ABOUT CLUB']]]>
              </value>
            </param>
            <param index="1">
              <value>
                <![CDATA[aboutClubTab not found]]>
              </value>
            </param>
          </params>
          <reporter-output>
          </reporter-output>
        </test-method> <!-- verifyAllowMemberAccessPageElements -->
        <test-method status="PASS" signature="exportReports(org.testng.ITestResult)[pri:0, instance:com.mobicom.tests.MemberAccessTest@5bcea91b]" name="exportReports" is-config="true" duration-ms="0" started-at="2018-07-18T05:47:54Z" finished-at="2018-07-18T05:47:54Z">
          <params>
            <param index="0">
              <value>
                <![CDATA[[TestResult name=verifyAllowMemberAccessPageElements status=SUCCESS method=MemberAccessTest.verifyAllowMemberAccessPageElements(org.openqa.selenium.By, java.lang.String)[pri:216, instance:com.mobicom.tests.MemberAccessTest@5bcea91b] output={null}]]]>
              </value>
            </param>
          </params>
          <reporter-output>
          </reporter-output>
        </test-method> <!-- exportReports -->
        <test-method status="PASS" signature="beginTest(java.lang.reflect.Method)[pri:0, instance:com.mobicom.tests.MemberAccessTest@5bcea91b]" name="beginTest" is-config="true" duration-ms="0" started-at="2018-07-18T05:47:54Z" finished-at="2018-07-18T05:47:54Z">
          <params>
            <param index="0">
              <value>
                <![CDATA[public void com.mobicom.tests.MemberAccessTest.verifyAllowMemberAccessPageElements(org.openqa.selenium.By,java.lang.String)]]>
              </value>
            </param>
          </params>
          <reporter-output>
          </reporter-output>
        </test-method> <!-- beginTest -->
        <test-method status="PASS" signature="verifyAllowMemberAccessPageElements(org.openqa.selenium.By, java.lang.String)[pri:216, instance:com.mobicom.tests.MemberAccessTest@5bcea91b]" name="verifyAllowMemberAccessPageElements" duration-ms="47" started-at="2018-07-18T05:47:54Z" data-provider="allowAccessPageElements" finished-at="2018-07-18T05:47:54Z">
          <params>
            <param index="0">
              <value>
                <![CDATA[By.xpath: //a[text()='FACILITIES']]]>
              </value>
            </param>
            <param index="1">
              <value>
                <![CDATA[facilitiesTab not found]]>
              </value>
            </param>
          </params>
          <reporter-output>
          </reporter-output>
        </test-method> <!-- verifyAllowMemberAccessPageElements -->
        <test-method status="PASS" signature="exportReports(org.testng.ITestResult)[pri:0, instance:com.mobicom.tests.MemberAccessTest@5bcea91b]" name="exportReports" is-config="true" duration-ms="1" started-at="2018-07-18T05:47:54Z" finished-at="2018-07-18T05:47:54Z">
          <params>
            <param index="0">
              <value>
                <![CDATA[[TestResult name=verifyAllowMemberAccessPageElements status=SUCCESS method=MemberAccessTest.verifyAllowMemberAccessPageElements(org.openqa.selenium.By, java.lang.String)[pri:216, instance:com.mobicom.tests.MemberAccessTest@5bcea91b] output={null}]]]>
              </value>
            </param>
          </params>
          <reporter-output>
          </reporter-output>
        </test-method> <!-- exportReports -->
        <test-method status="PASS" signature="beginTest(java.lang.reflect.Method)[pri:0, instance:com.mobicom.tests.MemberAccessTest@5bcea91b]" name="beginTest" is-config="true" duration-ms="0" started-at="2018-07-18T05:47:54Z" finished-at="2018-07-18T05:47:54Z">
          <params>
            <param index="0">
              <value>
                <![CDATA[public void com.mobicom.tests.MemberAccessTest.verifyAllowMemberAccessPageElements(org.openqa.selenium.By,java.lang.String)]]>
              </value>
            </param>
          </params>
          <reporter-output>
          </reporter-output>
        </test-method> <!-- beginTest -->
        <test-method status="PASS" signature="verifyAllowMemberAccessPageElements(org.openqa.selenium.By, java.lang.String)[pri:216, instance:com.mobicom.tests.MemberAccessTest@5bcea91b]" name="verifyAllowMemberAccessPageElements" duration-ms="50" started-at="2018-07-18T05:47:54Z" data-provider="allowAccessPageElements" finished-at="2018-07-18T05:47:54Z">
          <params>
            <param index="0">
              <value>
                <![CDATA[By.xpath: //span[text()='More Information']]]>
              </value>
            </param>
            <param index="1">
              <value>
                <![CDATA[moreInfo button found]]>
              </value>
            </param>
          </params>
          <reporter-output>
          </reporter-output>
        </test-method> <!-- verifyAllowMemberAccessPageElements -->
        <test-method status="PASS" signature="verifyAllowMemberAccessPageElements(org.openqa.selenium.By, java.lang.String)[pri:216, instance:com.mobicom.tests.MemberAccessTest@5bcea91b]" name="verifyAllowMemberAccessPageElements" duration-ms="48" started-at="2018-07-18T05:47:54Z" data-provider="allowAccessPageElements" finished-at="2018-07-18T05:47:54Z">
          <params>
            <param index="0">
              <value>
                <![CDATA[By.xpath: //div[@class='modal-title']/../button[@class='close' and text()='×']]]>
              </value>
            </param>
            <param index="1">
              <value>
                <![CDATA[closeButton not found]]>
              </value>
            </param>
          </params>
          <reporter-output>
          </reporter-output>
        </test-method> <!-- verifyAllowMemberAccessPageElements -->
        <test-method status="PASS" signature="exportReports(org.testng.ITestResult)[pri:0, instance:com.mobicom.tests.MemberAccessTest@5bcea91b]" name="exportReports" is-config="true" duration-ms="0" started-at="2018-07-18T05:47:54Z" finished-at="2018-07-18T05:47:54Z">
          <params>
            <param index="0">
              <value>
                <![CDATA[[TestResult name=verifyAllowMemberAccessPageElements status=SUCCESS method=MemberAccessTest.verifyAllowMemberAccessPageElements(org.openqa.selenium.By, java.lang.String)[pri:216, instance:com.mobicom.tests.MemberAccessTest@5bcea91b] output={null}]]]>
              </value>
            </param>
          </params>
          <reporter-output>
          </reporter-output>
        </test-method> <!-- exportReports -->
        <test-method status="PASS" signature="beginTest(java.lang.reflect.Method)[pri:0, instance:com.mobicom.tests.MemberAccessTest@5bcea91b]" name="beginTest" is-config="true" duration-ms="0" started-at="2018-07-18T05:47:54Z" finished-at="2018-07-18T05:47:54Z">
          <params>
            <param index="0">
              <value>
                <![CDATA[public void com.mobicom.tests.MemberAccessTest.verifyAllowMemberAccessPageElements(org.openqa.selenium.By,java.lang.String)]]>
              </value>
            </param>
          </params>
          <reporter-output>
          </reporter-output>
        </test-method> <!-- beginTest -->
        <test-method status="PASS" signature="exportReports(org.testng.ITestResult)[pri:0, instance:com.mobicom.tests.MemberAccessTest@5bcea91b]" name="exportReports" is-config="true" duration-ms="0" started-at="2018-07-18T05:47:54Z" finished-at="2018-07-18T05:47:54Z">
          <params>
            <param index="0">
              <value>
                <![CDATA[[TestResult name=verifyAllowMemberAccessPageElements status=SUCCESS method=MemberAccessTest.verifyAllowMemberAccessPageElements(org.openqa.selenium.By, java.lang.String)[pri:216, instance:com.mobicom.tests.MemberAccessTest@5bcea91b] output={null}]]]>
              </value>
            </param>
          </params>
          <reporter-output>
          </reporter-output>
        </test-method> <!-- exportReports -->
        <test-method status="PASS" signature="verifyAllowMemberAccessPageElements(org.openqa.selenium.By, java.lang.String)[pri:216, instance:com.mobicom.tests.MemberAccessTest@5bcea91b]" name="verifyAllowMemberAccessPageElements" duration-ms="84" started-at="2018-07-18T05:47:54Z" data-provider="allowAccessPageElements" finished-at="2018-07-18T05:47:54Z">
          <params>
            <param index="0">
              <value>
                <![CDATA[By.id: nextTab]]>
              </value>
            </param>
            <param index="1">
              <value>
                <![CDATA[nextButton not found]]>
              </value>
            </param>
          </params>
          <reporter-output>
          </reporter-output>
        </test-method> <!-- verifyAllowMemberAccessPageElements -->
        <test-method status="PASS" signature="beginTest(java.lang.reflect.Method)[pri:0, instance:com.mobicom.tests.MemberAccessTest@5bcea91b]" name="beginTest" is-config="true" duration-ms="0" started-at="2018-07-18T05:47:54Z" finished-at="2018-07-18T05:47:54Z">
          <params>
            <param index="0">
              <value>
                <![CDATA[public void com.mobicom.tests.MemberAccessTest.verifyAllowMemberAccessPageElements(org.openqa.selenium.By,java.lang.String)]]>
              </value>
            </param>
          </params>
          <reporter-output>
          </reporter-output>
        </test-method> <!-- beginTest -->
        <test-method status="PASS" signature="exportReports(org.testng.ITestResult)[pri:0, instance:com.mobicom.tests.MemberAccessTest@5bcea91b]" name="exportReports" is-config="true" duration-ms="0" started-at="2018-07-18T05:47:54Z" finished-at="2018-07-18T05:47:54Z">
          <params>
            <param index="0">
              <value>
                <![CDATA[[TestResult name=verifyAllowMemberAccessPageElements status=SUCCESS method=MemberAccessTest.verifyAllowMemberAccessPageElements(org.openqa.selenium.By, java.lang.String)[pri:216, instance:com.mobicom.tests.MemberAccessTest@5bcea91b] output={null}]]]>
              </value>
            </param>
          </params>
          <reporter-output>
          </reporter-output>
        </test-method> <!-- exportReports -->
        <test-method status="PASS" signature="beginTest(java.lang.reflect.Method)[pri:0, instance:com.mobicom.tests.MemberAccessTest@5bcea91b]" name="beginTest" is-config="true" duration-ms="1" started-at="2018-07-18T05:47:54Z" finished-at="2018-07-18T05:47:54Z">
          <params>
            <param index="0">
              <value>
                <![CDATA[public void com.mobicom.tests.MemberAccessTest.verifyAllowMemberAccessPageElements(org.openqa.selenium.By,java.lang.String)]]>
              </value>
            </param>
          </params>
          <reporter-output>
          </reporter-output>
        </test-method> <!-- beginTest -->
        <test-method status="PASS" signature="verifyAllowMemberAccessPageElements(org.openqa.selenium.By, java.lang.String)[pri:216, instance:com.mobicom.tests.MemberAccessTest@5bcea91b]" name="verifyAllowMemberAccessPageElements" duration-ms="48" started-at="2018-07-18T05:47:54Z" data-provider="allowAccessPageElements" finished-at="2018-07-18T05:47:54Z">
          <params>
            <param index="0">
              <value>
                <![CDATA[By.xpath: //h4[text()='ABOUT US']]]>
              </value>
            </param>
            <param index="1">
              <value>
                <![CDATA[aboutUs section not found]]>
              </value>
            </param>
          </params>
          <reporter-output>
          </reporter-output>
        </test-method> <!-- verifyAllowMemberAccessPageElements -->
        <test-method status="PASS" signature="exportReports(org.testng.ITestResult)[pri:0, instance:com.mobicom.tests.MemberAccessTest@5bcea91b]" name="exportReports" is-config="true" duration-ms="0" started-at="2018-07-18T05:47:54Z" finished-at="2018-07-18T05:47:54Z">
          <params>
            <param index="0">
              <value>
                <![CDATA[[TestResult name=verifyAllowMemberAccessPageElements status=SUCCESS method=MemberAccessTest.verifyAllowMemberAccessPageElements(org.openqa.selenium.By, java.lang.String)[pri:216, instance:com.mobicom.tests.MemberAccessTest@5bcea91b] output={null}]]]>
              </value>
            </param>
          </params>
          <reporter-output>
          </reporter-output>
        </test-method> <!-- exportReports -->
        <test-method status="PASS" signature="beginTest(java.lang.reflect.Method)[pri:0, instance:com.mobicom.tests.MemberAccessTest@5bcea91b]" name="beginTest" is-config="true" duration-ms="0" started-at="2018-07-18T05:47:54Z" finished-at="2018-07-18T05:47:54Z">
          <params>
            <param index="0">
              <value>
                <![CDATA[public void com.mobicom.tests.MemberAccessTest.clickNextButtonInRemoveAccess()]]>
              </value>
            </param>
          </params>
          <reporter-output>
          </reporter-output>
        </test-method> <!-- beginTest -->
        <test-method status="PASS" signature="clickNextButtonInRemoveAccess()[pri:217, instance:com.mobicom.tests.MemberAccessTest@5bcea91b]" name="clickNextButtonInRemoveAccess" duration-ms="154" started-at="2018-07-18T05:47:54Z" finished-at="2018-07-18T05:47:54Z">
          <reporter-output>
          </reporter-output>
        </test-method> <!-- clickNextButtonInRemoveAccess -->
        <test-method status="PASS" signature="exportReports(org.testng.ITestResult)[pri:0, instance:com.mobicom.tests.MemberAccessTest@5bcea91b]" name="exportReports" is-config="true" duration-ms="0" started-at="2018-07-18T05:47:54Z" finished-at="2018-07-18T05:47:54Z">
          <params>
            <param index="0">
              <value>
                <![CDATA[[TestResult name=clickNextButtonInRemoveAccess status=SUCCESS method=MemberAccessTest.clickNextButtonInRemoveAccess()[pri:217, instance:com.mobicom.tests.MemberAccessTest@5bcea91b] output={null}]]]>
              </value>
            </param>
          </params>
          <reporter-output>
          </reporter-output>
        </test-method> <!-- exportReports -->
        <test-method status="PASS" signature="clickAcceptingRequestsButton()[pri:218, instance:com.mobicom.tests.MemberAccessTest@5bcea91b]" name="clickAcceptingRequestsButton" duration-ms="658" started-at="2018-07-18T05:47:54Z" finished-at="2018-07-18T05:47:55Z">
          <reporter-output>
          </reporter-output>
        </test-method> <!-- clickAcceptingRequestsButton -->
        <test-method status="PASS" signature="beginTest(java.lang.reflect.Method)[pri:0, instance:com.mobicom.tests.MemberAccessTest@5bcea91b]" name="beginTest" is-config="true" duration-ms="0" started-at="2018-07-18T05:47:54Z" finished-at="2018-07-18T05:47:54Z">
          <params>
            <param index="0">
              <value>
                <![CDATA[public void com.mobicom.tests.MemberAccessTest.clickAcceptingRequestsButton()]]>
              </value>
            </param>
          </params>
          <reporter-output>
          </reporter-output>
        </test-method> <!-- beginTest -->
        <test-method status="PASS" signature="exportReports(org.testng.ITestResult)[pri:0, instance:com.mobicom.tests.MemberAccessTest@5bcea91b]" name="exportReports" is-config="true" duration-ms="0" started-at="2018-07-18T05:47:55Z" finished-at="2018-07-18T05:47:55Z">
          <params>
            <param index="0">
              <value>
                <![CDATA[[TestResult name=clickAcceptingRequestsButton status=SUCCESS method=MemberAccessTest.clickAcceptingRequestsButton()[pri:218, instance:com.mobicom.tests.MemberAccessTest@5bcea91b] output={null}]]]>
              </value>
            </param>
          </params>
          <reporter-output>
          </reporter-output>
        </test-method> <!-- exportReports -->
      </class> <!-- com.mobicom.tests.MemberAccessTest -->
    </test> <!-- Chrome on mac -->
  </suite> <!-- Suite -->
</testng-results>
