<?xml version="1.0" encoding="UTF-8"?>
<testng-results skipped="0" failed="0" ignored="0" total="32" passed="32">
  <reporter-output>
  </reporter-output>
  <suite name="Suite" duration-ms="12672" started-at="2018-05-31T12:38:33Z" finished-at="2018-05-31T12:38:45Z">
    <groups>
    </groups>
    <test name="Chrome on mac" duration-ms="12672" started-at="2018-05-31T12:38:33Z" finished-at="2018-05-31T12:38:45Z">
      <class name="com.mobicom.tests.LoginTest">
        <test-method status="PASS" signature="beforeTheClass(java.lang.String)[pri:0, instance:com.mobicom.tests.LoginTest@7a187f14]" name="beforeTheClass" is-config="true" duration-ms="2751" started-at="2018-05-31T12:38:33Z" finished-at="2018-05-31T12:38:36Z">
          <params>
            <param index="0">
              <value>
                <![CDATA[Chrome on mac]]>
              </value>
            </param>
          </params>
          <reporter-output>
          </reporter-output>
        </test-method> <!-- beforeTheClass -->
        <test-method status="PASS" signature="beginTest(java.lang.reflect.Method)[pri:0, instance:com.mobicom.tests.LoginTest@7a187f14]" name="beginTest" is-config="true" duration-ms="6" started-at="2018-05-31T12:38:36Z" finished-at="2018-05-31T12:38:36Z">
          <params>
            <param index="0">
              <value>
                <![CDATA[public void com.mobicom.tests.LoginTest.testLoginPageElements(org.openqa.selenium.By,java.lang.String)]]>
              </value>
            </param>
          </params>
          <reporter-output>
          </reporter-output>
        </test-method> <!-- beginTest -->
        <test-method status="PASS" signature="testLoginPageElements(org.openqa.selenium.By, java.lang.String)[pri:1, instance:com.mobicom.tests.LoginTest@7a187f14]" name="testLoginPageElements" duration-ms="82" started-at="2018-05-31T12:38:36Z" data-provider="loginPageElements" finished-at="2018-05-31T12:38:36Z">
          <params>
            <param index="0">
              <value>
                <![CDATA[By.xpath: //input[@name='username']]]>
              </value>
            </param>
            <param index="1">
              <value>
                <![CDATA[Username field not found]]>
              </value>
            </param>
          </params>
          <reporter-output>
          </reporter-output>
        </test-method> <!-- testLoginPageElements -->
        <test-method status="PASS" signature="exportReports(org.testng.ITestResult)[pri:0, instance:com.mobicom.tests.LoginTest@7a187f14]" name="exportReports" is-config="true" duration-ms="7" started-at="2018-05-31T12:38:36Z" finished-at="2018-05-31T12:38:36Z">
          <params>
            <param index="0">
              <value>
                <![CDATA[[TestResult name=testLoginPageElements status=SUCCESS method=LoginTest.testLoginPageElements(org.openqa.selenium.By, java.lang.String)[pri:1, instance:com.mobicom.tests.LoginTest@7a187f14] output={null}]]]>
              </value>
            </param>
          </params>
          <reporter-output>
          </reporter-output>
        </test-method> <!-- exportReports -->
        <test-method status="PASS" signature="testLoginPageElements(org.openqa.selenium.By, java.lang.String)[pri:1, instance:com.mobicom.tests.LoginTest@7a187f14]" name="testLoginPageElements" duration-ms="69" started-at="2018-05-31T12:38:36Z" data-provider="loginPageElements" finished-at="2018-05-31T12:38:36Z">
          <params>
            <param index="0">
              <value>
                <![CDATA[By.xpath: //input[@name='password']]]>
              </value>
            </param>
            <param index="1">
              <value>
                <![CDATA[Password field not found]]>
              </value>
            </param>
          </params>
          <reporter-output>
          </reporter-output>
        </test-method> <!-- testLoginPageElements -->
        <test-method status="PASS" signature="beginTest(java.lang.reflect.Method)[pri:0, instance:com.mobicom.tests.LoginTest@7a187f14]" name="beginTest" is-config="true" duration-ms="0" started-at="2018-05-31T12:38:36Z" finished-at="2018-05-31T12:38:36Z">
          <params>
            <param index="0">
              <value>
                <![CDATA[public void com.mobicom.tests.LoginTest.testLoginPageElements(org.openqa.selenium.By,java.lang.String)]]>
              </value>
            </param>
          </params>
          <reporter-output>
          </reporter-output>
        </test-method> <!-- beginTest -->
        <test-method status="PASS" signature="exportReports(org.testng.ITestResult)[pri:0, instance:com.mobicom.tests.LoginTest@7a187f14]" name="exportReports" is-config="true" duration-ms="0" started-at="2018-05-31T12:38:36Z" finished-at="2018-05-31T12:38:36Z">
          <params>
            <param index="0">
              <value>
                <![CDATA[[TestResult name=testLoginPageElements status=SUCCESS method=LoginTest.testLoginPageElements(org.openqa.selenium.By, java.lang.String)[pri:1, instance:com.mobicom.tests.LoginTest@7a187f14] output={null}]]]>
              </value>
            </param>
          </params>
          <reporter-output>
          </reporter-output>
        </test-method> <!-- exportReports -->
        <test-method status="PASS" signature="beginTest(java.lang.reflect.Method)[pri:0, instance:com.mobicom.tests.LoginTest@7a187f14]" name="beginTest" is-config="true" duration-ms="0" started-at="2018-05-31T12:38:36Z" finished-at="2018-05-31T12:38:36Z">
          <params>
            <param index="0">
              <value>
                <![CDATA[public void com.mobicom.tests.LoginTest.testLoginPageElements(org.openqa.selenium.By,java.lang.String)]]>
              </value>
            </param>
          </params>
          <reporter-output>
          </reporter-output>
        </test-method> <!-- beginTest -->
        <test-method status="PASS" signature="testLoginPageElements(org.openqa.selenium.By, java.lang.String)[pri:1, instance:com.mobicom.tests.LoginTest@7a187f14]" name="testLoginPageElements" duration-ms="72" started-at="2018-05-31T12:38:36Z" data-provider="loginPageElements" finished-at="2018-05-31T12:38:36Z">
          <params>
            <param index="0">
              <value>
                <![CDATA[By.xpath: //button[@id='proceed-btn']]]>
              </value>
            </param>
            <param index="1">
              <value>
                <![CDATA[Login button not found]]>
              </value>
            </param>
          </params>
          <reporter-output>
          </reporter-output>
        </test-method> <!-- testLoginPageElements -->
        <test-method status="PASS" signature="exportReports(org.testng.ITestResult)[pri:0, instance:com.mobicom.tests.LoginTest@7a187f14]" name="exportReports" is-config="true" duration-ms="1" started-at="2018-05-31T12:38:36Z" finished-at="2018-05-31T12:38:36Z">
          <params>
            <param index="0">
              <value>
                <![CDATA[[TestResult name=testLoginPageElements status=SUCCESS method=LoginTest.testLoginPageElements(org.openqa.selenium.By, java.lang.String)[pri:1, instance:com.mobicom.tests.LoginTest@7a187f14] output={null}]]]>
              </value>
            </param>
          </params>
          <reporter-output>
          </reporter-output>
        </test-method> <!-- exportReports -->
        <test-method status="PASS" signature="loginToClub()[pri:2, instance:com.mobicom.tests.LoginTest@7a187f14]" name="loginToClub" duration-ms="1838" started-at="2018-05-31T12:38:36Z" finished-at="2018-05-31T12:38:38Z">
          <reporter-output>
          </reporter-output>
        </test-method> <!-- loginToClub -->
        <test-method status="PASS" signature="beginTest(java.lang.reflect.Method)[pri:0, instance:com.mobicom.tests.LoginTest@7a187f14]" name="beginTest" is-config="true" duration-ms="0" started-at="2018-05-31T12:38:36Z" finished-at="2018-05-31T12:38:36Z">
          <params>
            <param index="0">
              <value>
                <![CDATA[public void com.mobicom.tests.LoginTest.loginToClub()]]>
              </value>
            </param>
          </params>
          <reporter-output>
          </reporter-output>
        </test-method> <!-- beginTest -->
        <test-method status="PASS" signature="exportReports(org.testng.ITestResult)[pri:0, instance:com.mobicom.tests.LoginTest@7a187f14]" name="exportReports" is-config="true" duration-ms="1" started-at="2018-05-31T12:38:38Z" finished-at="2018-05-31T12:38:38Z">
          <params>
            <param index="0">
              <value>
                <![CDATA[[TestResult name=loginToClub status=SUCCESS method=LoginTest.loginToClub()[pri:2, instance:com.mobicom.tests.LoginTest@7a187f14] output={null}]]]>
              </value>
            </param>
          </params>
          <reporter-output>
          </reporter-output>
        </test-method> <!-- exportReports -->
        <test-method status="PASS" signature="endTest()[pri:0, instance:com.mobicom.tests.LoginTest@7a187f14]" name="endTest" is-config="true" duration-ms="390" started-at="2018-05-31T12:38:45Z" finished-at="2018-05-31T12:38:45Z">
          <reporter-output>
          </reporter-output>
        </test-method> <!-- endTest -->
      </class> <!-- com.mobicom.tests.LoginTest -->
      <class name="com.mobicom.tests.MemberAccessTest">
        <test-method status="PASS" signature="beforeTheClass(java.lang.String)[pri:0, instance:com.mobicom.tests.MemberAccessTest@6f195bc3]" name="beforeTheClass" is-config="true" duration-ms="1" started-at="2018-05-31T12:38:38Z" finished-at="2018-05-31T12:38:38Z">
          <params>
            <param index="0">
              <value>
                <![CDATA[Chrome on mac]]>
              </value>
            </param>
          </params>
          <reporter-output>
          </reporter-output>
        </test-method> <!-- beforeTheClass -->
        <test-method status="PASS" signature="beginTest(java.lang.reflect.Method)[pri:0, instance:com.mobicom.tests.MemberAccessTest@6f195bc3]" name="beginTest" is-config="true" duration-ms="0" started-at="2018-05-31T12:38:38Z" finished-at="2018-05-31T12:38:38Z">
          <params>
            <param index="0">
              <value>
                <![CDATA[public void com.mobicom.tests.MemberAccessTest.clickMemberAccessInMenu()]]>
              </value>
            </param>
          </params>
          <reporter-output>
          </reporter-output>
        </test-method> <!-- beginTest -->
        <test-method status="PASS" signature="clickMemberAccessInMenu()[pri:200, instance:com.mobicom.tests.MemberAccessTest@6f195bc3]" name="clickMemberAccessInMenu" duration-ms="2057" started-at="2018-05-31T12:38:38Z" finished-at="2018-05-31T12:38:40Z">
          <reporter-output>
          </reporter-output>
        </test-method> <!-- clickMemberAccessInMenu -->
        <test-method status="PASS" signature="exportReports(org.testng.ITestResult)[pri:0, instance:com.mobicom.tests.MemberAccessTest@6f195bc3]" name="exportReports" is-config="true" duration-ms="1" started-at="2018-05-31T12:38:40Z" finished-at="2018-05-31T12:38:40Z">
          <params>
            <param index="0">
              <value>
                <![CDATA[[TestResult name=clickMemberAccessInMenu status=SUCCESS method=MemberAccessTest.clickMemberAccessInMenu()[pri:200, instance:com.mobicom.tests.MemberAccessTest@6f195bc3] output={null}]]]>
              </value>
            </param>
          </params>
          <reporter-output>
          </reporter-output>
        </test-method> <!-- exportReports -->
        <test-method status="PASS" signature="beginTest(java.lang.reflect.Method)[pri:0, instance:com.mobicom.tests.MemberAccessTest@6f195bc3]" name="beginTest" is-config="true" duration-ms="0" started-at="2018-05-31T12:38:40Z" finished-at="2018-05-31T12:38:40Z">
          <params>
            <param index="0">
              <value>
                <![CDATA[public void com.mobicom.tests.MemberAccessTest.verifyMemberAccessPageElements(org.openqa.selenium.By,java.lang.String)]]>
              </value>
            </param>
          </params>
          <reporter-output>
          </reporter-output>
        </test-method> <!-- beginTest -->
        <test-method status="PASS" signature="verifyMemberAccessPageElements(org.openqa.selenium.By, java.lang.String)[pri:201, instance:com.mobicom.tests.MemberAccessTest@6f195bc3]" name="verifyMemberAccessPageElements" duration-ms="41" started-at="2018-05-31T12:38:40Z" data-provider="memberAccessPageElements" finished-at="2018-05-31T12:38:40Z">
          <params>
            <param index="0">
              <value>
                <![CDATA[By.xpath: //h3[text()='PlatinumClubNet Member Access']]]>
              </value>
            </param>
            <param index="1">
              <value>
                <![CDATA[Header not found]]>
              </value>
            </param>
          </params>
          <reporter-output>
          </reporter-output>
        </test-method> <!-- verifyMemberAccessPageElements -->
        <test-method status="PASS" signature="exportReports(org.testng.ITestResult)[pri:0, instance:com.mobicom.tests.MemberAccessTest@6f195bc3]" name="exportReports" is-config="true" duration-ms="1" started-at="2018-05-31T12:38:40Z" finished-at="2018-05-31T12:38:40Z">
          <params>
            <param index="0">
              <value>
                <![CDATA[[TestResult name=verifyMemberAccessPageElements status=SUCCESS method=MemberAccessTest.verifyMemberAccessPageElements(org.openqa.selenium.By, java.lang.String)[pri:201, instance:com.mobicom.tests.MemberAccessTest@6f195bc3] output={null}]]]>
              </value>
            </param>
          </params>
          <reporter-output>
          </reporter-output>
        </test-method> <!-- exportReports -->
        <test-method status="PASS" signature="verifyMemberAccessPageElements(org.openqa.selenium.By, java.lang.String)[pri:201, instance:com.mobicom.tests.MemberAccessTest@6f195bc3]" name="verifyMemberAccessPageElements" duration-ms="75" started-at="2018-05-31T12:38:40Z" data-provider="memberAccessPageElements" finished-at="2018-05-31T12:38:40Z">
          <params>
            <param index="0">
              <value>
                <![CDATA[By.xpath: //img[contains(@class,'club-image')]]]>
              </value>
            </param>
            <param index="1">
              <value>
                <![CDATA[Club image not found]]>
              </value>
            </param>
          </params>
          <reporter-output>
          </reporter-output>
        </test-method> <!-- verifyMemberAccessPageElements -->
        <test-method status="PASS" signature="beginTest(java.lang.reflect.Method)[pri:0, instance:com.mobicom.tests.MemberAccessTest@6f195bc3]" name="beginTest" is-config="true" duration-ms="0" started-at="2018-05-31T12:38:40Z" finished-at="2018-05-31T12:38:40Z">
          <params>
            <param index="0">
              <value>
                <![CDATA[public void com.mobicom.tests.MemberAccessTest.verifyMemberAccessPageElements(org.openqa.selenium.By,java.lang.String)]]>
              </value>
            </param>
          </params>
          <reporter-output>
          </reporter-output>
        </test-method> <!-- beginTest -->
        <test-method status="PASS" signature="exportReports(org.testng.ITestResult)[pri:0, instance:com.mobicom.tests.MemberAccessTest@6f195bc3]" name="exportReports" is-config="true" duration-ms="0" started-at="2018-05-31T12:38:40Z" finished-at="2018-05-31T12:38:40Z">
          <params>
            <param index="0">
              <value>
                <![CDATA[[TestResult name=verifyMemberAccessPageElements status=SUCCESS method=MemberAccessTest.verifyMemberAccessPageElements(org.openqa.selenium.By, java.lang.String)[pri:201, instance:com.mobicom.tests.MemberAccessTest@6f195bc3] output={null}]]]>
              </value>
            </param>
          </params>
          <reporter-output>
          </reporter-output>
        </test-method> <!-- exportReports -->
        <test-method status="PASS" signature="beginTest(java.lang.reflect.Method)[pri:0, instance:com.mobicom.tests.MemberAccessTest@6f195bc3]" name="beginTest" is-config="true" duration-ms="1" started-at="2018-05-31T12:38:40Z" finished-at="2018-05-31T12:38:40Z">
          <params>
            <param index="0">
              <value>
                <![CDATA[public void com.mobicom.tests.MemberAccessTest.verifyMemberAccessPageElements(org.openqa.selenium.By,java.lang.String)]]>
              </value>
            </param>
          </params>
          <reporter-output>
          </reporter-output>
        </test-method> <!-- beginTest -->
        <test-method status="PASS" signature="verifyMemberAccessPageElements(org.openqa.selenium.By, java.lang.String)[pri:201, instance:com.mobicom.tests.MemberAccessTest@6f195bc3]" name="verifyMemberAccessPageElements" duration-ms="57" started-at="2018-05-31T12:38:40Z" data-provider="memberAccessPageElements" finished-at="2018-05-31T12:38:40Z">
          <params>
            <param index="0">
              <value>
                <![CDATA[By.xpath: //h5[text()='Club Domino']/following-sibling::p[contains(@class,'club-city-type ellip')]/span[text()='Bangalore']]]>
              </value>
            </param>
            <param index="1">
              <value>
                <![CDATA[Club city not found]]>
              </value>
            </param>
          </params>
          <reporter-output>
          </reporter-output>
        </test-method> <!-- verifyMemberAccessPageElements -->
        <test-method status="PASS" signature="exportReports(org.testng.ITestResult)[pri:0, instance:com.mobicom.tests.MemberAccessTest@6f195bc3]" name="exportReports" is-config="true" duration-ms="0" started-at="2018-05-31T12:38:40Z" finished-at="2018-05-31T12:38:40Z">
          <params>
            <param index="0">
              <value>
                <![CDATA[[TestResult name=verifyMemberAccessPageElements status=SUCCESS method=MemberAccessTest.verifyMemberAccessPageElements(org.openqa.selenium.By, java.lang.String)[pri:201, instance:com.mobicom.tests.MemberAccessTest@6f195bc3] output={null}]]]>
              </value>
            </param>
          </params>
          <reporter-output>
          </reporter-output>
        </test-method> <!-- exportReports -->
        <test-method status="PASS" signature="beginTest(java.lang.reflect.Method)[pri:0, instance:com.mobicom.tests.MemberAccessTest@6f195bc3]" name="beginTest" is-config="true" duration-ms="0" started-at="2018-05-31T12:38:40Z" finished-at="2018-05-31T12:38:40Z">
          <params>
            <param index="0">
              <value>
                <![CDATA[public void com.mobicom.tests.MemberAccessTest.verifyMemberAccessPageElements(org.openqa.selenium.By,java.lang.String)]]>
              </value>
            </param>
          </params>
          <reporter-output>
          </reporter-output>
        </test-method> <!-- beginTest -->
        <test-method status="PASS" signature="verifyMemberAccessPageElements(org.openqa.selenium.By, java.lang.String)[pri:201, instance:com.mobicom.tests.MemberAccessTest@6f195bc3]" name="verifyMemberAccessPageElements" duration-ms="60" started-at="2018-05-31T12:38:40Z" data-provider="memberAccessPageElements" finished-at="2018-05-31T12:38:40Z">
          <params>
            <param index="0">
              <value>
                <![CDATA[By.xpath: //h5[text()='Club Domino']]]>
              </value>
            </param>
            <param index="1">
              <value>
                <![CDATA[Club name not found]]>
              </value>
            </param>
          </params>
          <reporter-output>
          </reporter-output>
        </test-method> <!-- verifyMemberAccessPageElements -->
        <test-method status="PASS" signature="exportReports(org.testng.ITestResult)[pri:0, instance:com.mobicom.tests.MemberAccessTest@6f195bc3]" name="exportReports" is-config="true" duration-ms="0" started-at="2018-05-31T12:38:40Z" finished-at="2018-05-31T12:38:40Z">
          <params>
            <param index="0">
              <value>
                <![CDATA[[TestResult name=verifyMemberAccessPageElements status=SUCCESS method=MemberAccessTest.verifyMemberAccessPageElements(org.openqa.selenium.By, java.lang.String)[pri:201, instance:com.mobicom.tests.MemberAccessTest@6f195bc3] output={null}]]]>
              </value>
            </param>
          </params>
          <reporter-output>
          </reporter-output>
        </test-method> <!-- exportReports -->
        <test-method status="PASS" signature="beginTest(java.lang.reflect.Method)[pri:0, instance:com.mobicom.tests.MemberAccessTest@6f195bc3]" name="beginTest" is-config="true" duration-ms="1" started-at="2018-05-31T12:38:40Z" finished-at="2018-05-31T12:38:40Z">
          <params>
            <param index="0">
              <value>
                <![CDATA[public void com.mobicom.tests.MemberAccessTest.verifyMemberAccessPageElements(org.openqa.selenium.By,java.lang.String)]]>
              </value>
            </param>
          </params>
          <reporter-output>
          </reporter-output>
        </test-method> <!-- beginTest -->
        <test-method status="PASS" signature="verifyMemberAccessPageElements(org.openqa.selenium.By, java.lang.String)[pri:201, instance:com.mobicom.tests.MemberAccessTest@6f195bc3]" name="verifyMemberAccessPageElements" duration-ms="66" started-at="2018-05-31T12:38:40Z" data-provider="memberAccessPageElements" finished-at="2018-05-31T12:38:40Z">
          <params>
            <param index="0">
              <value>
                <![CDATA[By.xpath: //h5[text()='Club Domino']/following-sibling::p[contains(@class,'club-city-type ellip')]/span[contains(text(),'India')]]]>
              </value>
            </param>
            <param index="1">
              <value>
                <![CDATA[Club country not found]]>
              </value>
            </param>
          </params>
          <reporter-output>
          </reporter-output>
        </test-method> <!-- verifyMemberAccessPageElements -->
        <test-method status="PASS" signature="exportReports(org.testng.ITestResult)[pri:0, instance:com.mobicom.tests.MemberAccessTest@6f195bc3]" name="exportReports" is-config="true" duration-ms="0" started-at="2018-05-31T12:38:40Z" finished-at="2018-05-31T12:38:40Z">
          <params>
            <param index="0">
              <value>
                <![CDATA[[TestResult name=verifyMemberAccessPageElements status=SUCCESS method=MemberAccessTest.verifyMemberAccessPageElements(org.openqa.selenium.By, java.lang.String)[pri:201, instance:com.mobicom.tests.MemberAccessTest@6f195bc3] output={null}]]]>
              </value>
            </param>
          </params>
          <reporter-output>
          </reporter-output>
        </test-method> <!-- exportReports -->
        <test-method status="PASS" signature="verifyMemberAccessPageElements(org.openqa.selenium.By, java.lang.String)[pri:201, instance:com.mobicom.tests.MemberAccessTest@6f195bc3]" name="verifyMemberAccessPageElements" duration-ms="64" started-at="2018-05-31T12:38:40Z" data-provider="memberAccessPageElements" finished-at="2018-05-31T12:38:40Z">
          <params>
            <param index="0">
              <value>
                <![CDATA[By.xpath: //div[@data-club-name='Club Domino']/following-sibling::div/div/div/label/span[@class='checked slider round']]]>
              </value>
            </param>
            <param index="1">
              <value>
                <![CDATA[Allow access button not found]]>
              </value>
            </param>
          </params>
          <reporter-output>
          </reporter-output>
        </test-method> <!-- verifyMemberAccessPageElements -->
        <test-method status="PASS" signature="beginTest(java.lang.reflect.Method)[pri:0, instance:com.mobicom.tests.MemberAccessTest@6f195bc3]" name="beginTest" is-config="true" duration-ms="0" started-at="2018-05-31T12:38:40Z" finished-at="2018-05-31T12:38:40Z">
          <params>
            <param index="0">
              <value>
                <![CDATA[public void com.mobicom.tests.MemberAccessTest.verifyMemberAccessPageElements(org.openqa.selenium.By,java.lang.String)]]>
              </value>
            </param>
          </params>
          <reporter-output>
          </reporter-output>
        </test-method> <!-- beginTest -->
        <test-method status="PASS" signature="exportReports(org.testng.ITestResult)[pri:0, instance:com.mobicom.tests.MemberAccessTest@6f195bc3]" name="exportReports" is-config="true" duration-ms="0" started-at="2018-05-31T12:38:40Z" finished-at="2018-05-31T12:38:40Z">
          <params>
            <param index="0">
              <value>
                <![CDATA[[TestResult name=verifyMemberAccessPageElements status=SUCCESS method=MemberAccessTest.verifyMemberAccessPageElements(org.openqa.selenium.By, java.lang.String)[pri:201, instance:com.mobicom.tests.MemberAccessTest@6f195bc3] output={null}]]]>
              </value>
            </param>
          </params>
          <reporter-output>
          </reporter-output>
        </test-method> <!-- exportReports -->
        <test-method status="PASS" signature="clickGreenToggle()[pri:202, instance:com.mobicom.tests.MemberAccessTest@6f195bc3]" name="clickGreenToggle" duration-ms="724" started-at="2018-05-31T12:38:40Z" finished-at="2018-05-31T12:38:41Z">
          <reporter-output>
          </reporter-output>
        </test-method> <!-- clickGreenToggle -->
        <test-method status="PASS" signature="beginTest(java.lang.reflect.Method)[pri:0, instance:com.mobicom.tests.MemberAccessTest@6f195bc3]" name="beginTest" is-config="true" duration-ms="0" started-at="2018-05-31T12:38:40Z" finished-at="2018-05-31T12:38:40Z">
          <params>
            <param index="0">
              <value>
                <![CDATA[public void com.mobicom.tests.MemberAccessTest.clickGreenToggle()]]>
              </value>
            </param>
          </params>
          <reporter-output>
          </reporter-output>
        </test-method> <!-- beginTest -->
        <test-method status="PASS" signature="exportReports(org.testng.ITestResult)[pri:0, instance:com.mobicom.tests.MemberAccessTest@6f195bc3]" name="exportReports" is-config="true" duration-ms="0" started-at="2018-05-31T12:38:41Z" finished-at="2018-05-31T12:38:41Z">
          <params>
            <param index="0">
              <value>
                <![CDATA[[TestResult name=clickGreenToggle status=SUCCESS method=MemberAccessTest.clickGreenToggle()[pri:202, instance:com.mobicom.tests.MemberAccessTest@6f195bc3] output={null}]]]>
              </value>
            </param>
          </params>
          <reporter-output>
          </reporter-output>
        </test-method> <!-- exportReports -->
        <test-method status="PASS" signature="beginTest(java.lang.reflect.Method)[pri:0, instance:com.mobicom.tests.MemberAccessTest@6f195bc3]" name="beginTest" is-config="true" duration-ms="1" started-at="2018-05-31T12:38:41Z" finished-at="2018-05-31T12:38:41Z">
          <params>
            <param index="0">
              <value>
                <![CDATA[public void com.mobicom.tests.MemberAccessTest.verifyBlockMemberAccessPageElements(org.openqa.selenium.By,java.lang.String)]]>
              </value>
            </param>
          </params>
          <reporter-output>
          </reporter-output>
        </test-method> <!-- beginTest -->
        <test-method status="PASS" signature="verifyBlockMemberAccessPageElements(org.openqa.selenium.By, java.lang.String)[pri:203, instance:com.mobicom.tests.MemberAccessTest@6f195bc3]" name="verifyBlockMemberAccessPageElements" duration-ms="65" started-at="2018-05-31T12:38:41Z" data-provider="allowAccessPageElements" finished-at="2018-05-31T12:38:41Z">
          <params>
            <param index="0">
              <value>
                <![CDATA[By.xpath: //div[text()='Club Domino']]]>
              </value>
            </param>
            <param index="1">
              <value>
                <![CDATA[Header not found]]>
              </value>
            </param>
          </params>
          <reporter-output>
          </reporter-output>
        </test-method> <!-- verifyBlockMemberAccessPageElements -->
        <test-method status="PASS" signature="exportReports(org.testng.ITestResult)[pri:0, instance:com.mobicom.tests.MemberAccessTest@6f195bc3]" name="exportReports" is-config="true" duration-ms="0" started-at="2018-05-31T12:38:41Z" finished-at="2018-05-31T12:38:41Z">
          <params>
            <param index="0">
              <value>
                <![CDATA[[TestResult name=verifyBlockMemberAccessPageElements status=SUCCESS method=MemberAccessTest.verifyBlockMemberAccessPageElements(org.openqa.selenium.By, java.lang.String)[pri:203, instance:com.mobicom.tests.MemberAccessTest@6f195bc3] output={null}]]]>
              </value>
            </param>
          </params>
          <reporter-output>
          </reporter-output>
        </test-method> <!-- exportReports -->
        <test-method status="PASS" signature="verifyBlockMemberAccessPageElements(org.openqa.selenium.By, java.lang.String)[pri:203, instance:com.mobicom.tests.MemberAccessTest@6f195bc3]" name="verifyBlockMemberAccessPageElements" duration-ms="69" started-at="2018-05-31T12:38:41Z" data-provider="allowAccessPageElements" finished-at="2018-05-31T12:38:41Z">
          <params>
            <param index="0">
              <value>
                <![CDATA[By.xpath: //a[text()='ABOUT CLUB']]]>
              </value>
            </param>
            <param index="1">
              <value>
                <![CDATA[aboutClubTab not found]]>
              </value>
            </param>
          </params>
          <reporter-output>
          </reporter-output>
        </test-method> <!-- verifyBlockMemberAccessPageElements -->
        <test-method status="PASS" signature="beginTest(java.lang.reflect.Method)[pri:0, instance:com.mobicom.tests.MemberAccessTest@6f195bc3]" name="beginTest" is-config="true" duration-ms="0" started-at="2018-05-31T12:38:41Z" finished-at="2018-05-31T12:38:41Z">
          <params>
            <param index="0">
              <value>
                <![CDATA[public void com.mobicom.tests.MemberAccessTest.verifyBlockMemberAccessPageElements(org.openqa.selenium.By,java.lang.String)]]>
              </value>
            </param>
          </params>
          <reporter-output>
          </reporter-output>
        </test-method> <!-- beginTest -->
        <test-method status="PASS" signature="exportReports(org.testng.ITestResult)[pri:0, instance:com.mobicom.tests.MemberAccessTest@6f195bc3]" name="exportReports" is-config="true" duration-ms="1" started-at="2018-05-31T12:38:41Z" finished-at="2018-05-31T12:38:41Z">
          <params>
            <param index="0">
              <value>
                <![CDATA[[TestResult name=verifyBlockMemberAccessPageElements status=SUCCESS method=MemberAccessTest.verifyBlockMemberAccessPageElements(org.openqa.selenium.By, java.lang.String)[pri:203, instance:com.mobicom.tests.MemberAccessTest@6f195bc3] output={null}]]]>
              </value>
            </param>
          </params>
          <reporter-output>
          </reporter-output>
        </test-method> <!-- exportReports -->
        <test-method status="PASS" signature="beginTest(java.lang.reflect.Method)[pri:0, instance:com.mobicom.tests.MemberAccessTest@6f195bc3]" name="beginTest" is-config="true" duration-ms="1" started-at="2018-05-31T12:38:41Z" finished-at="2018-05-31T12:38:41Z">
          <params>
            <param index="0">
              <value>
                <![CDATA[public void com.mobicom.tests.MemberAccessTest.verifyBlockMemberAccessPageElements(org.openqa.selenium.By,java.lang.String)]]>
              </value>
            </param>
          </params>
          <reporter-output>
          </reporter-output>
        </test-method> <!-- beginTest -->
        <test-method status="PASS" signature="verifyBlockMemberAccessPageElements(org.openqa.selenium.By, java.lang.String)[pri:203, instance:com.mobicom.tests.MemberAccessTest@6f195bc3]" name="verifyBlockMemberAccessPageElements" duration-ms="79" started-at="2018-05-31T12:38:41Z" data-provider="allowAccessPageElements" finished-at="2018-05-31T12:38:41Z">
          <params>
            <param index="0">
              <value>
                <![CDATA[By.xpath: //a[text()='FACILITIES']]]>
              </value>
            </param>
            <param index="1">
              <value>
                <![CDATA[facilitiesTab not found]]>
              </value>
            </param>
          </params>
          <reporter-output>
          </reporter-output>
        </test-method> <!-- verifyBlockMemberAccessPageElements -->
        <test-method status="PASS" signature="exportReports(org.testng.ITestResult)[pri:0, instance:com.mobicom.tests.MemberAccessTest@6f195bc3]" name="exportReports" is-config="true" duration-ms="1" started-at="2018-05-31T12:38:41Z" finished-at="2018-05-31T12:38:41Z">
          <params>
            <param index="0">
              <value>
                <![CDATA[[TestResult name=verifyBlockMemberAccessPageElements status=SUCCESS method=MemberAccessTest.verifyBlockMemberAccessPageElements(org.openqa.selenium.By, java.lang.String)[pri:203, instance:com.mobicom.tests.MemberAccessTest@6f195bc3] output={null}]]]>
              </value>
            </param>
          </params>
          <reporter-output>
          </reporter-output>
        </test-method> <!-- exportReports -->
        <test-method status="PASS" signature="beginTest(java.lang.reflect.Method)[pri:0, instance:com.mobicom.tests.MemberAccessTest@6f195bc3]" name="beginTest" is-config="true" duration-ms="1" started-at="2018-05-31T12:38:41Z" finished-at="2018-05-31T12:38:41Z">
          <params>
            <param index="0">
              <value>
                <![CDATA[public void com.mobicom.tests.MemberAccessTest.verifyBlockMemberAccessPageElements(org.openqa.selenium.By,java.lang.String)]]>
              </value>
            </param>
          </params>
          <reporter-output>
          </reporter-output>
        </test-method> <!-- beginTest -->
        <test-method status="PASS" signature="verifyBlockMemberAccessPageElements(org.openqa.selenium.By, java.lang.String)[pri:203, instance:com.mobicom.tests.MemberAccessTest@6f195bc3]" name="verifyBlockMemberAccessPageElements" duration-ms="66" started-at="2018-05-31T12:38:41Z" data-provider="allowAccessPageElements" finished-at="2018-05-31T12:38:41Z">
          <params>
            <param index="0">
              <value>
                <![CDATA[By.xpath: //span[text()='More Information']]]>
              </value>
            </param>
            <param index="1">
              <value>
                <![CDATA[moreInfo button found]]>
              </value>
            </param>
          </params>
          <reporter-output>
          </reporter-output>
        </test-method> <!-- verifyBlockMemberAccessPageElements -->
        <test-method status="PASS" signature="exportReports(org.testng.ITestResult)[pri:0, instance:com.mobicom.tests.MemberAccessTest@6f195bc3]" name="exportReports" is-config="true" duration-ms="1" started-at="2018-05-31T12:38:41Z" finished-at="2018-05-31T12:38:41Z">
          <params>
            <param index="0">
              <value>
                <![CDATA[[TestResult name=verifyBlockMemberAccessPageElements status=SUCCESS method=MemberAccessTest.verifyBlockMemberAccessPageElements(org.openqa.selenium.By, java.lang.String)[pri:203, instance:com.mobicom.tests.MemberAccessTest@6f195bc3] output={null}]]]>
              </value>
            </param>
          </params>
          <reporter-output>
          </reporter-output>
        </test-method> <!-- exportReports -->
        <test-method status="PASS" signature="beginTest(java.lang.reflect.Method)[pri:0, instance:com.mobicom.tests.MemberAccessTest@6f195bc3]" name="beginTest" is-config="true" duration-ms="0" started-at="2018-05-31T12:38:41Z" finished-at="2018-05-31T12:38:41Z">
          <params>
            <param index="0">
              <value>
                <![CDATA[public void com.mobicom.tests.MemberAccessTest.verifyBlockMemberAccessPageElements(org.openqa.selenium.By,java.lang.String)]]>
              </value>
            </param>
          </params>
          <reporter-output>
          </reporter-output>
        </test-method> <!-- beginTest -->
        <test-method status="PASS" signature="verifyBlockMemberAccessPageElements(org.openqa.selenium.By, java.lang.String)[pri:203, instance:com.mobicom.tests.MemberAccessTest@6f195bc3]" name="verifyBlockMemberAccessPageElements" duration-ms="76" started-at="2018-05-31T12:38:41Z" data-provider="allowAccessPageElements" finished-at="2018-05-31T12:38:41Z">
          <params>
            <param index="0">
              <value>
                <![CDATA[By.xpath: //div[@class='modal-title']/../button[@class='close' and text()='×']]]>
              </value>
            </param>
            <param index="1">
              <value>
                <![CDATA[closeButton not found]]>
              </value>
            </param>
          </params>
          <reporter-output>
          </reporter-output>
        </test-method> <!-- verifyBlockMemberAccessPageElements -->
        <test-method status="PASS" signature="exportReports(org.testng.ITestResult)[pri:0, instance:com.mobicom.tests.MemberAccessTest@6f195bc3]" name="exportReports" is-config="true" duration-ms="0" started-at="2018-05-31T12:38:41Z" finished-at="2018-05-31T12:38:41Z">
          <params>
            <param index="0">
              <value>
                <![CDATA[[TestResult name=verifyBlockMemberAccessPageElements status=SUCCESS method=MemberAccessTest.verifyBlockMemberAccessPageElements(org.openqa.selenium.By, java.lang.String)[pri:203, instance:com.mobicom.tests.MemberAccessTest@6f195bc3] output={null}]]]>
              </value>
            </param>
          </params>
          <reporter-output>
          </reporter-output>
        </test-method> <!-- exportReports -->
        <test-method status="PASS" signature="verifyBlockMemberAccessPageElements(org.openqa.selenium.By, java.lang.String)[pri:203, instance:com.mobicom.tests.MemberAccessTest@6f195bc3]" name="verifyBlockMemberAccessPageElements" duration-ms="110" started-at="2018-05-31T12:38:41Z" data-provider="allowAccessPageElements" finished-at="2018-05-31T12:38:41Z">
          <params>
            <param index="0">
              <value>
                <![CDATA[By.id: nextTab]]>
              </value>
            </param>
            <param index="1">
              <value>
                <![CDATA[nextButton not found]]>
              </value>
            </param>
          </params>
          <reporter-output>
          </reporter-output>
        </test-method> <!-- verifyBlockMemberAccessPageElements -->
        <test-method status="PASS" signature="beginTest(java.lang.reflect.Method)[pri:0, instance:com.mobicom.tests.MemberAccessTest@6f195bc3]" name="beginTest" is-config="true" duration-ms="0" started-at="2018-05-31T12:38:41Z" finished-at="2018-05-31T12:38:41Z">
          <params>
            <param index="0">
              <value>
                <![CDATA[public void com.mobicom.tests.MemberAccessTest.verifyBlockMemberAccessPageElements(org.openqa.selenium.By,java.lang.String)]]>
              </value>
            </param>
          </params>
          <reporter-output>
          </reporter-output>
        </test-method> <!-- beginTest -->
        <test-method status="PASS" signature="exportReports(org.testng.ITestResult)[pri:0, instance:com.mobicom.tests.MemberAccessTest@6f195bc3]" name="exportReports" is-config="true" duration-ms="1" started-at="2018-05-31T12:38:41Z" finished-at="2018-05-31T12:38:41Z">
          <params>
            <param index="0">
              <value>
                <![CDATA[[TestResult name=verifyBlockMemberAccessPageElements status=SUCCESS method=MemberAccessTest.verifyBlockMemberAccessPageElements(org.openqa.selenium.By, java.lang.String)[pri:203, instance:com.mobicom.tests.MemberAccessTest@6f195bc3] output={null}]]]>
              </value>
            </param>
          </params>
          <reporter-output>
          </reporter-output>
        </test-method> <!-- exportReports -->
        <test-method status="PASS" signature="beginTest(java.lang.reflect.Method)[pri:0, instance:com.mobicom.tests.MemberAccessTest@6f195bc3]" name="beginTest" is-config="true" duration-ms="0" started-at="2018-05-31T12:38:41Z" finished-at="2018-05-31T12:38:41Z">
          <params>
            <param index="0">
              <value>
                <![CDATA[public void com.mobicom.tests.MemberAccessTest.verifyBlockMemberAccessPageElements(org.openqa.selenium.By,java.lang.String)]]>
              </value>
            </param>
          </params>
          <reporter-output>
          </reporter-output>
        </test-method> <!-- beginTest -->
        <test-method status="PASS" signature="verifyBlockMemberAccessPageElements(org.openqa.selenium.By, java.lang.String)[pri:203, instance:com.mobicom.tests.MemberAccessTest@6f195bc3]" name="verifyBlockMemberAccessPageElements" duration-ms="68" started-at="2018-05-31T12:38:41Z" data-provider="allowAccessPageElements" finished-at="2018-05-31T12:38:41Z">
          <params>
            <param index="0">
              <value>
                <![CDATA[By.xpath: //h4[text()='ABOUT US']]]>
              </value>
            </param>
            <param index="1">
              <value>
                <![CDATA[aboutUs section not found]]>
              </value>
            </param>
          </params>
          <reporter-output>
          </reporter-output>
        </test-method> <!-- verifyBlockMemberAccessPageElements -->
        <test-method status="PASS" signature="exportReports(org.testng.ITestResult)[pri:0, instance:com.mobicom.tests.MemberAccessTest@6f195bc3]" name="exportReports" is-config="true" duration-ms="0" started-at="2018-05-31T12:38:41Z" finished-at="2018-05-31T12:38:41Z">
          <params>
            <param index="0">
              <value>
                <![CDATA[[TestResult name=verifyBlockMemberAccessPageElements status=SUCCESS method=MemberAccessTest.verifyBlockMemberAccessPageElements(org.openqa.selenium.By, java.lang.String)[pri:203, instance:com.mobicom.tests.MemberAccessTest@6f195bc3] output={null}]]]>
              </value>
            </param>
          </params>
          <reporter-output>
          </reporter-output>
        </test-method> <!-- exportReports -->
        <test-method status="PASS" signature="clickNextButton()[pri:204, instance:com.mobicom.tests.MemberAccessTest@6f195bc3]" name="clickNextButton" duration-ms="277" started-at="2018-05-31T12:38:41Z" finished-at="2018-05-31T12:38:42Z">
          <reporter-output>
          </reporter-output>
        </test-method> <!-- clickNextButton -->
        <test-method status="PASS" signature="beginTest(java.lang.reflect.Method)[pri:0, instance:com.mobicom.tests.MemberAccessTest@6f195bc3]" name="beginTest" is-config="true" duration-ms="0" started-at="2018-05-31T12:38:41Z" finished-at="2018-05-31T12:38:41Z">
          <params>
            <param index="0">
              <value>
                <![CDATA[public void com.mobicom.tests.MemberAccessTest.clickNextButton()]]>
              </value>
            </param>
          </params>
          <reporter-output>
          </reporter-output>
        </test-method> <!-- beginTest -->
        <test-method status="PASS" signature="exportReports(org.testng.ITestResult)[pri:0, instance:com.mobicom.tests.MemberAccessTest@6f195bc3]" name="exportReports" is-config="true" duration-ms="1" started-at="2018-05-31T12:38:42Z" finished-at="2018-05-31T12:38:42Z">
          <params>
            <param index="0">
              <value>
                <![CDATA[[TestResult name=clickNextButton status=SUCCESS method=MemberAccessTest.clickNextButton()[pri:204, instance:com.mobicom.tests.MemberAccessTest@6f195bc3] output={null}]]]>
              </value>
            </param>
          </params>
          <reporter-output>
          </reporter-output>
        </test-method> <!-- exportReports -->
        <test-method status="PASS" signature="beginTest(java.lang.reflect.Method)[pri:0, instance:com.mobicom.tests.MemberAccessTest@6f195bc3]" name="beginTest" is-config="true" duration-ms="0" started-at="2018-05-31T12:38:42Z" finished-at="2018-05-31T12:38:42Z">
          <params>
            <param index="0">
              <value>
                <![CDATA[public void com.mobicom.tests.MemberAccessTest.clickBlockingRequestsButton()]]>
              </value>
            </param>
          </params>
          <reporter-output>
          </reporter-output>
        </test-method> <!-- beginTest -->
        <test-method status="PASS" signature="clickBlockingRequestsButton()[pri:205, instance:com.mobicom.tests.MemberAccessTest@6f195bc3]" name="clickBlockingRequestsButton" duration-ms="744" started-at="2018-05-31T12:38:42Z" finished-at="2018-05-31T12:38:42Z">
          <reporter-output>
          </reporter-output>
        </test-method> <!-- clickBlockingRequestsButton -->
        <test-method status="PASS" signature="exportReports(org.testng.ITestResult)[pri:0, instance:com.mobicom.tests.MemberAccessTest@6f195bc3]" name="exportReports" is-config="true" duration-ms="1" started-at="2018-05-31T12:38:42Z" finished-at="2018-05-31T12:38:42Z">
          <params>
            <param index="0">
              <value>
                <![CDATA[[TestResult name=clickBlockingRequestsButton status=SUCCESS method=MemberAccessTest.clickBlockingRequestsButton()[pri:205, instance:com.mobicom.tests.MemberAccessTest@6f195bc3] output={null}]]]>
              </value>
            </param>
          </params>
          <reporter-output>
          </reporter-output>
        </test-method> <!-- exportReports -->
        <test-method status="PASS" signature="beginTest(java.lang.reflect.Method)[pri:0, instance:com.mobicom.tests.MemberAccessTest@6f195bc3]" name="beginTest" is-config="true" duration-ms="1" started-at="2018-05-31T12:38:42Z" finished-at="2018-05-31T12:38:42Z">
          <params>
            <param index="0">
              <value>
                <![CDATA[public void com.mobicom.tests.MemberAccessTest.clickOkButton() throws java.lang.InterruptedException]]>
              </value>
            </param>
          </params>
          <reporter-output>
          </reporter-output>
        </test-method> <!-- beginTest -->
        <test-method status="PASS" signature="clickOkButton()[pri:206, instance:com.mobicom.tests.MemberAccessTest@6f195bc3]" name="clickOkButton" duration-ms="660" started-at="2018-05-31T12:38:42Z" finished-at="2018-05-31T12:38:43Z">
          <reporter-output>
          </reporter-output>
        </test-method> <!-- clickOkButton -->
        <test-method status="PASS" signature="exportReports(org.testng.ITestResult)[pri:0, instance:com.mobicom.tests.MemberAccessTest@6f195bc3]" name="exportReports" is-config="true" duration-ms="0" started-at="2018-05-31T12:38:43Z" finished-at="2018-05-31T12:38:43Z">
          <params>
            <param index="0">
              <value>
                <![CDATA[[TestResult name=clickOkButton status=SUCCESS method=MemberAccessTest.clickOkButton()[pri:206, instance:com.mobicom.tests.MemberAccessTest@6f195bc3] output={null}]]]>
              </value>
            </param>
          </params>
          <reporter-output>
          </reporter-output>
        </test-method> <!-- exportReports -->
        <test-method status="PASS" signature="clickRedToggle()[pri:215, instance:com.mobicom.tests.MemberAccessTest@6f195bc3]" name="clickRedToggle" duration-ms="644" started-at="2018-05-31T12:38:43Z" finished-at="2018-05-31T12:38:44Z">
          <reporter-output>
          </reporter-output>
        </test-method> <!-- clickRedToggle -->
        <test-method status="PASS" signature="beginTest(java.lang.reflect.Method)[pri:0, instance:com.mobicom.tests.MemberAccessTest@6f195bc3]" name="beginTest" is-config="true" duration-ms="0" started-at="2018-05-31T12:38:43Z" finished-at="2018-05-31T12:38:43Z">
          <params>
            <param index="0">
              <value>
                <![CDATA[public void com.mobicom.tests.MemberAccessTest.clickRedToggle()]]>
              </value>
            </param>
          </params>
          <reporter-output>
          </reporter-output>
        </test-method> <!-- beginTest -->
        <test-method status="PASS" signature="exportReports(org.testng.ITestResult)[pri:0, instance:com.mobicom.tests.MemberAccessTest@6f195bc3]" name="exportReports" is-config="true" duration-ms="1" started-at="2018-05-31T12:38:44Z" finished-at="2018-05-31T12:38:44Z">
          <params>
            <param index="0">
              <value>
                <![CDATA[[TestResult name=clickRedToggle status=SUCCESS method=MemberAccessTest.clickRedToggle()[pri:215, instance:com.mobicom.tests.MemberAccessTest@6f195bc3] output={null}]]]>
              </value>
            </param>
          </params>
          <reporter-output>
          </reporter-output>
        </test-method> <!-- exportReports -->
        <test-method status="PASS" signature="beginTest(java.lang.reflect.Method)[pri:0, instance:com.mobicom.tests.MemberAccessTest@6f195bc3]" name="beginTest" is-config="true" duration-ms="1" started-at="2018-05-31T12:38:44Z" finished-at="2018-05-31T12:38:44Z">
          <params>
            <param index="0">
              <value>
                <![CDATA[public void com.mobicom.tests.MemberAccessTest.verifyAllowMemberAccessPageElements(org.openqa.selenium.By,java.lang.String)]]>
              </value>
            </param>
          </params>
          <reporter-output>
          </reporter-output>
        </test-method> <!-- beginTest -->
        <test-method status="PASS" signature="verifyAllowMemberAccessPageElements(org.openqa.selenium.By, java.lang.String)[pri:216, instance:com.mobicom.tests.MemberAccessTest@6f195bc3]" name="verifyAllowMemberAccessPageElements" duration-ms="199" started-at="2018-05-31T12:38:44Z" data-provider="allowAccessPageElements" finished-at="2018-05-31T12:38:44Z">
          <params>
            <param index="0">
              <value>
                <![CDATA[By.xpath: //div[text()='Club Domino']]]>
              </value>
            </param>
            <param index="1">
              <value>
                <![CDATA[Header not found]]>
              </value>
            </param>
          </params>
          <reporter-output>
          </reporter-output>
        </test-method> <!-- verifyAllowMemberAccessPageElements -->
        <test-method status="PASS" signature="exportReports(org.testng.ITestResult)[pri:0, instance:com.mobicom.tests.MemberAccessTest@6f195bc3]" name="exportReports" is-config="true" duration-ms="1" started-at="2018-05-31T12:38:44Z" finished-at="2018-05-31T12:38:44Z">
          <params>
            <param index="0">
              <value>
                <![CDATA[[TestResult name=verifyAllowMemberAccessPageElements status=SUCCESS method=MemberAccessTest.verifyAllowMemberAccessPageElements(org.openqa.selenium.By, java.lang.String)[pri:216, instance:com.mobicom.tests.MemberAccessTest@6f195bc3] output={null}]]]>
              </value>
            </param>
          </params>
          <reporter-output>
          </reporter-output>
        </test-method> <!-- exportReports -->
        <test-method status="PASS" signature="beginTest(java.lang.reflect.Method)[pri:0, instance:com.mobicom.tests.MemberAccessTest@6f195bc3]" name="beginTest" is-config="true" duration-ms="0" started-at="2018-05-31T12:38:44Z" finished-at="2018-05-31T12:38:44Z">
          <params>
            <param index="0">
              <value>
                <![CDATA[public void com.mobicom.tests.MemberAccessTest.verifyAllowMemberAccessPageElements(org.openqa.selenium.By,java.lang.String)]]>
              </value>
            </param>
          </params>
          <reporter-output>
          </reporter-output>
        </test-method> <!-- beginTest -->
        <test-method status="PASS" signature="verifyAllowMemberAccessPageElements(org.openqa.selenium.By, java.lang.String)[pri:216, instance:com.mobicom.tests.MemberAccessTest@6f195bc3]" name="verifyAllowMemberAccessPageElements" duration-ms="64" started-at="2018-05-31T12:38:44Z" data-provider="allowAccessPageElements" finished-at="2018-05-31T12:38:44Z">
          <params>
            <param index="0">
              <value>
                <![CDATA[By.xpath: //a[text()='ABOUT CLUB']]]>
              </value>
            </param>
            <param index="1">
              <value>
                <![CDATA[aboutClubTab not found]]>
              </value>
            </param>
          </params>
          <reporter-output>
          </reporter-output>
        </test-method> <!-- verifyAllowMemberAccessPageElements -->
        <test-method status="PASS" signature="exportReports(org.testng.ITestResult)[pri:0, instance:com.mobicom.tests.MemberAccessTest@6f195bc3]" name="exportReports" is-config="true" duration-ms="1" started-at="2018-05-31T12:38:44Z" finished-at="2018-05-31T12:38:44Z">
          <params>
            <param index="0">
              <value>
                <![CDATA[[TestResult name=verifyAllowMemberAccessPageElements status=SUCCESS method=MemberAccessTest.verifyAllowMemberAccessPageElements(org.openqa.selenium.By, java.lang.String)[pri:216, instance:com.mobicom.tests.MemberAccessTest@6f195bc3] output={null}]]]>
              </value>
            </param>
          </params>
          <reporter-output>
          </reporter-output>
        </test-method> <!-- exportReports -->
        <test-method status="PASS" signature="verifyAllowMemberAccessPageElements(org.openqa.selenium.By, java.lang.String)[pri:216, instance:com.mobicom.tests.MemberAccessTest@6f195bc3]" name="verifyAllowMemberAccessPageElements" duration-ms="56" started-at="2018-05-31T12:38:44Z" data-provider="allowAccessPageElements" finished-at="2018-05-31T12:38:44Z">
          <params>
            <param index="0">
              <value>
                <![CDATA[By.xpath: //a[text()='FACILITIES']]]>
              </value>
            </param>
            <param index="1">
              <value>
                <![CDATA[facilitiesTab not found]]>
              </value>
            </param>
          </params>
          <reporter-output>
          </reporter-output>
        </test-method> <!-- verifyAllowMemberAccessPageElements -->
        <test-method status="PASS" signature="beginTest(java.lang.reflect.Method)[pri:0, instance:com.mobicom.tests.MemberAccessTest@6f195bc3]" name="beginTest" is-config="true" duration-ms="0" started-at="2018-05-31T12:38:44Z" finished-at="2018-05-31T12:38:44Z">
          <params>
            <param index="0">
              <value>
                <![CDATA[public void com.mobicom.tests.MemberAccessTest.verifyAllowMemberAccessPageElements(org.openqa.selenium.By,java.lang.String)]]>
              </value>
            </param>
          </params>
          <reporter-output>
          </reporter-output>
        </test-method> <!-- beginTest -->
        <test-method status="PASS" signature="exportReports(org.testng.ITestResult)[pri:0, instance:com.mobicom.tests.MemberAccessTest@6f195bc3]" name="exportReports" is-config="true" duration-ms="0" started-at="2018-05-31T12:38:44Z" finished-at="2018-05-31T12:38:44Z">
          <params>
            <param index="0">
              <value>
                <![CDATA[[TestResult name=verifyAllowMemberAccessPageElements status=SUCCESS method=MemberAccessTest.verifyAllowMemberAccessPageElements(org.openqa.selenium.By, java.lang.String)[pri:216, instance:com.mobicom.tests.MemberAccessTest@6f195bc3] output={null}]]]>
              </value>
            </param>
          </params>
          <reporter-output>
          </reporter-output>
        </test-method> <!-- exportReports -->
        <test-method status="PASS" signature="beginTest(java.lang.reflect.Method)[pri:0, instance:com.mobicom.tests.MemberAccessTest@6f195bc3]" name="beginTest" is-config="true" duration-ms="0" started-at="2018-05-31T12:38:44Z" finished-at="2018-05-31T12:38:44Z">
          <params>
            <param index="0">
              <value>
                <![CDATA[public void com.mobicom.tests.MemberAccessTest.verifyAllowMemberAccessPageElements(org.openqa.selenium.By,java.lang.String)]]>
              </value>
            </param>
          </params>
          <reporter-output>
          </reporter-output>
        </test-method> <!-- beginTest -->
        <test-method status="PASS" signature="verifyAllowMemberAccessPageElements(org.openqa.selenium.By, java.lang.String)[pri:216, instance:com.mobicom.tests.MemberAccessTest@6f195bc3]" name="verifyAllowMemberAccessPageElements" duration-ms="43" started-at="2018-05-31T12:38:44Z" data-provider="allowAccessPageElements" finished-at="2018-05-31T12:38:44Z">
          <params>
            <param index="0">
              <value>
                <![CDATA[By.xpath: //span[text()='More Information']]]>
              </value>
            </param>
            <param index="1">
              <value>
                <![CDATA[moreInfo button found]]>
              </value>
            </param>
          </params>
          <reporter-output>
          </reporter-output>
        </test-method> <!-- verifyAllowMemberAccessPageElements -->
        <test-method status="PASS" signature="exportReports(org.testng.ITestResult)[pri:0, instance:com.mobicom.tests.MemberAccessTest@6f195bc3]" name="exportReports" is-config="true" duration-ms="1" started-at="2018-05-31T12:38:44Z" finished-at="2018-05-31T12:38:44Z">
          <params>
            <param index="0">
              <value>
                <![CDATA[[TestResult name=verifyAllowMemberAccessPageElements status=SUCCESS method=MemberAccessTest.verifyAllowMemberAccessPageElements(org.openqa.selenium.By, java.lang.String)[pri:216, instance:com.mobicom.tests.MemberAccessTest@6f195bc3] output={null}]]]>
              </value>
            </param>
          </params>
          <reporter-output>
          </reporter-output>
        </test-method> <!-- exportReports -->
        <test-method status="PASS" signature="beginTest(java.lang.reflect.Method)[pri:0, instance:com.mobicom.tests.MemberAccessTest@6f195bc3]" name="beginTest" is-config="true" duration-ms="0" started-at="2018-05-31T12:38:44Z" finished-at="2018-05-31T12:38:44Z">
          <params>
            <param index="0">
              <value>
                <![CDATA[public void com.mobicom.tests.MemberAccessTest.verifyAllowMemberAccessPageElements(org.openqa.selenium.By,java.lang.String)]]>
              </value>
            </param>
          </params>
          <reporter-output>
          </reporter-output>
        </test-method> <!-- beginTest -->
        <test-method status="PASS" signature="verifyAllowMemberAccessPageElements(org.openqa.selenium.By, java.lang.String)[pri:216, instance:com.mobicom.tests.MemberAccessTest@6f195bc3]" name="verifyAllowMemberAccessPageElements" duration-ms="46" started-at="2018-05-31T12:38:44Z" data-provider="allowAccessPageElements" finished-at="2018-05-31T12:38:44Z">
          <params>
            <param index="0">
              <value>
                <![CDATA[By.xpath: //div[@class='modal-title']/../button[@class='close' and text()='×']]]>
              </value>
            </param>
            <param index="1">
              <value>
                <![CDATA[closeButton not found]]>
              </value>
            </param>
          </params>
          <reporter-output>
          </reporter-output>
        </test-method> <!-- verifyAllowMemberAccessPageElements -->
        <test-method status="PASS" signature="exportReports(org.testng.ITestResult)[pri:0, instance:com.mobicom.tests.MemberAccessTest@6f195bc3]" name="exportReports" is-config="true" duration-ms="1" started-at="2018-05-31T12:38:44Z" finished-at="2018-05-31T12:38:44Z">
          <params>
            <param index="0">
              <value>
                <![CDATA[[TestResult name=verifyAllowMemberAccessPageElements status=SUCCESS method=MemberAccessTest.verifyAllowMemberAccessPageElements(org.openqa.selenium.By, java.lang.String)[pri:216, instance:com.mobicom.tests.MemberAccessTest@6f195bc3] output={null}]]]>
              </value>
            </param>
          </params>
          <reporter-output>
          </reporter-output>
        </test-method> <!-- exportReports -->
        <test-method status="PASS" signature="beginTest(java.lang.reflect.Method)[pri:0, instance:com.mobicom.tests.MemberAccessTest@6f195bc3]" name="beginTest" is-config="true" duration-ms="0" started-at="2018-05-31T12:38:44Z" finished-at="2018-05-31T12:38:44Z">
          <params>
            <param index="0">
              <value>
                <![CDATA[public void com.mobicom.tests.MemberAccessTest.verifyAllowMemberAccessPageElements(org.openqa.selenium.By,java.lang.String)]]>
              </value>
            </param>
          </params>
          <reporter-output>
          </reporter-output>
        </test-method> <!-- beginTest -->
        <test-method status="PASS" signature="verifyAllowMemberAccessPageElements(org.openqa.selenium.By, java.lang.String)[pri:216, instance:com.mobicom.tests.MemberAccessTest@6f195bc3]" name="verifyAllowMemberAccessPageElements" duration-ms="47" started-at="2018-05-31T12:38:44Z" data-provider="allowAccessPageElements" finished-at="2018-05-31T12:38:44Z">
          <params>
            <param index="0">
              <value>
                <![CDATA[By.id: nextTab]]>
              </value>
            </param>
            <param index="1">
              <value>
                <![CDATA[nextButton not found]]>
              </value>
            </param>
          </params>
          <reporter-output>
          </reporter-output>
        </test-method> <!-- verifyAllowMemberAccessPageElements -->
        <test-method status="PASS" signature="exportReports(org.testng.ITestResult)[pri:0, instance:com.mobicom.tests.MemberAccessTest@6f195bc3]" name="exportReports" is-config="true" duration-ms="1" started-at="2018-05-31T12:38:44Z" finished-at="2018-05-31T12:38:44Z">
          <params>
            <param index="0">
              <value>
                <![CDATA[[TestResult name=verifyAllowMemberAccessPageElements status=SUCCESS method=MemberAccessTest.verifyAllowMemberAccessPageElements(org.openqa.selenium.By, java.lang.String)[pri:216, instance:com.mobicom.tests.MemberAccessTest@6f195bc3] output={null}]]]>
              </value>
            </param>
          </params>
          <reporter-output>
          </reporter-output>
        </test-method> <!-- exportReports -->
        <test-method status="PASS" signature="verifyAllowMemberAccessPageElements(org.openqa.selenium.By, java.lang.String)[pri:216, instance:com.mobicom.tests.MemberAccessTest@6f195bc3]" name="verifyAllowMemberAccessPageElements" duration-ms="94" started-at="2018-05-31T12:38:44Z" data-provider="allowAccessPageElements" finished-at="2018-05-31T12:38:44Z">
          <params>
            <param index="0">
              <value>
                <![CDATA[By.xpath: //h4[text()='ABOUT US']]]>
              </value>
            </param>
            <param index="1">
              <value>
                <![CDATA[aboutUs section not found]]>
              </value>
            </param>
          </params>
          <reporter-output>
          </reporter-output>
        </test-method> <!-- verifyAllowMemberAccessPageElements -->
        <test-method status="PASS" signature="beginTest(java.lang.reflect.Method)[pri:0, instance:com.mobicom.tests.MemberAccessTest@6f195bc3]" name="beginTest" is-config="true" duration-ms="0" started-at="2018-05-31T12:38:44Z" finished-at="2018-05-31T12:38:44Z">
          <params>
            <param index="0">
              <value>
                <![CDATA[public void com.mobicom.tests.MemberAccessTest.verifyAllowMemberAccessPageElements(org.openqa.selenium.By,java.lang.String)]]>
              </value>
            </param>
          </params>
          <reporter-output>
          </reporter-output>
        </test-method> <!-- beginTest -->
        <test-method status="PASS" signature="exportReports(org.testng.ITestResult)[pri:0, instance:com.mobicom.tests.MemberAccessTest@6f195bc3]" name="exportReports" is-config="true" duration-ms="0" started-at="2018-05-31T12:38:44Z" finished-at="2018-05-31T12:38:44Z">
          <params>
            <param index="0">
              <value>
                <![CDATA[[TestResult name=verifyAllowMemberAccessPageElements status=SUCCESS method=MemberAccessTest.verifyAllowMemberAccessPageElements(org.openqa.selenium.By, java.lang.String)[pri:216, instance:com.mobicom.tests.MemberAccessTest@6f195bc3] output={null}]]]>
              </value>
            </param>
          </params>
          <reporter-output>
          </reporter-output>
        </test-method> <!-- exportReports -->
        <test-method status="PASS" signature="clickNextButtonInRemoveAccess()[pri:217, instance:com.mobicom.tests.MemberAccessTest@6f195bc3]" name="clickNextButtonInRemoveAccess" duration-ms="155" started-at="2018-05-31T12:38:44Z" finished-at="2018-05-31T12:38:44Z">
          <reporter-output>
          </reporter-output>
        </test-method> <!-- clickNextButtonInRemoveAccess -->
        <test-method status="PASS" signature="beginTest(java.lang.reflect.Method)[pri:0, instance:com.mobicom.tests.MemberAccessTest@6f195bc3]" name="beginTest" is-config="true" duration-ms="0" started-at="2018-05-31T12:38:44Z" finished-at="2018-05-31T12:38:44Z">
          <params>
            <param index="0">
              <value>
                <![CDATA[public void com.mobicom.tests.MemberAccessTest.clickNextButtonInRemoveAccess()]]>
              </value>
            </param>
          </params>
          <reporter-output>
          </reporter-output>
        </test-method> <!-- beginTest -->
        <test-method status="PASS" signature="exportReports(org.testng.ITestResult)[pri:0, instance:com.mobicom.tests.MemberAccessTest@6f195bc3]" name="exportReports" is-config="true" duration-ms="0" started-at="2018-05-31T12:38:44Z" finished-at="2018-05-31T12:38:44Z">
          <params>
            <param index="0">
              <value>
                <![CDATA[[TestResult name=clickNextButtonInRemoveAccess status=SUCCESS method=MemberAccessTest.clickNextButtonInRemoveAccess()[pri:217, instance:com.mobicom.tests.MemberAccessTest@6f195bc3] output={null}]]]>
              </value>
            </param>
          </params>
          <reporter-output>
          </reporter-output>
        </test-method> <!-- exportReports -->
        <test-method status="PASS" signature="clickAcceptingRequestsButton()[pri:218, instance:com.mobicom.tests.MemberAccessTest@6f195bc3]" name="clickAcceptingRequestsButton" duration-ms="658" started-at="2018-05-31T12:38:44Z" finished-at="2018-05-31T12:38:45Z">
          <reporter-output>
          </reporter-output>
        </test-method> <!-- clickAcceptingRequestsButton -->
        <test-method status="PASS" signature="beginTest(java.lang.reflect.Method)[pri:0, instance:com.mobicom.tests.MemberAccessTest@6f195bc3]" name="beginTest" is-config="true" duration-ms="0" started-at="2018-05-31T12:38:44Z" finished-at="2018-05-31T12:38:44Z">
          <params>
            <param index="0">
              <value>
                <![CDATA[public void com.mobicom.tests.MemberAccessTest.clickAcceptingRequestsButton()]]>
              </value>
            </param>
          </params>
          <reporter-output>
          </reporter-output>
        </test-method> <!-- beginTest -->
        <test-method status="PASS" signature="exportReports(org.testng.ITestResult)[pri:0, instance:com.mobicom.tests.MemberAccessTest@6f195bc3]" name="exportReports" is-config="true" duration-ms="1" started-at="2018-05-31T12:38:45Z" finished-at="2018-05-31T12:38:45Z">
          <params>
            <param index="0">
              <value>
                <![CDATA[[TestResult name=clickAcceptingRequestsButton status=SUCCESS method=MemberAccessTest.clickAcceptingRequestsButton()[pri:218, instance:com.mobicom.tests.MemberAccessTest@6f195bc3] output={null}]]]>
              </value>
            </param>
          </params>
          <reporter-output>
          </reporter-output>
        </test-method> <!-- exportReports -->
      </class> <!-- com.mobicom.tests.MemberAccessTest -->
    </test> <!-- Chrome on mac -->
  </suite> <!-- Suite -->
</testng-results>
