<?xml version="1.0" encoding="UTF-8"?>
<testng-results skipped="0" failed="0" ignored="1" total="26" passed="25">
  <reporter-output>
  </reporter-output>
  <suite name="Suite" duration-ms="7943" started-at="2018-07-06T05:36:22Z" finished-at="2018-07-06T05:36:30Z">
    <groups>
    </groups>
    <test name="Chrome on mac" duration-ms="7943" started-at="2018-07-06T05:36:22Z" finished-at="2018-07-06T05:36:30Z">
      <class name="com.mobicom.tests.ClubProfileTest">
        <test-method status="PASS" signature="beforeTheClass(java.lang.String)[pri:0, instance:com.mobicom.tests.ClubProfileTest@38bc8ab5]" name="beforeTheClass" is-config="true" duration-ms="1" started-at="2018-07-06T05:36:27Z" finished-at="2018-07-06T05:36:27Z">
          <params>
            <param index="0">
              <value>
                <![CDATA[Chrome on mac]]>
              </value>
            </param>
          </params>
          <reporter-output>
          </reporter-output>
        </test-method> <!-- beforeTheClass -->
        <test-method status="PASS" signature="beginTest(java.lang.reflect.Method)[pri:0, instance:com.mobicom.tests.ClubProfileTest@38bc8ab5]" name="beginTest" is-config="true" duration-ms="1" started-at="2018-07-06T05:36:27Z" finished-at="2018-07-06T05:36:27Z">
          <params>
            <param index="0">
              <value>
                <![CDATA[public void com.mobicom.tests.ClubProfileTest.clickDashboardInMenu()]]>
              </value>
            </param>
          </params>
          <reporter-output>
          </reporter-output>
        </test-method> <!-- beginTest -->
        <test-method status="PASS" signature="clickDashboardInMenu()[pri:51, instance:com.mobicom.tests.ClubProfileTest@38bc8ab5]" name="clickDashboardInMenu" duration-ms="127" started-at="2018-07-06T05:36:27Z" finished-at="2018-07-06T05:36:27Z">
          <reporter-output>
          </reporter-output>
        </test-method> <!-- clickDashboardInMenu -->
        <test-method status="PASS" signature="exportReports(org.testng.ITestResult)[pri:0, instance:com.mobicom.tests.ClubProfileTest@38bc8ab5]" name="exportReports" is-config="true" duration-ms="1" started-at="2018-07-06T05:36:27Z" finished-at="2018-07-06T05:36:27Z">
          <params>
            <param index="0">
              <value>
                <![CDATA[[TestResult name=clickDashboardInMenu status=SUCCESS method=ClubProfileTest.clickDashboardInMenu()[pri:51, instance:com.mobicom.tests.ClubProfileTest@38bc8ab5] output={null}]]]>
              </value>
            </param>
          </params>
          <reporter-output>
          </reporter-output>
        </test-method> <!-- exportReports -->
        <test-method status="PASS" signature="beginTest(java.lang.reflect.Method)[pri:0, instance:com.mobicom.tests.ClubProfileTest@38bc8ab5]" name="beginTest" is-config="true" duration-ms="1" started-at="2018-07-06T05:36:27Z" finished-at="2018-07-06T05:36:27Z">
          <params>
            <param index="0">
              <value>
                <![CDATA[public void com.mobicom.tests.ClubProfileTest.clickClubProfileInMenu() throws java.lang.InterruptedException]]>
              </value>
            </param>
          </params>
          <reporter-output>
          </reporter-output>
        </test-method> <!-- beginTest -->
        <test-method status="PASS" signature="clickClubProfileInMenu()[pri:52, instance:com.mobicom.tests.ClubProfileTest@38bc8ab5]" name="clickClubProfileInMenu" duration-ms="820" started-at="2018-07-06T05:36:27Z" finished-at="2018-07-06T05:36:28Z">
          <reporter-output>
          </reporter-output>
        </test-method> <!-- clickClubProfileInMenu -->
        <test-method status="PASS" signature="exportReports(org.testng.ITestResult)[pri:0, instance:com.mobicom.tests.ClubProfileTest@38bc8ab5]" name="exportReports" is-config="true" duration-ms="0" started-at="2018-07-06T05:36:28Z" finished-at="2018-07-06T05:36:28Z">
          <params>
            <param index="0">
              <value>
                <![CDATA[[TestResult name=clickClubProfileInMenu status=SUCCESS method=ClubProfileTest.clickClubProfileInMenu()[pri:52, instance:com.mobicom.tests.ClubProfileTest@38bc8ab5] output={null}]]]>
              </value>
            </param>
          </params>
          <reporter-output>
          </reporter-output>
        </test-method> <!-- exportReports -->
        <test-method status="PASS" signature="beginTest(java.lang.reflect.Method)[pri:0, instance:com.mobicom.tests.ClubProfileTest@38bc8ab5]" name="beginTest" is-config="true" duration-ms="0" started-at="2018-07-06T05:36:28Z" finished-at="2018-07-06T05:36:28Z">
          <params>
            <param index="0">
              <value>
                <![CDATA[public void com.mobicom.tests.ClubProfileTest.clickBasicInfoInMenu()]]>
              </value>
            </param>
          </params>
          <reporter-output>
          </reporter-output>
        </test-method> <!-- beginTest -->
        <test-method status="PASS" signature="clickBasicInfoInMenu()[pri:53, instance:com.mobicom.tests.ClubProfileTest@38bc8ab5]" name="clickBasicInfoInMenu" duration-ms="873" started-at="2018-07-06T05:36:28Z" finished-at="2018-07-06T05:36:29Z">
          <reporter-output>
          </reporter-output>
        </test-method> <!-- clickBasicInfoInMenu -->
        <test-method status="PASS" signature="exportReports(org.testng.ITestResult)[pri:0, instance:com.mobicom.tests.ClubProfileTest@38bc8ab5]" name="exportReports" is-config="true" duration-ms="1" started-at="2018-07-06T05:36:29Z" finished-at="2018-07-06T05:36:29Z">
          <params>
            <param index="0">
              <value>
                <![CDATA[[TestResult name=clickBasicInfoInMenu status=SUCCESS method=ClubProfileTest.clickBasicInfoInMenu()[pri:53, instance:com.mobicom.tests.ClubProfileTest@38bc8ab5] output={null}]]]>
              </value>
            </param>
          </params>
          <reporter-output>
          </reporter-output>
        </test-method> <!-- exportReports -->
        <test-method status="PASS" signature="beginTest(java.lang.reflect.Method)[pri:0, instance:com.mobicom.tests.ClubProfileTest@38bc8ab5]" name="beginTest" is-config="true" duration-ms="0" started-at="2018-07-06T05:36:29Z" finished-at="2018-07-06T05:36:29Z">
          <params>
            <param index="0">
              <value>
                <![CDATA[public void com.mobicom.tests.ClubProfileTest.testProfilePageElements(org.openqa.selenium.By,java.lang.String)]]>
              </value>
            </param>
          </params>
          <reporter-output>
          </reporter-output>
        </test-method> <!-- beginTest -->
        <test-method status="PASS" signature="testProfilePageElements(org.openqa.selenium.By, java.lang.String)[pri:54, instance:com.mobicom.tests.ClubProfileTest@38bc8ab5]" name="testProfilePageElements" duration-ms="52" started-at="2018-07-06T05:36:29Z" data-provider="homePageElements" finished-at="2018-07-06T05:36:29Z">
          <params>
            <param index="0">
              <value>
                <![CDATA[By.xpath: //h4[text()='Club Management System']]]>
              </value>
            </param>
            <param index="1">
              <value>
                <![CDATA[Page header not found]]>
              </value>
            </param>
          </params>
          <reporter-output>
          </reporter-output>
        </test-method> <!-- testProfilePageElements -->
        <test-method status="PASS" signature="exportReports(org.testng.ITestResult)[pri:0, instance:com.mobicom.tests.ClubProfileTest@38bc8ab5]" name="exportReports" is-config="true" duration-ms="1" started-at="2018-07-06T05:36:29Z" finished-at="2018-07-06T05:36:29Z">
          <params>
            <param index="0">
              <value>
                <![CDATA[[TestResult name=testProfilePageElements status=SUCCESS method=ClubProfileTest.testProfilePageElements(org.openqa.selenium.By, java.lang.String)[pri:54, instance:com.mobicom.tests.ClubProfileTest@38bc8ab5] output={null}]]]>
              </value>
            </param>
          </params>
          <reporter-output>
          </reporter-output>
        </test-method> <!-- exportReports -->
        <test-method status="PASS" signature="testProfilePageElements(org.openqa.selenium.By, java.lang.String)[pri:54, instance:com.mobicom.tests.ClubProfileTest@38bc8ab5]" name="testProfilePageElements" duration-ms="71" started-at="2018-07-06T05:36:29Z" data-provider="homePageElements" finished-at="2018-07-06T05:36:29Z">
          <params>
            <param index="0">
              <value>
                <![CDATA[By.xpath: //b[text()='Year Founded']]]>
              </value>
            </param>
            <param index="1">
              <value>
                <![CDATA[Year founded label not found]]>
              </value>
            </param>
          </params>
          <reporter-output>
          </reporter-output>
        </test-method> <!-- testProfilePageElements -->
        <test-method status="PASS" signature="beginTest(java.lang.reflect.Method)[pri:0, instance:com.mobicom.tests.ClubProfileTest@38bc8ab5]" name="beginTest" is-config="true" duration-ms="0" started-at="2018-07-06T05:36:29Z" finished-at="2018-07-06T05:36:29Z">
          <params>
            <param index="0">
              <value>
                <![CDATA[public void com.mobicom.tests.ClubProfileTest.testProfilePageElements(org.openqa.selenium.By,java.lang.String)]]>
              </value>
            </param>
          </params>
          <reporter-output>
          </reporter-output>
        </test-method> <!-- beginTest -->
        <test-method status="PASS" signature="exportReports(org.testng.ITestResult)[pri:0, instance:com.mobicom.tests.ClubProfileTest@38bc8ab5]" name="exportReports" is-config="true" duration-ms="2" started-at="2018-07-06T05:36:29Z" finished-at="2018-07-06T05:36:29Z">
          <params>
            <param index="0">
              <value>
                <![CDATA[[TestResult name=testProfilePageElements status=SUCCESS method=ClubProfileTest.testProfilePageElements(org.openqa.selenium.By, java.lang.String)[pri:54, instance:com.mobicom.tests.ClubProfileTest@38bc8ab5] output={null}]]]>
              </value>
            </param>
          </params>
          <reporter-output>
          </reporter-output>
        </test-method> <!-- exportReports -->
        <test-method status="PASS" signature="beginTest(java.lang.reflect.Method)[pri:0, instance:com.mobicom.tests.ClubProfileTest@38bc8ab5]" name="beginTest" is-config="true" duration-ms="1" started-at="2018-07-06T05:36:29Z" finished-at="2018-07-06T05:36:29Z">
          <params>
            <param index="0">
              <value>
                <![CDATA[public void com.mobicom.tests.ClubProfileTest.testProfilePageElements(org.openqa.selenium.By,java.lang.String)]]>
              </value>
            </param>
          </params>
          <reporter-output>
          </reporter-output>
        </test-method> <!-- beginTest -->
        <test-method status="PASS" signature="testProfilePageElements(org.openqa.selenium.By, java.lang.String)[pri:54, instance:com.mobicom.tests.ClubProfileTest@38bc8ab5]" name="testProfilePageElements" duration-ms="65" started-at="2018-07-06T05:36:29Z" data-provider="homePageElements" finished-at="2018-07-06T05:36:29Z">
          <params>
            <param index="0">
              <value>
                <![CDATA[By.xpath: //b[text()='Year Founded']/following-sibling::a]]>
              </value>
            </param>
            <param index="1">
              <value>
                <![CDATA[Year founded value not found]]>
              </value>
            </param>
          </params>
          <reporter-output>
          </reporter-output>
        </test-method> <!-- testProfilePageElements -->
        <test-method status="PASS" signature="exportReports(org.testng.ITestResult)[pri:0, instance:com.mobicom.tests.ClubProfileTest@38bc8ab5]" name="exportReports" is-config="true" duration-ms="2" started-at="2018-07-06T05:36:29Z" finished-at="2018-07-06T05:36:29Z">
          <params>
            <param index="0">
              <value>
                <![CDATA[[TestResult name=testProfilePageElements status=SUCCESS method=ClubProfileTest.testProfilePageElements(org.openqa.selenium.By, java.lang.String)[pri:54, instance:com.mobicom.tests.ClubProfileTest@38bc8ab5] output={null}]]]>
              </value>
            </param>
          </params>
          <reporter-output>
          </reporter-output>
        </test-method> <!-- exportReports -->
        <test-method status="PASS" signature="beginTest(java.lang.reflect.Method)[pri:0, instance:com.mobicom.tests.ClubProfileTest@38bc8ab5]" name="beginTest" is-config="true" duration-ms="3" started-at="2018-07-06T05:36:29Z" finished-at="2018-07-06T05:36:29Z">
          <params>
            <param index="0">
              <value>
                <![CDATA[public void com.mobicom.tests.ClubProfileTest.testProfilePageElements(org.openqa.selenium.By,java.lang.String)]]>
              </value>
            </param>
          </params>
          <reporter-output>
          </reporter-output>
        </test-method> <!-- beginTest -->
        <test-method status="PASS" signature="testProfilePageElements(org.openqa.selenium.By, java.lang.String)[pri:54, instance:com.mobicom.tests.ClubProfileTest@38bc8ab5]" name="testProfilePageElements" duration-ms="47" started-at="2018-07-06T05:36:29Z" data-provider="homePageElements" finished-at="2018-07-06T05:36:29Z">
          <params>
            <param index="0">
              <value>
                <![CDATA[By.xpath: //b[text()='Year Founded']]]>
              </value>
            </param>
            <param index="1">
              <value>
                <![CDATA[Club type label not found]]>
              </value>
            </param>
          </params>
          <reporter-output>
          </reporter-output>
        </test-method> <!-- testProfilePageElements -->
        <test-method status="PASS" signature="exportReports(org.testng.ITestResult)[pri:0, instance:com.mobicom.tests.ClubProfileTest@38bc8ab5]" name="exportReports" is-config="true" duration-ms="0" started-at="2018-07-06T05:36:29Z" finished-at="2018-07-06T05:36:29Z">
          <params>
            <param index="0">
              <value>
                <![CDATA[[TestResult name=testProfilePageElements status=SUCCESS method=ClubProfileTest.testProfilePageElements(org.openqa.selenium.By, java.lang.String)[pri:54, instance:com.mobicom.tests.ClubProfileTest@38bc8ab5] output={null}]]]>
              </value>
            </param>
          </params>
          <reporter-output>
          </reporter-output>
        </test-method> <!-- exportReports -->
        <test-method status="PASS" signature="testProfilePageElements(org.openqa.selenium.By, java.lang.String)[pri:54, instance:com.mobicom.tests.ClubProfileTest@38bc8ab5]" name="testProfilePageElements" duration-ms="79" started-at="2018-07-06T05:36:29Z" data-provider="homePageElements" finished-at="2018-07-06T05:36:29Z">
          <params>
            <param index="0">
              <value>
                <![CDATA[By.xpath: //a[text()='Country Club']]]>
              </value>
            </param>
            <param index="1">
              <value>
                <![CDATA[Club type value not found]]>
              </value>
            </param>
          </params>
          <reporter-output>
          </reporter-output>
        </test-method> <!-- testProfilePageElements -->
        <test-method status="PASS" signature="beginTest(java.lang.reflect.Method)[pri:0, instance:com.mobicom.tests.ClubProfileTest@38bc8ab5]" name="beginTest" is-config="true" duration-ms="0" started-at="2018-07-06T05:36:29Z" finished-at="2018-07-06T05:36:29Z">
          <params>
            <param index="0">
              <value>
                <![CDATA[public void com.mobicom.tests.ClubProfileTest.testProfilePageElements(org.openqa.selenium.By,java.lang.String)]]>
              </value>
            </param>
          </params>
          <reporter-output>
          </reporter-output>
        </test-method> <!-- beginTest -->
        <test-method status="PASS" signature="exportReports(org.testng.ITestResult)[pri:0, instance:com.mobicom.tests.ClubProfileTest@38bc8ab5]" name="exportReports" is-config="true" duration-ms="0" started-at="2018-07-06T05:36:29Z" finished-at="2018-07-06T05:36:29Z">
          <params>
            <param index="0">
              <value>
                <![CDATA[[TestResult name=testProfilePageElements status=SUCCESS method=ClubProfileTest.testProfilePageElements(org.openqa.selenium.By, java.lang.String)[pri:54, instance:com.mobicom.tests.ClubProfileTest@38bc8ab5] output={null}]]]>
              </value>
            </param>
          </params>
          <reporter-output>
          </reporter-output>
        </test-method> <!-- exportReports -->
        <test-method status="PASS" signature="beginTest(java.lang.reflect.Method)[pri:0, instance:com.mobicom.tests.ClubProfileTest@38bc8ab5]" name="beginTest" is-config="true" duration-ms="0" started-at="2018-07-06T05:36:29Z" finished-at="2018-07-06T05:36:29Z">
          <params>
            <param index="0">
              <value>
                <![CDATA[public void com.mobicom.tests.ClubProfileTest.testProfilePageElements(org.openqa.selenium.By,java.lang.String)]]>
              </value>
            </param>
          </params>
          <reporter-output>
          </reporter-output>
        </test-method> <!-- beginTest -->
        <test-method status="PASS" signature="testProfilePageElements(org.openqa.selenium.By, java.lang.String)[pri:54, instance:com.mobicom.tests.ClubProfileTest@38bc8ab5]" name="testProfilePageElements" duration-ms="63" started-at="2018-07-06T05:36:29Z" data-provider="homePageElements" finished-at="2018-07-06T05:36:29Z">
          <params>
            <param index="0">
              <value>
                <![CDATA[By.xpath: //b[text()='Total Members']]]>
              </value>
            </param>
            <param index="1">
              <value>
                <![CDATA[Total members label not found]]>
              </value>
            </param>
          </params>
          <reporter-output>
          </reporter-output>
        </test-method> <!-- testProfilePageElements -->
        <test-method status="PASS" signature="exportReports(org.testng.ITestResult)[pri:0, instance:com.mobicom.tests.ClubProfileTest@38bc8ab5]" name="exportReports" is-config="true" duration-ms="1" started-at="2018-07-06T05:36:29Z" finished-at="2018-07-06T05:36:29Z">
          <params>
            <param index="0">
              <value>
                <![CDATA[[TestResult name=testProfilePageElements status=SUCCESS method=ClubProfileTest.testProfilePageElements(org.openqa.selenium.By, java.lang.String)[pri:54, instance:com.mobicom.tests.ClubProfileTest@38bc8ab5] output={null}]]]>
              </value>
            </param>
          </params>
          <reporter-output>
          </reporter-output>
        </test-method> <!-- exportReports -->
        <test-method status="PASS" signature="beginTest(java.lang.reflect.Method)[pri:0, instance:com.mobicom.tests.ClubProfileTest@38bc8ab5]" name="beginTest" is-config="true" duration-ms="0" started-at="2018-07-06T05:36:29Z" finished-at="2018-07-06T05:36:29Z">
          <params>
            <param index="0">
              <value>
                <![CDATA[public void com.mobicom.tests.ClubProfileTest.testProfilePageElements(org.openqa.selenium.By,java.lang.String)]]>
              </value>
            </param>
          </params>
          <reporter-output>
          </reporter-output>
        </test-method> <!-- beginTest -->
        <test-method status="PASS" signature="testProfilePageElements(org.openqa.selenium.By, java.lang.String)[pri:54, instance:com.mobicom.tests.ClubProfileTest@38bc8ab5]" name="testProfilePageElements" duration-ms="60" started-at="2018-07-06T05:36:29Z" data-provider="homePageElements" finished-at="2018-07-06T05:36:29Z">
          <params>
            <param index="0">
              <value>
                <![CDATA[By.xpath: //b[text()='Total Members']/following-sibling::a]]>
              </value>
            </param>
            <param index="1">
              <value>
                <![CDATA[Total members value not found]]>
              </value>
            </param>
          </params>
          <reporter-output>
          </reporter-output>
        </test-method> <!-- testProfilePageElements -->
        <test-method status="PASS" signature="exportReports(org.testng.ITestResult)[pri:0, instance:com.mobicom.tests.ClubProfileTest@38bc8ab5]" name="exportReports" is-config="true" duration-ms="1" started-at="2018-07-06T05:36:29Z" finished-at="2018-07-06T05:36:29Z">
          <params>
            <param index="0">
              <value>
                <![CDATA[[TestResult name=testProfilePageElements status=SUCCESS method=ClubProfileTest.testProfilePageElements(org.openqa.selenium.By, java.lang.String)[pri:54, instance:com.mobicom.tests.ClubProfileTest@38bc8ab5] output={null}]]]>
              </value>
            </param>
          </params>
          <reporter-output>
          </reporter-output>
        </test-method> <!-- exportReports -->
        <test-method status="PASS" signature="testProfilePageElements(org.openqa.selenium.By, java.lang.String)[pri:54, instance:com.mobicom.tests.ClubProfileTest@38bc8ab5]" name="testProfilePageElements" duration-ms="68" started-at="2018-07-06T05:36:29Z" data-provider="homePageElements" finished-at="2018-07-06T05:36:29Z">
          <params>
            <param index="0">
              <value>
                <![CDATA[By.xpath: //b[text()='Club URL']]]>
              </value>
            </param>
            <param index="1">
              <value>
                <![CDATA[Club URL label not found]]>
              </value>
            </param>
          </params>
          <reporter-output>
          </reporter-output>
        </test-method> <!-- testProfilePageElements -->
        <test-method status="PASS" signature="beginTest(java.lang.reflect.Method)[pri:0, instance:com.mobicom.tests.ClubProfileTest@38bc8ab5]" name="beginTest" is-config="true" duration-ms="0" started-at="2018-07-06T05:36:29Z" finished-at="2018-07-06T05:36:29Z">
          <params>
            <param index="0">
              <value>
                <![CDATA[public void com.mobicom.tests.ClubProfileTest.testProfilePageElements(org.openqa.selenium.By,java.lang.String)]]>
              </value>
            </param>
          </params>
          <reporter-output>
          </reporter-output>
        </test-method> <!-- beginTest -->
        <test-method status="PASS" signature="exportReports(org.testng.ITestResult)[pri:0, instance:com.mobicom.tests.ClubProfileTest@38bc8ab5]" name="exportReports" is-config="true" duration-ms="1" started-at="2018-07-06T05:36:29Z" finished-at="2018-07-06T05:36:29Z">
          <params>
            <param index="0">
              <value>
                <![CDATA[[TestResult name=testProfilePageElements status=SUCCESS method=ClubProfileTest.testProfilePageElements(org.openqa.selenium.By, java.lang.String)[pri:54, instance:com.mobicom.tests.ClubProfileTest@38bc8ab5] output={null}]]]>
              </value>
            </param>
          </params>
          <reporter-output>
          </reporter-output>
        </test-method> <!-- exportReports -->
        <test-method status="PASS" signature="beginTest(java.lang.reflect.Method)[pri:0, instance:com.mobicom.tests.ClubProfileTest@38bc8ab5]" name="beginTest" is-config="true" duration-ms="1" started-at="2018-07-06T05:36:29Z" finished-at="2018-07-06T05:36:29Z">
          <params>
            <param index="0">
              <value>
                <![CDATA[public void com.mobicom.tests.ClubProfileTest.testProfilePageElements(org.openqa.selenium.By,java.lang.String)]]>
              </value>
            </param>
          </params>
          <reporter-output>
          </reporter-output>
        </test-method> <!-- beginTest -->
        <test-method status="PASS" signature="testProfilePageElements(org.openqa.selenium.By, java.lang.String)[pri:54, instance:com.mobicom.tests.ClubProfileTest@38bc8ab5]" name="testProfilePageElements" duration-ms="72" started-at="2018-07-06T05:36:29Z" data-provider="homePageElements" finished-at="2018-07-06T05:36:29Z">
          <params>
            <param index="0">
              <value>
                <![CDATA[By.xpath: //div[contains(@class,'ClubUrl')]]]>
              </value>
            </param>
            <param index="1">
              <value>
                <![CDATA[Club URL value not found]]>
              </value>
            </param>
          </params>
          <reporter-output>
          </reporter-output>
        </test-method> <!-- testProfilePageElements -->
        <test-method status="PASS" signature="exportReports(org.testng.ITestResult)[pri:0, instance:com.mobicom.tests.ClubProfileTest@38bc8ab5]" name="exportReports" is-config="true" duration-ms="1" started-at="2018-07-06T05:36:29Z" finished-at="2018-07-06T05:36:29Z">
          <params>
            <param index="0">
              <value>
                <![CDATA[[TestResult name=testProfilePageElements status=SUCCESS method=ClubProfileTest.testProfilePageElements(org.openqa.selenium.By, java.lang.String)[pri:54, instance:com.mobicom.tests.ClubProfileTest@38bc8ab5] output={null}]]]>
              </value>
            </param>
          </params>
          <reporter-output>
          </reporter-output>
        </test-method> <!-- exportReports -->
        <test-method status="PASS" signature="beginTest(java.lang.reflect.Method)[pri:0, instance:com.mobicom.tests.ClubProfileTest@38bc8ab5]" name="beginTest" is-config="true" duration-ms="0" started-at="2018-07-06T05:36:29Z" finished-at="2018-07-06T05:36:29Z">
          <params>
            <param index="0">
              <value>
                <![CDATA[public void com.mobicom.tests.ClubProfileTest.testProfilePageElements(org.openqa.selenium.By,java.lang.String)]]>
              </value>
            </param>
          </params>
          <reporter-output>
          </reporter-output>
        </test-method> <!-- beginTest -->
        <test-method status="PASS" signature="testProfilePageElements(org.openqa.selenium.By, java.lang.String)[pri:54, instance:com.mobicom.tests.ClubProfileTest@38bc8ab5]" name="testProfilePageElements" duration-ms="69" started-at="2018-07-06T05:36:29Z" data-provider="homePageElements" finished-at="2018-07-06T05:36:29Z">
          <params>
            <param index="0">
              <value>
                <![CDATA[By.xpath: //strong[contains(text(),'Location')]]]>
              </value>
            </param>
            <param index="1">
              <value>
                <![CDATA[Location label not found]]>
              </value>
            </param>
          </params>
          <reporter-output>
          </reporter-output>
        </test-method> <!-- testProfilePageElements -->
        <test-method status="PASS" signature="exportReports(org.testng.ITestResult)[pri:0, instance:com.mobicom.tests.ClubProfileTest@38bc8ab5]" name="exportReports" is-config="true" duration-ms="1" started-at="2018-07-06T05:36:29Z" finished-at="2018-07-06T05:36:29Z">
          <params>
            <param index="0">
              <value>
                <![CDATA[[TestResult name=testProfilePageElements status=SUCCESS method=ClubProfileTest.testProfilePageElements(org.openqa.selenium.By, java.lang.String)[pri:54, instance:com.mobicom.tests.ClubProfileTest@38bc8ab5] output={null}]]]>
              </value>
            </param>
          </params>
          <reporter-output>
          </reporter-output>
        </test-method> <!-- exportReports -->
        <test-method status="PASS" signature="beginTest(java.lang.reflect.Method)[pri:0, instance:com.mobicom.tests.ClubProfileTest@38bc8ab5]" name="beginTest" is-config="true" duration-ms="0" started-at="2018-07-06T05:36:29Z" finished-at="2018-07-06T05:36:29Z">
          <params>
            <param index="0">
              <value>
                <![CDATA[public void com.mobicom.tests.ClubProfileTest.testProfilePageElements(org.openqa.selenium.By,java.lang.String)]]>
              </value>
            </param>
          </params>
          <reporter-output>
          </reporter-output>
        </test-method> <!-- beginTest -->
        <test-method status="PASS" signature="testProfilePageElements(org.openqa.selenium.By, java.lang.String)[pri:54, instance:com.mobicom.tests.ClubProfileTest@38bc8ab5]" name="testProfilePageElements" duration-ms="70" started-at="2018-07-06T05:36:29Z" data-provider="homePageElements" finished-at="2018-07-06T05:36:29Z">
          <params>
            <param index="0">
              <value>
                <![CDATA[By.xpath: //strong[contains(text(),'Location')]/following-sibling::div[contains(text(),'Bangalore')]]]>
              </value>
            </param>
            <param index="1">
              <value>
                <![CDATA[Location value not found]]>
              </value>
            </param>
          </params>
          <reporter-output>
          </reporter-output>
        </test-method> <!-- testProfilePageElements -->
        <test-method status="PASS" signature="exportReports(org.testng.ITestResult)[pri:0, instance:com.mobicom.tests.ClubProfileTest@38bc8ab5]" name="exportReports" is-config="true" duration-ms="0" started-at="2018-07-06T05:36:29Z" finished-at="2018-07-06T05:36:29Z">
          <params>
            <param index="0">
              <value>
                <![CDATA[[TestResult name=testProfilePageElements status=SUCCESS method=ClubProfileTest.testProfilePageElements(org.openqa.selenium.By, java.lang.String)[pri:54, instance:com.mobicom.tests.ClubProfileTest@38bc8ab5] output={null}]]]>
              </value>
            </param>
          </params>
          <reporter-output>
          </reporter-output>
        </test-method> <!-- exportReports -->
        <test-method status="PASS" signature="beginTest(java.lang.reflect.Method)[pri:0, instance:com.mobicom.tests.ClubProfileTest@38bc8ab5]" name="beginTest" is-config="true" duration-ms="0" started-at="2018-07-06T05:36:29Z" finished-at="2018-07-06T05:36:29Z">
          <params>
            <param index="0">
              <value>
                <![CDATA[public void com.mobicom.tests.ClubProfileTest.testProfilePageElements(org.openqa.selenium.By,java.lang.String)]]>
              </value>
            </param>
          </params>
          <reporter-output>
          </reporter-output>
        </test-method> <!-- beginTest -->
        <test-method status="PASS" signature="testProfilePageElements(org.openqa.selenium.By, java.lang.String)[pri:54, instance:com.mobicom.tests.ClubProfileTest@38bc8ab5]" name="testProfilePageElements" duration-ms="60" started-at="2018-07-06T05:36:29Z" data-provider="homePageElements" finished-at="2018-07-06T05:36:30Z">
          <params>
            <param index="0">
              <value>
                <![CDATA[By.xpath: //strong[contains(text(),'Phone')]]]>
              </value>
            </param>
            <param index="1">
              <value>
                <![CDATA[Phone field label not found]]>
              </value>
            </param>
          </params>
          <reporter-output>
          </reporter-output>
        </test-method> <!-- testProfilePageElements -->
        <test-method status="PASS" signature="exportReports(org.testng.ITestResult)[pri:0, instance:com.mobicom.tests.ClubProfileTest@38bc8ab5]" name="exportReports" is-config="true" duration-ms="6" started-at="2018-07-06T05:36:30Z" finished-at="2018-07-06T05:36:30Z">
          <params>
            <param index="0">
              <value>
                <![CDATA[[TestResult name=testProfilePageElements status=SUCCESS method=ClubProfileTest.testProfilePageElements(org.openqa.selenium.By, java.lang.String)[pri:54, instance:com.mobicom.tests.ClubProfileTest@38bc8ab5] output={null}]]]>
              </value>
            </param>
          </params>
          <reporter-output>
          </reporter-output>
        </test-method> <!-- exportReports -->
        <test-method status="PASS" signature="testProfilePageElements(org.openqa.selenium.By, java.lang.String)[pri:54, instance:com.mobicom.tests.ClubProfileTest@38bc8ab5]" name="testProfilePageElements" duration-ms="65" started-at="2018-07-06T05:36:30Z" data-provider="homePageElements" finished-at="2018-07-06T05:36:30Z">
          <params>
            <param index="0">
              <value>
                <![CDATA[By.xpath: //strong[contains(text(),'Phone')]/../p[contains(text(),'9844098440')]]]>
              </value>
            </param>
            <param index="1">
              <value>
                <![CDATA[Phone field value not found]]>
              </value>
            </param>
          </params>
          <reporter-output>
          </reporter-output>
        </test-method> <!-- testProfilePageElements -->
        <test-method status="PASS" signature="beginTest(java.lang.reflect.Method)[pri:0, instance:com.mobicom.tests.ClubProfileTest@38bc8ab5]" name="beginTest" is-config="true" duration-ms="0" started-at="2018-07-06T05:36:30Z" finished-at="2018-07-06T05:36:30Z">
          <params>
            <param index="0">
              <value>
                <![CDATA[public void com.mobicom.tests.ClubProfileTest.testProfilePageElements(org.openqa.selenium.By,java.lang.String)]]>
              </value>
            </param>
          </params>
          <reporter-output>
          </reporter-output>
        </test-method> <!-- beginTest -->
        <test-method status="PASS" signature="exportReports(org.testng.ITestResult)[pri:0, instance:com.mobicom.tests.ClubProfileTest@38bc8ab5]" name="exportReports" is-config="true" duration-ms="1" started-at="2018-07-06T05:36:30Z" finished-at="2018-07-06T05:36:30Z">
          <params>
            <param index="0">
              <value>
                <![CDATA[[TestResult name=testProfilePageElements status=SUCCESS method=ClubProfileTest.testProfilePageElements(org.openqa.selenium.By, java.lang.String)[pri:54, instance:com.mobicom.tests.ClubProfileTest@38bc8ab5] output={null}]]]>
              </value>
            </param>
          </params>
          <reporter-output>
          </reporter-output>
        </test-method> <!-- exportReports -->
        <test-method status="PASS" signature="testProfilePageElements(org.openqa.selenium.By, java.lang.String)[pri:54, instance:com.mobicom.tests.ClubProfileTest@38bc8ab5]" name="testProfilePageElements" duration-ms="63" started-at="2018-07-06T05:36:30Z" data-provider="homePageElements" finished-at="2018-07-06T05:36:30Z">
          <params>
            <param index="0">
              <value>
                <![CDATA[By.xpath: //strong[contains(text(),'Email')]]]>
              </value>
            </param>
            <param index="1">
              <value>
                <![CDATA[Email label not found]]>
              </value>
            </param>
          </params>
          <reporter-output>
          </reporter-output>
        </test-method> <!-- testProfilePageElements -->
        <test-method status="PASS" signature="beginTest(java.lang.reflect.Method)[pri:0, instance:com.mobicom.tests.ClubProfileTest@38bc8ab5]" name="beginTest" is-config="true" duration-ms="0" started-at="2018-07-06T05:36:30Z" finished-at="2018-07-06T05:36:30Z">
          <params>
            <param index="0">
              <value>
                <![CDATA[public void com.mobicom.tests.ClubProfileTest.testProfilePageElements(org.openqa.selenium.By,java.lang.String)]]>
              </value>
            </param>
          </params>
          <reporter-output>
          </reporter-output>
        </test-method> <!-- beginTest -->
        <test-method status="PASS" signature="exportReports(org.testng.ITestResult)[pri:0, instance:com.mobicom.tests.ClubProfileTest@38bc8ab5]" name="exportReports" is-config="true" duration-ms="1" started-at="2018-07-06T05:36:30Z" finished-at="2018-07-06T05:36:30Z">
          <params>
            <param index="0">
              <value>
                <![CDATA[[TestResult name=testProfilePageElements status=SUCCESS method=ClubProfileTest.testProfilePageElements(org.openqa.selenium.By, java.lang.String)[pri:54, instance:com.mobicom.tests.ClubProfileTest@38bc8ab5] output={null}]]]>
              </value>
            </param>
          </params>
          <reporter-output>
          </reporter-output>
        </test-method> <!-- exportReports -->
        <test-method status="PASS" signature="beginTest(java.lang.reflect.Method)[pri:0, instance:com.mobicom.tests.ClubProfileTest@38bc8ab5]" name="beginTest" is-config="true" duration-ms="0" started-at="2018-07-06T05:36:30Z" finished-at="2018-07-06T05:36:30Z">
          <params>
            <param index="0">
              <value>
                <![CDATA[public void com.mobicom.tests.ClubProfileTest.testProfilePageElements(org.openqa.selenium.By,java.lang.String)]]>
              </value>
            </param>
          </params>
          <reporter-output>
          </reporter-output>
        </test-method> <!-- beginTest -->
        <test-method status="PASS" signature="testProfilePageElements(org.openqa.selenium.By, java.lang.String)[pri:54, instance:com.mobicom.tests.ClubProfileTest@38bc8ab5]" name="testProfilePageElements" duration-ms="64" started-at="2018-07-06T05:36:30Z" data-provider="homePageElements" finished-at="2018-07-06T05:36:30Z">
          <params>
            <param index="0">
              <value>
                <![CDATA[By.xpath: //strong[contains(text(),'Email')]/../p]]>
              </value>
            </param>
            <param index="1">
              <value>
                <![CDATA[Email value value not found]]>
              </value>
            </param>
          </params>
          <reporter-output>
          </reporter-output>
        </test-method> <!-- testProfilePageElements -->
        <test-method status="PASS" signature="exportReports(org.testng.ITestResult)[pri:0, instance:com.mobicom.tests.ClubProfileTest@38bc8ab5]" name="exportReports" is-config="true" duration-ms="1" started-at="2018-07-06T05:36:30Z" finished-at="2018-07-06T05:36:30Z">
          <params>
            <param index="0">
              <value>
                <![CDATA[[TestResult name=testProfilePageElements status=SUCCESS method=ClubProfileTest.testProfilePageElements(org.openqa.selenium.By, java.lang.String)[pri:54, instance:com.mobicom.tests.ClubProfileTest@38bc8ab5] output={null}]]]>
              </value>
            </param>
          </params>
          <reporter-output>
          </reporter-output>
        </test-method> <!-- exportReports -->
        <test-method status="PASS" signature="beginTest(java.lang.reflect.Method)[pri:0, instance:com.mobicom.tests.ClubProfileTest@38bc8ab5]" name="beginTest" is-config="true" duration-ms="1" started-at="2018-07-06T05:36:30Z" finished-at="2018-07-06T05:36:30Z">
          <params>
            <param index="0">
              <value>
                <![CDATA[public void com.mobicom.tests.ClubProfileTest.testProfilePageElements(org.openqa.selenium.By,java.lang.String)]]>
              </value>
            </param>
          </params>
          <reporter-output>
          </reporter-output>
        </test-method> <!-- beginTest -->
        <test-method status="PASS" signature="testProfilePageElements(org.openqa.selenium.By, java.lang.String)[pri:54, instance:com.mobicom.tests.ClubProfileTest@38bc8ab5]" name="testProfilePageElements" duration-ms="74" started-at="2018-07-06T05:36:30Z" data-provider="homePageElements" finished-at="2018-07-06T05:36:30Z">
          <params>
            <param index="0">
              <value>
                <![CDATA[By.xpath: //a[contains(text(),'About Us')]]]>
              </value>
            </param>
            <param index="1">
              <value>
                <![CDATA[About us tab not found]]>
              </value>
            </param>
          </params>
          <reporter-output>
          </reporter-output>
        </test-method> <!-- testProfilePageElements -->
        <test-method status="PASS" signature="exportReports(org.testng.ITestResult)[pri:0, instance:com.mobicom.tests.ClubProfileTest@38bc8ab5]" name="exportReports" is-config="true" duration-ms="1" started-at="2018-07-06T05:36:30Z" finished-at="2018-07-06T05:36:30Z">
          <params>
            <param index="0">
              <value>
                <![CDATA[[TestResult name=testProfilePageElements status=SUCCESS method=ClubProfileTest.testProfilePageElements(org.openqa.selenium.By, java.lang.String)[pri:54, instance:com.mobicom.tests.ClubProfileTest@38bc8ab5] output={null}]]]>
              </value>
            </param>
          </params>
          <reporter-output>
          </reporter-output>
        </test-method> <!-- exportReports -->
        <test-method status="PASS" signature="testProfilePageElements(org.openqa.selenium.By, java.lang.String)[pri:54, instance:com.mobicom.tests.ClubProfileTest@38bc8ab5]" name="testProfilePageElements" duration-ms="65" started-at="2018-07-06T05:36:30Z" data-provider="homePageElements" finished-at="2018-07-06T05:36:30Z">
          <params>
            <param index="0">
              <value>
                <![CDATA[By.xpath: //a[contains(text(),'Affiliated Clubs')]]]>
              </value>
            </param>
            <param index="1">
              <value>
                <![CDATA[Affiliated Clubs tab not found]]>
              </value>
            </param>
          </params>
          <reporter-output>
          </reporter-output>
        </test-method> <!-- testProfilePageElements -->
        <test-method status="PASS" signature="beginTest(java.lang.reflect.Method)[pri:0, instance:com.mobicom.tests.ClubProfileTest@38bc8ab5]" name="beginTest" is-config="true" duration-ms="0" started-at="2018-07-06T05:36:30Z" finished-at="2018-07-06T05:36:30Z">
          <params>
            <param index="0">
              <value>
                <![CDATA[public void com.mobicom.tests.ClubProfileTest.testProfilePageElements(org.openqa.selenium.By,java.lang.String)]]>
              </value>
            </param>
          </params>
          <reporter-output>
          </reporter-output>
        </test-method> <!-- beginTest -->
        <test-method status="PASS" signature="exportReports(org.testng.ITestResult)[pri:0, instance:com.mobicom.tests.ClubProfileTest@38bc8ab5]" name="exportReports" is-config="true" duration-ms="0" started-at="2018-07-06T05:36:30Z" finished-at="2018-07-06T05:36:30Z">
          <params>
            <param index="0">
              <value>
                <![CDATA[[TestResult name=testProfilePageElements status=SUCCESS method=ClubProfileTest.testProfilePageElements(org.openqa.selenium.By, java.lang.String)[pri:54, instance:com.mobicom.tests.ClubProfileTest@38bc8ab5] output={null}]]]>
              </value>
            </param>
          </params>
          <reporter-output>
          </reporter-output>
        </test-method> <!-- exportReports -->
        <test-method status="PASS" signature="beginTest(java.lang.reflect.Method)[pri:0, instance:com.mobicom.tests.ClubProfileTest@38bc8ab5]" name="beginTest" is-config="true" duration-ms="1" started-at="2018-07-06T05:36:30Z" finished-at="2018-07-06T05:36:30Z">
          <params>
            <param index="0">
              <value>
                <![CDATA[public void com.mobicom.tests.ClubProfileTest.testProfilePageElements(org.openqa.selenium.By,java.lang.String)]]>
              </value>
            </param>
          </params>
          <reporter-output>
          </reporter-output>
        </test-method> <!-- beginTest -->
        <test-method status="PASS" signature="testProfilePageElements(org.openqa.selenium.By, java.lang.String)[pri:54, instance:com.mobicom.tests.ClubProfileTest@38bc8ab5]" name="testProfilePageElements" duration-ms="65" started-at="2018-07-06T05:36:30Z" data-provider="homePageElements" finished-at="2018-07-06T05:36:30Z">
          <params>
            <param index="0">
              <value>
                <![CDATA[By.xpath: //a[contains(text(),'Board Members')]]]>
              </value>
            </param>
            <param index="1">
              <value>
                <![CDATA[Board members tab not found]]>
              </value>
            </param>
          </params>
          <reporter-output>
          </reporter-output>
        </test-method> <!-- testProfilePageElements -->
        <test-method status="PASS" signature="exportReports(org.testng.ITestResult)[pri:0, instance:com.mobicom.tests.ClubProfileTest@38bc8ab5]" name="exportReports" is-config="true" duration-ms="1" started-at="2018-07-06T05:36:30Z" finished-at="2018-07-06T05:36:30Z">
          <params>
            <param index="0">
              <value>
                <![CDATA[[TestResult name=testProfilePageElements status=SUCCESS method=ClubProfileTest.testProfilePageElements(org.openqa.selenium.By, java.lang.String)[pri:54, instance:com.mobicom.tests.ClubProfileTest@38bc8ab5] output={null}]]]>
              </value>
            </param>
          </params>
          <reporter-output>
          </reporter-output>
        </test-method> <!-- exportReports -->
      </class> <!-- com.mobicom.tests.ClubProfileTest -->
      <class name="com.mobicom.tests.LoginTest">
        <test-method status="PASS" signature="beforeTheClass(java.lang.String)[pri:0, instance:com.mobicom.tests.LoginTest@6b9651f3]" name="beforeTheClass" is-config="true" duration-ms="2589" started-at="2018-07-06T05:36:22Z" finished-at="2018-07-06T05:36:25Z">
          <params>
            <param index="0">
              <value>
                <![CDATA[Chrome on mac]]>
              </value>
            </param>
          </params>
          <reporter-output>
          </reporter-output>
        </test-method> <!-- beforeTheClass -->
        <test-method status="PASS" signature="beginTest(java.lang.reflect.Method)[pri:0, instance:com.mobicom.tests.LoginTest@6b9651f3]" name="beginTest" is-config="true" duration-ms="5" started-at="2018-07-06T05:36:25Z" finished-at="2018-07-06T05:36:25Z">
          <params>
            <param index="0">
              <value>
                <![CDATA[public void com.mobicom.tests.LoginTest.testLoginPageElements(org.openqa.selenium.By,java.lang.String)]]>
              </value>
            </param>
          </params>
          <reporter-output>
          </reporter-output>
        </test-method> <!-- beginTest -->
        <test-method status="PASS" signature="testLoginPageElements(org.openqa.selenium.By, java.lang.String)[pri:1, instance:com.mobicom.tests.LoginTest@6b9651f3]" name="testLoginPageElements" duration-ms="88" started-at="2018-07-06T05:36:25Z" data-provider="loginPageElements" finished-at="2018-07-06T05:36:25Z">
          <params>
            <param index="0">
              <value>
                <![CDATA[By.xpath: //input[@name='username']]]>
              </value>
            </param>
            <param index="1">
              <value>
                <![CDATA[Username field not found]]>
              </value>
            </param>
          </params>
          <reporter-output>
          </reporter-output>
        </test-method> <!-- testLoginPageElements -->
        <test-method status="PASS" signature="exportReports(org.testng.ITestResult)[pri:0, instance:com.mobicom.tests.LoginTest@6b9651f3]" name="exportReports" is-config="true" duration-ms="11" started-at="2018-07-06T05:36:25Z" finished-at="2018-07-06T05:36:25Z">
          <params>
            <param index="0">
              <value>
                <![CDATA[[TestResult name=testLoginPageElements status=SUCCESS method=LoginTest.testLoginPageElements(org.openqa.selenium.By, java.lang.String)[pri:1, instance:com.mobicom.tests.LoginTest@6b9651f3] output={null}]]]>
              </value>
            </param>
          </params>
          <reporter-output>
          </reporter-output>
        </test-method> <!-- exportReports -->
        <test-method status="PASS" signature="beginTest(java.lang.reflect.Method)[pri:0, instance:com.mobicom.tests.LoginTest@6b9651f3]" name="beginTest" is-config="true" duration-ms="1" started-at="2018-07-06T05:36:25Z" finished-at="2018-07-06T05:36:25Z">
          <params>
            <param index="0">
              <value>
                <![CDATA[public void com.mobicom.tests.LoginTest.testLoginPageElements(org.openqa.selenium.By,java.lang.String)]]>
              </value>
            </param>
          </params>
          <reporter-output>
          </reporter-output>
        </test-method> <!-- beginTest -->
        <test-method status="PASS" signature="testLoginPageElements(org.openqa.selenium.By, java.lang.String)[pri:1, instance:com.mobicom.tests.LoginTest@6b9651f3]" name="testLoginPageElements" duration-ms="89" started-at="2018-07-06T05:36:25Z" data-provider="loginPageElements" finished-at="2018-07-06T05:36:25Z">
          <params>
            <param index="0">
              <value>
                <![CDATA[By.xpath: //input[@name='password']]]>
              </value>
            </param>
            <param index="1">
              <value>
                <![CDATA[Password field not found]]>
              </value>
            </param>
          </params>
          <reporter-output>
          </reporter-output>
        </test-method> <!-- testLoginPageElements -->
        <test-method status="PASS" signature="exportReports(org.testng.ITestResult)[pri:0, instance:com.mobicom.tests.LoginTest@6b9651f3]" name="exportReports" is-config="true" duration-ms="1" started-at="2018-07-06T05:36:25Z" finished-at="2018-07-06T05:36:25Z">
          <params>
            <param index="0">
              <value>
                <![CDATA[[TestResult name=testLoginPageElements status=SUCCESS method=LoginTest.testLoginPageElements(org.openqa.selenium.By, java.lang.String)[pri:1, instance:com.mobicom.tests.LoginTest@6b9651f3] output={null}]]]>
              </value>
            </param>
          </params>
          <reporter-output>
          </reporter-output>
        </test-method> <!-- exportReports -->
        <test-method status="PASS" signature="beginTest(java.lang.reflect.Method)[pri:0, instance:com.mobicom.tests.LoginTest@6b9651f3]" name="beginTest" is-config="true" duration-ms="1" started-at="2018-07-06T05:36:25Z" finished-at="2018-07-06T05:36:25Z">
          <params>
            <param index="0">
              <value>
                <![CDATA[public void com.mobicom.tests.LoginTest.testLoginPageElements(org.openqa.selenium.By,java.lang.String)]]>
              </value>
            </param>
          </params>
          <reporter-output>
          </reporter-output>
        </test-method> <!-- beginTest -->
        <test-method status="PASS" signature="testLoginPageElements(org.openqa.selenium.By, java.lang.String)[pri:1, instance:com.mobicom.tests.LoginTest@6b9651f3]" name="testLoginPageElements" duration-ms="72" started-at="2018-07-06T05:36:25Z" data-provider="loginPageElements" finished-at="2018-07-06T05:36:25Z">
          <params>
            <param index="0">
              <value>
                <![CDATA[By.xpath: //button[@id='proceed-btn']]]>
              </value>
            </param>
            <param index="1">
              <value>
                <![CDATA[Login button not found]]>
              </value>
            </param>
          </params>
          <reporter-output>
          </reporter-output>
        </test-method> <!-- testLoginPageElements -->
        <test-method status="PASS" signature="exportReports(org.testng.ITestResult)[pri:0, instance:com.mobicom.tests.LoginTest@6b9651f3]" name="exportReports" is-config="true" duration-ms="0" started-at="2018-07-06T05:36:25Z" finished-at="2018-07-06T05:36:25Z">
          <params>
            <param index="0">
              <value>
                <![CDATA[[TestResult name=testLoginPageElements status=SUCCESS method=LoginTest.testLoginPageElements(org.openqa.selenium.By, java.lang.String)[pri:1, instance:com.mobicom.tests.LoginTest@6b9651f3] output={null}]]]>
              </value>
            </param>
          </params>
          <reporter-output>
          </reporter-output>
        </test-method> <!-- exportReports -->
        <test-method status="PASS" signature="beginTest(java.lang.reflect.Method)[pri:0, instance:com.mobicom.tests.LoginTest@6b9651f3]" name="beginTest" is-config="true" duration-ms="1" started-at="2018-07-06T05:36:25Z" finished-at="2018-07-06T05:36:25Z">
          <params>
            <param index="0">
              <value>
                <![CDATA[public void com.mobicom.tests.LoginTest.loginToClub()]]>
              </value>
            </param>
          </params>
          <reporter-output>
          </reporter-output>
        </test-method> <!-- beginTest -->
        <test-method status="PASS" signature="loginToClub()[pri:2, instance:com.mobicom.tests.LoginTest@6b9651f3]" name="loginToClub" duration-ms="1707" started-at="2018-07-06T05:36:25Z" finished-at="2018-07-06T05:36:27Z">
          <reporter-output>
          </reporter-output>
        </test-method> <!-- loginToClub -->
        <test-method status="PASS" signature="exportReports(org.testng.ITestResult)[pri:0, instance:com.mobicom.tests.LoginTest@6b9651f3]" name="exportReports" is-config="true" duration-ms="1" started-at="2018-07-06T05:36:27Z" finished-at="2018-07-06T05:36:27Z">
          <params>
            <param index="0">
              <value>
                <![CDATA[[TestResult name=loginToClub status=SUCCESS method=LoginTest.loginToClub()[pri:2, instance:com.mobicom.tests.LoginTest@6b9651f3] output={null}]]]>
              </value>
            </param>
          </params>
          <reporter-output>
          </reporter-output>
        </test-method> <!-- exportReports -->
        <test-method status="PASS" signature="endTest()[pri:0, instance:com.mobicom.tests.LoginTest@6b9651f3]" name="endTest" is-config="true" duration-ms="307" started-at="2018-07-06T05:36:30Z" finished-at="2018-07-06T05:36:30Z">
          <reporter-output>
          </reporter-output>
        </test-method> <!-- endTest -->
      </class> <!-- com.mobicom.tests.LoginTest -->
    </test> <!-- Chrome on mac -->
  </suite> <!-- Suite -->
</testng-results>
