<?xml version="1.0" encoding="UTF-8"?>
<testng-results skipped="0" failed="1" ignored="0" total="22" passed="21">
  <reporter-output>
  </reporter-output>
  <suite name="Suite" duration-ms="21068" started-at="2018-05-02T12:22:31Z" finished-at="2018-05-02T12:22:52Z">
    <groups>
    </groups>
    <test name="Chrome on mac" duration-ms="21068" started-at="2018-05-02T12:22:31Z" finished-at="2018-05-02T12:22:52Z">
      <class name="com.mobicom.tests.LoginTest">
        <test-method status="PASS" signature="beforeTheClass(java.lang.String)[pri:0, instance:com.mobicom.tests.LoginTest@307f6b8c]" name="beforeTheClass" is-config="true" duration-ms="4561" started-at="2018-05-02T12:22:31Z" finished-at="2018-05-02T12:22:35Z">
          <params>
            <param index="0">
              <value>
                <![CDATA[Chrome on mac]]>
              </value>
            </param>
          </params>
          <reporter-output>
          </reporter-output>
        </test-method> <!-- beforeTheClass -->
        <test-method status="PASS" signature="beginTest(java.lang.reflect.Method)[pri:0, instance:com.mobicom.tests.LoginTest@307f6b8c]" name="beginTest" is-config="true" duration-ms="5" started-at="2018-05-02T12:22:35Z" finished-at="2018-05-02T12:22:35Z">
          <params>
            <param index="0">
              <value>
                <![CDATA[public void com.mobicom.tests.LoginTest.testLoginPageElements(org.openqa.selenium.By,java.lang.String)]]>
              </value>
            </param>
          </params>
          <reporter-output>
          </reporter-output>
        </test-method> <!-- beginTest -->
        <test-method status="PASS" signature="testLoginPageElements(org.openqa.selenium.By, java.lang.String)[pri:1, instance:com.mobicom.tests.LoginTest@307f6b8c]" name="testLoginPageElements" duration-ms="141" started-at="2018-05-02T12:22:35Z" data-provider="loginPageElements" finished-at="2018-05-02T12:22:36Z">
          <params>
            <param index="0">
              <value>
                <![CDATA[By.xpath: //input[@name='username']]]>
              </value>
            </param>
            <param index="1">
              <value>
                <![CDATA[Username field not found]]>
              </value>
            </param>
          </params>
          <reporter-output>
          </reporter-output>
        </test-method> <!-- testLoginPageElements -->
        <test-method status="PASS" signature="exportReports(org.testng.ITestResult)[pri:0, instance:com.mobicom.tests.LoginTest@307f6b8c]" name="exportReports" is-config="true" duration-ms="7" started-at="2018-05-02T12:22:36Z" finished-at="2018-05-02T12:22:36Z">
          <params>
            <param index="0">
              <value>
                <![CDATA[[TestResult name=testLoginPageElements status=SUCCESS method=LoginTest.testLoginPageElements(org.openqa.selenium.By, java.lang.String)[pri:1, instance:com.mobicom.tests.LoginTest@307f6b8c] output={null}]]]>
              </value>
            </param>
          </params>
          <reporter-output>
          </reporter-output>
        </test-method> <!-- exportReports -->
        <test-method status="PASS" signature="beginTest(java.lang.reflect.Method)[pri:0, instance:com.mobicom.tests.LoginTest@307f6b8c]" name="beginTest" is-config="true" duration-ms="1" started-at="2018-05-02T12:22:36Z" finished-at="2018-05-02T12:22:36Z">
          <params>
            <param index="0">
              <value>
                <![CDATA[public void com.mobicom.tests.LoginTest.testLoginPageElements(org.openqa.selenium.By,java.lang.String)]]>
              </value>
            </param>
          </params>
          <reporter-output>
          </reporter-output>
        </test-method> <!-- beginTest -->
        <test-method status="PASS" signature="testLoginPageElements(org.openqa.selenium.By, java.lang.String)[pri:1, instance:com.mobicom.tests.LoginTest@307f6b8c]" name="testLoginPageElements" duration-ms="74" started-at="2018-05-02T12:22:36Z" data-provider="loginPageElements" finished-at="2018-05-02T12:22:36Z">
          <params>
            <param index="0">
              <value>
                <![CDATA[By.xpath: //input[@name='password']]]>
              </value>
            </param>
            <param index="1">
              <value>
                <![CDATA[Password field not found]]>
              </value>
            </param>
          </params>
          <reporter-output>
          </reporter-output>
        </test-method> <!-- testLoginPageElements -->
        <test-method status="PASS" signature="exportReports(org.testng.ITestResult)[pri:0, instance:com.mobicom.tests.LoginTest@307f6b8c]" name="exportReports" is-config="true" duration-ms="1" started-at="2018-05-02T12:22:36Z" finished-at="2018-05-02T12:22:36Z">
          <params>
            <param index="0">
              <value>
                <![CDATA[[TestResult name=testLoginPageElements status=SUCCESS method=LoginTest.testLoginPageElements(org.openqa.selenium.By, java.lang.String)[pri:1, instance:com.mobicom.tests.LoginTest@307f6b8c] output={null}]]]>
              </value>
            </param>
          </params>
          <reporter-output>
          </reporter-output>
        </test-method> <!-- exportReports -->
        <test-method status="PASS" signature="testLoginPageElements(org.openqa.selenium.By, java.lang.String)[pri:1, instance:com.mobicom.tests.LoginTest@307f6b8c]" name="testLoginPageElements" duration-ms="71" started-at="2018-05-02T12:22:36Z" data-provider="loginPageElements" finished-at="2018-05-02T12:22:36Z">
          <params>
            <param index="0">
              <value>
                <![CDATA[By.xpath: //button[@id='proceed-btn']]]>
              </value>
            </param>
            <param index="1">
              <value>
                <![CDATA[Login button not found]]>
              </value>
            </param>
          </params>
          <reporter-output>
          </reporter-output>
        </test-method> <!-- testLoginPageElements -->
        <test-method status="PASS" signature="beginTest(java.lang.reflect.Method)[pri:0, instance:com.mobicom.tests.LoginTest@307f6b8c]" name="beginTest" is-config="true" duration-ms="0" started-at="2018-05-02T12:22:36Z" finished-at="2018-05-02T12:22:36Z">
          <params>
            <param index="0">
              <value>
                <![CDATA[public void com.mobicom.tests.LoginTest.testLoginPageElements(org.openqa.selenium.By,java.lang.String)]]>
              </value>
            </param>
          </params>
          <reporter-output>
          </reporter-output>
        </test-method> <!-- beginTest -->
        <test-method status="PASS" signature="exportReports(org.testng.ITestResult)[pri:0, instance:com.mobicom.tests.LoginTest@307f6b8c]" name="exportReports" is-config="true" duration-ms="1" started-at="2018-05-02T12:22:36Z" finished-at="2018-05-02T12:22:36Z">
          <params>
            <param index="0">
              <value>
                <![CDATA[[TestResult name=testLoginPageElements status=SUCCESS method=LoginTest.testLoginPageElements(org.openqa.selenium.By, java.lang.String)[pri:1, instance:com.mobicom.tests.LoginTest@307f6b8c] output={null}]]]>
              </value>
            </param>
          </params>
          <reporter-output>
          </reporter-output>
        </test-method> <!-- exportReports -->
        <test-method status="PASS" signature="beginTest(java.lang.reflect.Method)[pri:0, instance:com.mobicom.tests.LoginTest@307f6b8c]" name="beginTest" is-config="true" duration-ms="2" started-at="2018-05-02T12:22:36Z" finished-at="2018-05-02T12:22:36Z">
          <params>
            <param index="0">
              <value>
                <![CDATA[public void com.mobicom.tests.LoginTest.loginToClub()]]>
              </value>
            </param>
          </params>
          <reporter-output>
          </reporter-output>
        </test-method> <!-- beginTest -->
        <test-method status="PASS" signature="loginToClub()[pri:2, instance:com.mobicom.tests.LoginTest@307f6b8c]" name="loginToClub" duration-ms="1919" started-at="2018-05-02T12:22:36Z" finished-at="2018-05-02T12:22:38Z">
          <reporter-output>
          </reporter-output>
        </test-method> <!-- loginToClub -->
        <test-method status="PASS" signature="exportReports(org.testng.ITestResult)[pri:0, instance:com.mobicom.tests.LoginTest@307f6b8c]" name="exportReports" is-config="true" duration-ms="1" started-at="2018-05-02T12:22:38Z" finished-at="2018-05-02T12:22:38Z">
          <params>
            <param index="0">
              <value>
                <![CDATA[[TestResult name=loginToClub status=SUCCESS method=LoginTest.loginToClub()[pri:2, instance:com.mobicom.tests.LoginTest@307f6b8c] output={null}]]]>
              </value>
            </param>
          </params>
          <reporter-output>
          </reporter-output>
        </test-method> <!-- exportReports -->
        <test-method status="PASS" signature="endTest()[pri:0, instance:com.mobicom.tests.LoginTest@307f6b8c]" name="endTest" is-config="true" duration-ms="595" started-at="2018-05-02T12:22:51Z" finished-at="2018-05-02T12:22:52Z">
          <reporter-output>
          </reporter-output>
        </test-method> <!-- endTest -->
      </class> <!-- com.mobicom.tests.LoginTest -->
      <class name="com.mobicom.tests.MemberAccessTest">
        <test-method status="PASS" signature="beforeTheClass(java.lang.String)[pri:0, instance:com.mobicom.tests.MemberAccessTest@7a187f14]" name="beforeTheClass" is-config="true" duration-ms="1" started-at="2018-05-02T12:22:38Z" finished-at="2018-05-02T12:22:38Z">
          <params>
            <param index="0">
              <value>
                <![CDATA[Chrome on mac]]>
              </value>
            </param>
          </params>
          <reporter-output>
          </reporter-output>
        </test-method> <!-- beforeTheClass -->
        <test-method status="PASS" signature="clickMemberAccessInMenu()[pri:200, instance:com.mobicom.tests.MemberAccessTest@7a187f14]" name="clickMemberAccessInMenu" duration-ms="1379" started-at="2018-05-02T12:22:38Z" finished-at="2018-05-02T12:22:39Z">
          <reporter-output>
          </reporter-output>
        </test-method> <!-- clickMemberAccessInMenu -->
        <test-method status="PASS" signature="beginTest(java.lang.reflect.Method)[pri:0, instance:com.mobicom.tests.MemberAccessTest@7a187f14]" name="beginTest" is-config="true" duration-ms="0" started-at="2018-05-02T12:22:38Z" finished-at="2018-05-02T12:22:38Z">
          <params>
            <param index="0">
              <value>
                <![CDATA[public void com.mobicom.tests.MemberAccessTest.clickMemberAccessInMenu()]]>
              </value>
            </param>
          </params>
          <reporter-output>
          </reporter-output>
        </test-method> <!-- beginTest -->
        <test-method status="PASS" signature="exportReports(org.testng.ITestResult)[pri:0, instance:com.mobicom.tests.MemberAccessTest@7a187f14]" name="exportReports" is-config="true" duration-ms="1" started-at="2018-05-02T12:22:39Z" finished-at="2018-05-02T12:22:39Z">
          <params>
            <param index="0">
              <value>
                <![CDATA[[TestResult name=clickMemberAccessInMenu status=SUCCESS method=MemberAccessTest.clickMemberAccessInMenu()[pri:200, instance:com.mobicom.tests.MemberAccessTest@7a187f14] output={null}]]]>
              </value>
            </param>
          </params>
          <reporter-output>
          </reporter-output>
        </test-method> <!-- exportReports -->
        <test-method status="PASS" signature="verifyMemberAccessPageElements(org.openqa.selenium.By, java.lang.String)[pri:201, instance:com.mobicom.tests.MemberAccessTest@7a187f14]" name="verifyMemberAccessPageElements" duration-ms="62" started-at="2018-05-02T12:22:39Z" data-provider="memberAccessPageElements" finished-at="2018-05-02T12:22:39Z">
          <params>
            <param index="0">
              <value>
                <![CDATA[By.xpath: //h3[text()='PlatinumClubNet Member Access']]]>
              </value>
            </param>
            <param index="1">
              <value>
                <![CDATA[Header not found]]>
              </value>
            </param>
          </params>
          <reporter-output>
          </reporter-output>
        </test-method> <!-- verifyMemberAccessPageElements -->
        <test-method status="PASS" signature="beginTest(java.lang.reflect.Method)[pri:0, instance:com.mobicom.tests.MemberAccessTest@7a187f14]" name="beginTest" is-config="true" duration-ms="0" started-at="2018-05-02T12:22:39Z" finished-at="2018-05-02T12:22:39Z">
          <params>
            <param index="0">
              <value>
                <![CDATA[public void com.mobicom.tests.MemberAccessTest.verifyMemberAccessPageElements(org.openqa.selenium.By,java.lang.String)]]>
              </value>
            </param>
          </params>
          <reporter-output>
          </reporter-output>
        </test-method> <!-- beginTest -->
        <test-method status="PASS" signature="exportReports(org.testng.ITestResult)[pri:0, instance:com.mobicom.tests.MemberAccessTest@7a187f14]" name="exportReports" is-config="true" duration-ms="1" started-at="2018-05-02T12:22:39Z" finished-at="2018-05-02T12:22:39Z">
          <params>
            <param index="0">
              <value>
                <![CDATA[[TestResult name=verifyMemberAccessPageElements status=SUCCESS method=MemberAccessTest.verifyMemberAccessPageElements(org.openqa.selenium.By, java.lang.String)[pri:201, instance:com.mobicom.tests.MemberAccessTest@7a187f14] output={null}]]]>
              </value>
            </param>
          </params>
          <reporter-output>
          </reporter-output>
        </test-method> <!-- exportReports -->
        <test-method status="PASS" signature="beginTest(java.lang.reflect.Method)[pri:0, instance:com.mobicom.tests.MemberAccessTest@7a187f14]" name="beginTest" is-config="true" duration-ms="1" started-at="2018-05-02T12:22:39Z" finished-at="2018-05-02T12:22:39Z">
          <params>
            <param index="0">
              <value>
                <![CDATA[public void com.mobicom.tests.MemberAccessTest.verifyMemberAccessPageElements(org.openqa.selenium.By,java.lang.String)]]>
              </value>
            </param>
          </params>
          <reporter-output>
          </reporter-output>
        </test-method> <!-- beginTest -->
        <test-method status="PASS" signature="verifyMemberAccessPageElements(org.openqa.selenium.By, java.lang.String)[pri:201, instance:com.mobicom.tests.MemberAccessTest@7a187f14]" name="verifyMemberAccessPageElements" duration-ms="80" started-at="2018-05-02T12:22:39Z" data-provider="memberAccessPageElements" finished-at="2018-05-02T12:22:39Z">
          <params>
            <param index="0">
              <value>
                <![CDATA[By.xpath: //img[contains(@class,'club-image')]]]>
              </value>
            </param>
            <param index="1">
              <value>
                <![CDATA[Club image not found]]>
              </value>
            </param>
          </params>
          <reporter-output>
          </reporter-output>
        </test-method> <!-- verifyMemberAccessPageElements -->
        <test-method status="PASS" signature="exportReports(org.testng.ITestResult)[pri:0, instance:com.mobicom.tests.MemberAccessTest@7a187f14]" name="exportReports" is-config="true" duration-ms="0" started-at="2018-05-02T12:22:39Z" finished-at="2018-05-02T12:22:39Z">
          <params>
            <param index="0">
              <value>
                <![CDATA[[TestResult name=verifyMemberAccessPageElements status=SUCCESS method=MemberAccessTest.verifyMemberAccessPageElements(org.openqa.selenium.By, java.lang.String)[pri:201, instance:com.mobicom.tests.MemberAccessTest@7a187f14] output={null}]]]>
              </value>
            </param>
          </params>
          <reporter-output>
          </reporter-output>
        </test-method> <!-- exportReports -->
        <test-method status="PASS" signature="beginTest(java.lang.reflect.Method)[pri:0, instance:com.mobicom.tests.MemberAccessTest@7a187f14]" name="beginTest" is-config="true" duration-ms="1" started-at="2018-05-02T12:22:39Z" finished-at="2018-05-02T12:22:39Z">
          <params>
            <param index="0">
              <value>
                <![CDATA[public void com.mobicom.tests.MemberAccessTest.verifyMemberAccessPageElements(org.openqa.selenium.By,java.lang.String)]]>
              </value>
            </param>
          </params>
          <reporter-output>
          </reporter-output>
        </test-method> <!-- beginTest -->
        <test-method status="PASS" signature="verifyMemberAccessPageElements(org.openqa.selenium.By, java.lang.String)[pri:201, instance:com.mobicom.tests.MemberAccessTest@7a187f14]" name="verifyMemberAccessPageElements" duration-ms="59" started-at="2018-05-02T12:22:39Z" data-provider="memberAccessPageElements" finished-at="2018-05-02T12:22:39Z">
          <params>
            <param index="0">
              <value>
                <![CDATA[By.xpath: //h5[text()='Amazon Valley']/../p/span[text()='City: Bangalore ']]]>
              </value>
            </param>
            <param index="1">
              <value>
                <![CDATA[Club city not found]]>
              </value>
            </param>
          </params>
          <reporter-output>
          </reporter-output>
        </test-method> <!-- verifyMemberAccessPageElements -->
        <test-method status="PASS" signature="exportReports(org.testng.ITestResult)[pri:0, instance:com.mobicom.tests.MemberAccessTest@7a187f14]" name="exportReports" is-config="true" duration-ms="1" started-at="2018-05-02T12:22:39Z" finished-at="2018-05-02T12:22:39Z">
          <params>
            <param index="0">
              <value>
                <![CDATA[[TestResult name=verifyMemberAccessPageElements status=SUCCESS method=MemberAccessTest.verifyMemberAccessPageElements(org.openqa.selenium.By, java.lang.String)[pri:201, instance:com.mobicom.tests.MemberAccessTest@7a187f14] output={null}]]]>
              </value>
            </param>
          </params>
          <reporter-output>
          </reporter-output>
        </test-method> <!-- exportReports -->
        <test-method status="PASS" signature="beginTest(java.lang.reflect.Method)[pri:0, instance:com.mobicom.tests.MemberAccessTest@7a187f14]" name="beginTest" is-config="true" duration-ms="1" started-at="2018-05-02T12:22:39Z" finished-at="2018-05-02T12:22:39Z">
          <params>
            <param index="0">
              <value>
                <![CDATA[public void com.mobicom.tests.MemberAccessTest.verifyMemberAccessPageElements(org.openqa.selenium.By,java.lang.String)]]>
              </value>
            </param>
          </params>
          <reporter-output>
          </reporter-output>
        </test-method> <!-- beginTest -->
        <test-method status="PASS" signature="verifyMemberAccessPageElements(org.openqa.selenium.By, java.lang.String)[pri:201, instance:com.mobicom.tests.MemberAccessTest@7a187f14]" name="verifyMemberAccessPageElements" duration-ms="62" started-at="2018-05-02T12:22:39Z" data-provider="memberAccessPageElements" finished-at="2018-05-02T12:22:39Z">
          <params>
            <param index="0">
              <value>
                <![CDATA[By.xpath: //h5[text()='Amazon Valley']]]>
              </value>
            </param>
            <param index="1">
              <value>
                <![CDATA[Club name not found]]>
              </value>
            </param>
          </params>
          <reporter-output>
          </reporter-output>
        </test-method> <!-- verifyMemberAccessPageElements -->
        <test-method status="PASS" signature="exportReports(org.testng.ITestResult)[pri:0, instance:com.mobicom.tests.MemberAccessTest@7a187f14]" name="exportReports" is-config="true" duration-ms="1" started-at="2018-05-02T12:22:39Z" finished-at="2018-05-02T12:22:39Z">
          <params>
            <param index="0">
              <value>
                <![CDATA[[TestResult name=verifyMemberAccessPageElements status=SUCCESS method=MemberAccessTest.verifyMemberAccessPageElements(org.openqa.selenium.By, java.lang.String)[pri:201, instance:com.mobicom.tests.MemberAccessTest@7a187f14] output={null}]]]>
              </value>
            </param>
          </params>
          <reporter-output>
          </reporter-output>
        </test-method> <!-- exportReports -->
        <test-method status="PASS" signature="beginTest(java.lang.reflect.Method)[pri:0, instance:com.mobicom.tests.MemberAccessTest@7a187f14]" name="beginTest" is-config="true" duration-ms="0" started-at="2018-05-02T12:22:39Z" finished-at="2018-05-02T12:22:39Z">
          <params>
            <param index="0">
              <value>
                <![CDATA[public void com.mobicom.tests.MemberAccessTest.verifyMemberAccessPageElements(org.openqa.selenium.By,java.lang.String)]]>
              </value>
            </param>
          </params>
          <reporter-output>
          </reporter-output>
        </test-method> <!-- beginTest -->
        <test-method status="PASS" signature="verifyMemberAccessPageElements(org.openqa.selenium.By, java.lang.String)[pri:201, instance:com.mobicom.tests.MemberAccessTest@7a187f14]" name="verifyMemberAccessPageElements" duration-ms="60" started-at="2018-05-02T12:22:39Z" data-provider="memberAccessPageElements" finished-at="2018-05-02T12:22:39Z">
          <params>
            <param index="0">
              <value>
                <![CDATA[By.xpath: //h5[text()='Amazon Valley']/../p/span[text()='City: Bangalore ']/following-sibling::span[text()='Country: India']]]>
              </value>
            </param>
            <param index="1">
              <value>
                <![CDATA[Club country not found]]>
              </value>
            </param>
          </params>
          <reporter-output>
          </reporter-output>
        </test-method> <!-- verifyMemberAccessPageElements -->
        <test-method status="PASS" signature="beginTest(java.lang.reflect.Method)[pri:0, instance:com.mobicom.tests.MemberAccessTest@7a187f14]" name="beginTest" is-config="true" duration-ms="1" started-at="2018-05-02T12:22:39Z" finished-at="2018-05-02T12:22:39Z">
          <params>
            <param index="0">
              <value>
                <![CDATA[public void com.mobicom.tests.MemberAccessTest.verifyMemberAccessPageElements(org.openqa.selenium.By,java.lang.String)]]>
              </value>
            </param>
          </params>
          <reporter-output>
          </reporter-output>
        </test-method> <!-- beginTest -->
        <test-method status="PASS" signature="exportReports(org.testng.ITestResult)[pri:0, instance:com.mobicom.tests.MemberAccessTest@7a187f14]" name="exportReports" is-config="true" duration-ms="0" started-at="2018-05-02T12:22:39Z" finished-at="2018-05-02T12:22:39Z">
          <params>
            <param index="0">
              <value>
                <![CDATA[[TestResult name=verifyMemberAccessPageElements status=SUCCESS method=MemberAccessTest.verifyMemberAccessPageElements(org.openqa.selenium.By, java.lang.String)[pri:201, instance:com.mobicom.tests.MemberAccessTest@7a187f14] output={null}]]]>
              </value>
            </param>
          </params>
          <reporter-output>
          </reporter-output>
        </test-method> <!-- exportReports -->
        <test-method status="PASS" signature="verifyMemberAccessPageElements(org.openqa.selenium.By, java.lang.String)[pri:201, instance:com.mobicom.tests.MemberAccessTest@7a187f14]" name="verifyMemberAccessPageElements" duration-ms="64" started-at="2018-05-02T12:22:39Z" data-provider="memberAccessPageElements" finished-at="2018-05-02T12:22:39Z">
          <params>
            <param index="0">
              <value>
                <![CDATA[By.xpath: //h5[text()='Amazon Valley']/../p/span[text()='Club Type: Yacht Club ']]]>
              </value>
            </param>
            <param index="1">
              <value>
                <![CDATA[Club type not found]]>
              </value>
            </param>
          </params>
          <reporter-output>
          </reporter-output>
        </test-method> <!-- verifyMemberAccessPageElements -->
        <test-method status="PASS" signature="exportReports(org.testng.ITestResult)[pri:0, instance:com.mobicom.tests.MemberAccessTest@7a187f14]" name="exportReports" is-config="true" duration-ms="0" started-at="2018-05-02T12:22:39Z" finished-at="2018-05-02T12:22:39Z">
          <params>
            <param index="0">
              <value>
                <![CDATA[[TestResult name=verifyMemberAccessPageElements status=SUCCESS method=MemberAccessTest.verifyMemberAccessPageElements(org.openqa.selenium.By, java.lang.String)[pri:201, instance:com.mobicom.tests.MemberAccessTest@7a187f14] output={null}]]]>
              </value>
            </param>
          </params>
          <reporter-output>
          </reporter-output>
        </test-method> <!-- exportReports -->
        <test-method status="PASS" signature="verifyMemberAccessPageElements(org.openqa.selenium.By, java.lang.String)[pri:201, instance:com.mobicom.tests.MemberAccessTest@7a187f14]" name="verifyMemberAccessPageElements" duration-ms="62" started-at="2018-05-02T12:22:39Z" data-provider="memberAccessPageElements" finished-at="2018-05-02T12:22:40Z">
          <params>
            <param index="0">
              <value>
                <![CDATA[By.xpath: //h5[text()='Amazon Valley']/../p/span[text()='Club Type: Yacht Club ']/following-sibling::span[contains(text(),'Members')]]]>
              </value>
            </param>
            <param index="1">
              <value>
                <![CDATA[Club members field not found]]>
              </value>
            </param>
          </params>
          <reporter-output>
          </reporter-output>
        </test-method> <!-- verifyMemberAccessPageElements -->
        <test-method status="PASS" signature="beginTest(java.lang.reflect.Method)[pri:0, instance:com.mobicom.tests.MemberAccessTest@7a187f14]" name="beginTest" is-config="true" duration-ms="0" started-at="2018-05-02T12:22:39Z" finished-at="2018-05-02T12:22:39Z">
          <params>
            <param index="0">
              <value>
                <![CDATA[public void com.mobicom.tests.MemberAccessTest.verifyMemberAccessPageElements(org.openqa.selenium.By,java.lang.String)]]>
              </value>
            </param>
          </params>
          <reporter-output>
          </reporter-output>
        </test-method> <!-- beginTest -->
        <test-method status="PASS" signature="exportReports(org.testng.ITestResult)[pri:0, instance:com.mobicom.tests.MemberAccessTest@7a187f14]" name="exportReports" is-config="true" duration-ms="1" started-at="2018-05-02T12:22:40Z" finished-at="2018-05-02T12:22:40Z">
          <params>
            <param index="0">
              <value>
                <![CDATA[[TestResult name=verifyMemberAccessPageElements status=SUCCESS method=MemberAccessTest.verifyMemberAccessPageElements(org.openqa.selenium.By, java.lang.String)[pri:201, instance:com.mobicom.tests.MemberAccessTest@7a187f14] output={null}]]]>
              </value>
            </param>
          </params>
          <reporter-output>
          </reporter-output>
        </test-method> <!-- exportReports -->
        <test-method status="PASS" signature="verifyMemberAccessPageElements(org.openqa.selenium.By, java.lang.String)[pri:201, instance:com.mobicom.tests.MemberAccessTest@7a187f14]" name="verifyMemberAccessPageElements" duration-ms="71" started-at="2018-05-02T12:22:40Z" data-provider="memberAccessPageElements" finished-at="2018-05-02T12:22:40Z">
          <params>
            <param index="0">
              <value>
                <![CDATA[By.xpath: //h5[text()='Amazon Valley']/../../following-sibling::div/div/div/p/kbd[text()='Allow Access']]]>
              </value>
            </param>
            <param index="1">
              <value>
                <![CDATA[Allow access button not found]]>
              </value>
            </param>
          </params>
          <reporter-output>
          </reporter-output>
        </test-method> <!-- verifyMemberAccessPageElements -->
        <test-method status="PASS" signature="beginTest(java.lang.reflect.Method)[pri:0, instance:com.mobicom.tests.MemberAccessTest@7a187f14]" name="beginTest" is-config="true" duration-ms="0" started-at="2018-05-02T12:22:40Z" finished-at="2018-05-02T12:22:40Z">
          <params>
            <param index="0">
              <value>
                <![CDATA[public void com.mobicom.tests.MemberAccessTest.verifyMemberAccessPageElements(org.openqa.selenium.By,java.lang.String)]]>
              </value>
            </param>
          </params>
          <reporter-output>
          </reporter-output>
        </test-method> <!-- beginTest -->
        <test-method status="PASS" signature="exportReports(org.testng.ITestResult)[pri:0, instance:com.mobicom.tests.MemberAccessTest@7a187f14]" name="exportReports" is-config="true" duration-ms="1" started-at="2018-05-02T12:22:40Z" finished-at="2018-05-02T12:22:40Z">
          <params>
            <param index="0">
              <value>
                <![CDATA[[TestResult name=verifyMemberAccessPageElements status=SUCCESS method=MemberAccessTest.verifyMemberAccessPageElements(org.openqa.selenium.By, java.lang.String)[pri:201, instance:com.mobicom.tests.MemberAccessTest@7a187f14] output={null}]]]>
              </value>
            </param>
          </params>
          <reporter-output>
          </reporter-output>
        </test-method> <!-- exportReports -->
        <test-method status="PASS" signature="beginTest(java.lang.reflect.Method)[pri:0, instance:com.mobicom.tests.MemberAccessTest@7a187f14]" name="beginTest" is-config="true" duration-ms="1" started-at="2018-05-02T12:22:40Z" finished-at="2018-05-02T12:22:40Z">
          <params>
            <param index="0">
              <value>
                <![CDATA[public void com.mobicom.tests.MemberAccessTest.clickAllowAccess()]]>
              </value>
            </param>
          </params>
          <reporter-output>
          </reporter-output>
        </test-method> <!-- beginTest -->
        <test-method status="PASS" signature="clickAllowAccess()[pri:202, instance:com.mobicom.tests.MemberAccessTest@7a187f14]" name="clickAllowAccess" duration-ms="754" started-at="2018-05-02T12:22:40Z" finished-at="2018-05-02T12:22:40Z">
          <reporter-output>
          </reporter-output>
        </test-method> <!-- clickAllowAccess -->
        <test-method status="PASS" signature="exportReports(org.testng.ITestResult)[pri:0, instance:com.mobicom.tests.MemberAccessTest@7a187f14]" name="exportReports" is-config="true" duration-ms="1" started-at="2018-05-02T12:22:40Z" finished-at="2018-05-02T12:22:40Z">
          <params>
            <param index="0">
              <value>
                <![CDATA[[TestResult name=clickAllowAccess status=SUCCESS method=MemberAccessTest.clickAllowAccess()[pri:202, instance:com.mobicom.tests.MemberAccessTest@7a187f14] output={null}]]]>
              </value>
            </param>
          </params>
          <reporter-output>
          </reporter-output>
        </test-method> <!-- exportReports -->
        <test-method status="PASS" signature="beginTest(java.lang.reflect.Method)[pri:0, instance:com.mobicom.tests.MemberAccessTest@7a187f14]" name="beginTest" is-config="true" duration-ms="1" started-at="2018-05-02T12:22:40Z" finished-at="2018-05-02T12:22:40Z">
          <params>
            <param index="0">
              <value>
                <![CDATA[public void com.mobicom.tests.MemberAccessTest.verifyAllowMemberAccessPageElements(org.openqa.selenium.By,java.lang.String)]]>
              </value>
            </param>
          </params>
          <reporter-output>
          </reporter-output>
        </test-method> <!-- beginTest -->
        <test-method status="PASS" signature="verifyAllowMemberAccessPageElements(org.openqa.selenium.By, java.lang.String)[pri:203, instance:com.mobicom.tests.MemberAccessTest@7a187f14]" name="verifyAllowMemberAccessPageElements" duration-ms="53" started-at="2018-05-02T12:22:40Z" data-provider="allowAccessPageElements" finished-at="2018-05-02T12:22:40Z">
          <params>
            <param index="0">
              <value>
                <![CDATA[By.xpath: //div[text()='Amazon Valley']]]>
              </value>
            </param>
            <param index="1">
              <value>
                <![CDATA[Header not found]]>
              </value>
            </param>
          </params>
          <reporter-output>
          </reporter-output>
        </test-method> <!-- verifyAllowMemberAccessPageElements -->
        <test-method status="PASS" signature="exportReports(org.testng.ITestResult)[pri:0, instance:com.mobicom.tests.MemberAccessTest@7a187f14]" name="exportReports" is-config="true" duration-ms="1" started-at="2018-05-02T12:22:40Z" finished-at="2018-05-02T12:22:40Z">
          <params>
            <param index="0">
              <value>
                <![CDATA[[TestResult name=verifyAllowMemberAccessPageElements status=SUCCESS method=MemberAccessTest.verifyAllowMemberAccessPageElements(org.openqa.selenium.By, java.lang.String)[pri:203, instance:com.mobicom.tests.MemberAccessTest@7a187f14] output={null}]]]>
              </value>
            </param>
          </params>
          <reporter-output>
          </reporter-output>
        </test-method> <!-- exportReports -->
        <test-method status="PASS" signature="beginTest(java.lang.reflect.Method)[pri:0, instance:com.mobicom.tests.MemberAccessTest@7a187f14]" name="beginTest" is-config="true" duration-ms="1" started-at="2018-05-02T12:22:40Z" finished-at="2018-05-02T12:22:40Z">
          <params>
            <param index="0">
              <value>
                <![CDATA[public void com.mobicom.tests.MemberAccessTest.verifyAllowMemberAccessPageElements(org.openqa.selenium.By,java.lang.String)]]>
              </value>
            </param>
          </params>
          <reporter-output>
          </reporter-output>
        </test-method> <!-- beginTest -->
        <test-method status="PASS" signature="verifyAllowMemberAccessPageElements(org.openqa.selenium.By, java.lang.String)[pri:203, instance:com.mobicom.tests.MemberAccessTest@7a187f14]" name="verifyAllowMemberAccessPageElements" duration-ms="79" started-at="2018-05-02T12:22:40Z" data-provider="allowAccessPageElements" finished-at="2018-05-02T12:22:41Z">
          <params>
            <param index="0">
              <value>
                <![CDATA[By.xpath: //a[text()='ABOUT CLUB']]]>
              </value>
            </param>
            <param index="1">
              <value>
                <![CDATA[aboutClubTab not found]]>
              </value>
            </param>
          </params>
          <reporter-output>
          </reporter-output>
        </test-method> <!-- verifyAllowMemberAccessPageElements -->
        <test-method status="PASS" signature="exportReports(org.testng.ITestResult)[pri:0, instance:com.mobicom.tests.MemberAccessTest@7a187f14]" name="exportReports" is-config="true" duration-ms="1" started-at="2018-05-02T12:22:41Z" finished-at="2018-05-02T12:22:41Z">
          <params>
            <param index="0">
              <value>
                <![CDATA[[TestResult name=verifyAllowMemberAccessPageElements status=SUCCESS method=MemberAccessTest.verifyAllowMemberAccessPageElements(org.openqa.selenium.By, java.lang.String)[pri:203, instance:com.mobicom.tests.MemberAccessTest@7a187f14] output={null}]]]>
              </value>
            </param>
          </params>
          <reporter-output>
          </reporter-output>
        </test-method> <!-- exportReports -->
        <test-method status="PASS" signature="beginTest(java.lang.reflect.Method)[pri:0, instance:com.mobicom.tests.MemberAccessTest@7a187f14]" name="beginTest" is-config="true" duration-ms="1" started-at="2018-05-02T12:22:41Z" finished-at="2018-05-02T12:22:41Z">
          <params>
            <param index="0">
              <value>
                <![CDATA[public void com.mobicom.tests.MemberAccessTest.verifyAllowMemberAccessPageElements(org.openqa.selenium.By,java.lang.String)]]>
              </value>
            </param>
          </params>
          <reporter-output>
          </reporter-output>
        </test-method> <!-- beginTest -->
        <test-method status="PASS" signature="verifyAllowMemberAccessPageElements(org.openqa.selenium.By, java.lang.String)[pri:203, instance:com.mobicom.tests.MemberAccessTest@7a187f14]" name="verifyAllowMemberAccessPageElements" duration-ms="43" started-at="2018-05-02T12:22:41Z" data-provider="allowAccessPageElements" finished-at="2018-05-02T12:22:41Z">
          <params>
            <param index="0">
              <value>
                <![CDATA[By.xpath: //a[text()='ABOUT CLUB']]]>
              </value>
            </param>
            <param index="1">
              <value>
                <![CDATA[facilitiesTab not found]]>
              </value>
            </param>
          </params>
          <reporter-output>
          </reporter-output>
        </test-method> <!-- verifyAllowMemberAccessPageElements -->
        <test-method status="PASS" signature="exportReports(org.testng.ITestResult)[pri:0, instance:com.mobicom.tests.MemberAccessTest@7a187f14]" name="exportReports" is-config="true" duration-ms="0" started-at="2018-05-02T12:22:41Z" finished-at="2018-05-02T12:22:41Z">
          <params>
            <param index="0">
              <value>
                <![CDATA[[TestResult name=verifyAllowMemberAccessPageElements status=SUCCESS method=MemberAccessTest.verifyAllowMemberAccessPageElements(org.openqa.selenium.By, java.lang.String)[pri:203, instance:com.mobicom.tests.MemberAccessTest@7a187f14] output={null}]]]>
              </value>
            </param>
          </params>
          <reporter-output>
          </reporter-output>
        </test-method> <!-- exportReports -->
        <test-method status="PASS" signature="beginTest(java.lang.reflect.Method)[pri:0, instance:com.mobicom.tests.MemberAccessTest@7a187f14]" name="beginTest" is-config="true" duration-ms="0" started-at="2018-05-02T12:22:41Z" finished-at="2018-05-02T12:22:41Z">
          <params>
            <param index="0">
              <value>
                <![CDATA[public void com.mobicom.tests.MemberAccessTest.verifyAllowMemberAccessPageElements(org.openqa.selenium.By,java.lang.String)]]>
              </value>
            </param>
          </params>
          <reporter-output>
          </reporter-output>
        </test-method> <!-- beginTest -->
        <test-method status="PASS" signature="verifyAllowMemberAccessPageElements(org.openqa.selenium.By, java.lang.String)[pri:203, instance:com.mobicom.tests.MemberAccessTest@7a187f14]" name="verifyAllowMemberAccessPageElements" duration-ms="100" started-at="2018-05-02T12:22:41Z" data-provider="allowAccessPageElements" finished-at="2018-05-02T12:22:41Z">
          <params>
            <param index="0">
              <value>
                <![CDATA[By.xpath: //span[text()='More Information']]]>
              </value>
            </param>
            <param index="1">
              <value>
                <![CDATA[moreInfo button found]]>
              </value>
            </param>
          </params>
          <reporter-output>
          </reporter-output>
        </test-method> <!-- verifyAllowMemberAccessPageElements -->
        <test-method status="PASS" signature="exportReports(org.testng.ITestResult)[pri:0, instance:com.mobicom.tests.MemberAccessTest@7a187f14]" name="exportReports" is-config="true" duration-ms="1" started-at="2018-05-02T12:22:41Z" finished-at="2018-05-02T12:22:41Z">
          <params>
            <param index="0">
              <value>
                <![CDATA[[TestResult name=verifyAllowMemberAccessPageElements status=SUCCESS method=MemberAccessTest.verifyAllowMemberAccessPageElements(org.openqa.selenium.By, java.lang.String)[pri:203, instance:com.mobicom.tests.MemberAccessTest@7a187f14] output={null}]]]>
              </value>
            </param>
          </params>
          <reporter-output>
          </reporter-output>
        </test-method> <!-- exportReports -->
        <test-method status="PASS" signature="beginTest(java.lang.reflect.Method)[pri:0, instance:com.mobicom.tests.MemberAccessTest@7a187f14]" name="beginTest" is-config="true" duration-ms="1" started-at="2018-05-02T12:22:41Z" finished-at="2018-05-02T12:22:41Z">
          <params>
            <param index="0">
              <value>
                <![CDATA[public void com.mobicom.tests.MemberAccessTest.verifyAllowMemberAccessPageElements(org.openqa.selenium.By,java.lang.String)]]>
              </value>
            </param>
          </params>
          <reporter-output>
          </reporter-output>
        </test-method> <!-- beginTest -->
        <test-method status="PASS" signature="verifyAllowMemberAccessPageElements(org.openqa.selenium.By, java.lang.String)[pri:203, instance:com.mobicom.tests.MemberAccessTest@7a187f14]" name="verifyAllowMemberAccessPageElements" duration-ms="91" started-at="2018-05-02T12:22:41Z" data-provider="allowAccessPageElements" finished-at="2018-05-02T12:22:41Z">
          <params>
            <param index="0">
              <value>
                <![CDATA[By.xpath: //div[@class="modal-title"]/../button[@class='close' and text()='Ã—']]]>
              </value>
            </param>
            <param index="1">
              <value>
                <![CDATA[closeButton not found]]>
              </value>
            </param>
          </params>
          <reporter-output>
          </reporter-output>
        </test-method> <!-- verifyAllowMemberAccessPageElements -->
        <test-method status="PASS" signature="exportReports(org.testng.ITestResult)[pri:0, instance:com.mobicom.tests.MemberAccessTest@7a187f14]" name="exportReports" is-config="true" duration-ms="1" started-at="2018-05-02T12:22:41Z" finished-at="2018-05-02T12:22:41Z">
          <params>
            <param index="0">
              <value>
                <![CDATA[[TestResult name=verifyAllowMemberAccessPageElements status=SUCCESS method=MemberAccessTest.verifyAllowMemberAccessPageElements(org.openqa.selenium.By, java.lang.String)[pri:203, instance:com.mobicom.tests.MemberAccessTest@7a187f14] output={null}]]]>
              </value>
            </param>
          </params>
          <reporter-output>
          </reporter-output>
        </test-method> <!-- exportReports -->
        <test-method status="PASS" signature="beginTest(java.lang.reflect.Method)[pri:0, instance:com.mobicom.tests.MemberAccessTest@7a187f14]" name="beginTest" is-config="true" duration-ms="0" started-at="2018-05-02T12:22:41Z" finished-at="2018-05-02T12:22:41Z">
          <params>
            <param index="0">
              <value>
                <![CDATA[public void com.mobicom.tests.MemberAccessTest.verifyAllowMemberAccessPageElements(org.openqa.selenium.By,java.lang.String)]]>
              </value>
            </param>
          </params>
          <reporter-output>
          </reporter-output>
        </test-method> <!-- beginTest -->
        <test-method status="PASS" signature="verifyAllowMemberAccessPageElements(org.openqa.selenium.By, java.lang.String)[pri:203, instance:com.mobicom.tests.MemberAccessTest@7a187f14]" name="verifyAllowMemberAccessPageElements" duration-ms="60" started-at="2018-05-02T12:22:41Z" data-provider="allowAccessPageElements" finished-at="2018-05-02T12:22:41Z">
          <params>
            <param index="0">
              <value>
                <![CDATA[By.id: nextTab]]>
              </value>
            </param>
            <param index="1">
              <value>
                <![CDATA[nextButton not found]]>
              </value>
            </param>
          </params>
          <reporter-output>
          </reporter-output>
        </test-method> <!-- verifyAllowMemberAccessPageElements -->
        <test-method status="PASS" signature="exportReports(org.testng.ITestResult)[pri:0, instance:com.mobicom.tests.MemberAccessTest@7a187f14]" name="exportReports" is-config="true" duration-ms="1" started-at="2018-05-02T12:22:41Z" finished-at="2018-05-02T12:22:41Z">
          <params>
            <param index="0">
              <value>
                <![CDATA[[TestResult name=verifyAllowMemberAccessPageElements status=SUCCESS method=MemberAccessTest.verifyAllowMemberAccessPageElements(org.openqa.selenium.By, java.lang.String)[pri:203, instance:com.mobicom.tests.MemberAccessTest@7a187f14] output={null}]]]>
              </value>
            </param>
          </params>
          <reporter-output>
          </reporter-output>
        </test-method> <!-- exportReports -->
        <test-method status="PASS" signature="beginTest(java.lang.reflect.Method)[pri:0, instance:com.mobicom.tests.MemberAccessTest@7a187f14]" name="beginTest" is-config="true" duration-ms="0" started-at="2018-05-02T12:22:41Z" finished-at="2018-05-02T12:22:41Z">
          <params>
            <param index="0">
              <value>
                <![CDATA[public void com.mobicom.tests.MemberAccessTest.verifyAllowMemberAccessPageElements(org.openqa.selenium.By,java.lang.String)]]>
              </value>
            </param>
          </params>
          <reporter-output>
          </reporter-output>
        </test-method> <!-- beginTest -->
        <test-method status="PASS" signature="verifyAllowMemberAccessPageElements(org.openqa.selenium.By, java.lang.String)[pri:203, instance:com.mobicom.tests.MemberAccessTest@7a187f14]" name="verifyAllowMemberAccessPageElements" duration-ms="62" started-at="2018-05-02T12:22:41Z" data-provider="allowAccessPageElements" finished-at="2018-05-02T12:22:41Z">
          <params>
            <param index="0">
              <value>
                <![CDATA[By.xpath: //h4[text()='ABOUT US']]]>
              </value>
            </param>
            <param index="1">
              <value>
                <![CDATA[aboutUs section not found]]>
              </value>
            </param>
          </params>
          <reporter-output>
          </reporter-output>
        </test-method> <!-- verifyAllowMemberAccessPageElements -->
        <test-method status="PASS" signature="exportReports(org.testng.ITestResult)[pri:0, instance:com.mobicom.tests.MemberAccessTest@7a187f14]" name="exportReports" is-config="true" duration-ms="1" started-at="2018-05-02T12:22:41Z" finished-at="2018-05-02T12:22:41Z">
          <params>
            <param index="0">
              <value>
                <![CDATA[[TestResult name=verifyAllowMemberAccessPageElements status=SUCCESS method=MemberAccessTest.verifyAllowMemberAccessPageElements(org.openqa.selenium.By, java.lang.String)[pri:203, instance:com.mobicom.tests.MemberAccessTest@7a187f14] output={null}]]]>
              </value>
            </param>
          </params>
          <reporter-output>
          </reporter-output>
        </test-method> <!-- exportReports -->
        <test-method status="FAIL" signature="verifyAllowMemberAccessPageElements(org.openqa.selenium.By, java.lang.String)[pri:203, instance:com.mobicom.tests.MemberAccessTest@7a187f14]" name="verifyAllowMemberAccessPageElements" duration-ms="10481" started-at="2018-05-02T12:22:41Z" data-provider="allowAccessPageElements" finished-at="2018-05-02T12:22:51Z">
          <params>
            <param index="0">
              <value>
                <![CDATA[By.id: popupWhitelist]]>
              </value>
            </param>
            <param index="1">
              <value>
                <![CDATA[Allow access button not found]]>
              </value>
            </param>
          </params>
          <exception class="java.lang.AssertionError">
            <message>
              <![CDATA[Allow access button not found expected [true] but found [false]]]>
            </message>
            <full-stacktrace>
              <![CDATA[java.lang.AssertionError: Allow access button not found expected [true] but found [false]
at org.testng.Assert.fail(Assert.java:96)
at org.testng.Assert.failNotEquals(Assert.java:776)
at org.testng.Assert.assertTrue(Assert.java:44)
at com.mobicom.tests.MemberAccessTest.verifyAllowMemberAccessPageElements(MemberAccessTest.java:84)
at sun.reflect.NativeMethodAccessorImpl.invoke0(Native Method)
at sun.reflect.NativeMethodAccessorImpl.invoke(NativeMethodAccessorImpl.java:62)
at sun.reflect.DelegatingMethodAccessorImpl.invoke(DelegatingMethodAccessorImpl.java:43)
at java.lang.reflect.Method.invoke(Method.java:498)
at org.testng.internal.MethodInvocationHelper.invokeMethod(MethodInvocationHelper.java:124)
at org.testng.internal.Invoker.invokeMethod(Invoker.java:583)
at org.testng.internal.Invoker.invokeTestMethod(Invoker.java:719)
at org.testng.internal.Invoker.invokeTestMethods(Invoker.java:989)
at org.testng.internal.TestMethodWorker.invokeTestMethods(TestMethodWorker.java:125)
at org.testng.internal.TestMethodWorker.run(TestMethodWorker.java:109)
at org.testng.TestRunner.privateRun(TestRunner.java:648)
at org.testng.TestRunner.run(TestRunner.java:505)
at org.testng.SuiteRunner.runTest(SuiteRunner.java:455)
at org.testng.SuiteRunner.runSequentially(SuiteRunner.java:450)
at org.testng.SuiteRunner.privateRun(SuiteRunner.java:415)
at org.testng.SuiteRunner.run(SuiteRunner.java:364)
at org.testng.SuiteRunnerWorker.runSuite(SuiteRunnerWorker.java:52)
at org.testng.SuiteRunnerWorker.run(SuiteRunnerWorker.java:84)
at org.testng.TestNG.runSuitesSequentially(TestNG.java:1208)
at org.testng.TestNG.runSuitesLocally(TestNG.java:1137)
at org.testng.TestNG.runSuites(TestNG.java:1049)
at org.testng.TestNG.run(TestNG.java:1017)
at org.testng.remote.AbstractRemoteTestNG.run(AbstractRemoteTestNG.java:114)
at org.testng.remote.RemoteTestNG.initAndRun(RemoteTestNG.java:251)
at org.testng.remote.RemoteTestNG.main(RemoteTestNG.java:77)
]]>
            </full-stacktrace>
          </exception> <!-- java.lang.AssertionError -->
          <reporter-output>
          </reporter-output>
        </test-method> <!-- verifyAllowMemberAccessPageElements -->
        <test-method status="PASS" signature="beginTest(java.lang.reflect.Method)[pri:0, instance:com.mobicom.tests.MemberAccessTest@7a187f14]" name="beginTest" is-config="true" duration-ms="0" started-at="2018-05-02T12:22:41Z" finished-at="2018-05-02T12:22:41Z">
          <params>
            <param index="0">
              <value>
                <![CDATA[public void com.mobicom.tests.MemberAccessTest.verifyAllowMemberAccessPageElements(org.openqa.selenium.By,java.lang.String)]]>
              </value>
            </param>
          </params>
          <reporter-output>
          </reporter-output>
        </test-method> <!-- beginTest -->
        <test-method status="PASS" signature="exportReports(org.testng.ITestResult)[pri:0, instance:com.mobicom.tests.MemberAccessTest@7a187f14]" name="exportReports" is-config="true" duration-ms="2" started-at="2018-05-02T12:22:51Z" finished-at="2018-05-02T12:22:51Z">
          <params>
            <param index="0">
              <value>
                <![CDATA[[TestResult name=verifyAllowMemberAccessPageElements status=FAILURE method=MemberAccessTest.verifyAllowMemberAccessPageElements(org.openqa.selenium.By, java.lang.String)[pri:203, instance:com.mobicom.tests.MemberAccessTest@7a187f14] output={null}]]]>
              </value>
            </param>
          </params>
          <reporter-output>
          </reporter-output>
        </test-method> <!-- exportReports -->
      </class> <!-- com.mobicom.tests.MemberAccessTest -->
    </test> <!-- Chrome on mac -->
  </suite> <!-- Suite -->
</testng-results>
