<?xml version="1.0" encoding="UTF-8"?>
<!-- Generated by org.testng.reporters.JUnitXMLReporter -->
<testsuite hostname="Mobicoms-Mini-2" ignored="7" name="Chrome on mac" tests="127" failures="0" timestamp="19 Jul 2018 05:22:49 GMT" time="55.109" errors="0">
  <testcase name="testLoginPageElements" time="0.155" classname="com.mobicom.tests.LoginTest"/>
  <testcase name="testLoginPageElements" time="0.081" classname="com.mobicom.tests.LoginTest"/>
  <testcase name="testLoginPageElements" time="0.102" classname="com.mobicom.tests.LoginTest"/>
  <testcase name="loginToClub" time="2.221" classname="com.mobicom.tests.LoginTest"/>
  <testcase name="clickDashboardInMenu" time="0.131" classname="com.mobicom.tests.ClubProfileTest"/>
  <testcase name="clickClubProfileInMenu" time="1.046" classname="com.mobicom.tests.ClubProfileTest"/>
  <testcase name="clickBasicInfoInMenu" time="0.767" classname="com.mobicom.tests.ClubProfileTest"/>
  <testcase name="testProfilePageElements" time="0.055" classname="com.mobicom.tests.ClubProfileTest"/>
  <testcase name="testProfilePageElements" time="0.075" classname="com.mobicom.tests.ClubProfileTest"/>
  <testcase name="testProfilePageElements" time="0.07" classname="com.mobicom.tests.ClubProfileTest"/>
  <testcase name="testProfilePageElements" time="0.049" classname="com.mobicom.tests.ClubProfileTest"/>
  <testcase name="testProfilePageElements" time="0.067" classname="com.mobicom.tests.ClubProfileTest"/>
  <testcase name="testProfilePageElements" time="0.076" classname="com.mobicom.tests.ClubProfileTest"/>
  <testcase name="testProfilePageElements" time="0.065" classname="com.mobicom.tests.ClubProfileTest"/>
  <testcase name="testProfilePageElements" time="0.069" classname="com.mobicom.tests.ClubProfileTest"/>
  <testcase name="testProfilePageElements" time="0.077" classname="com.mobicom.tests.ClubProfileTest"/>
  <testcase name="testProfilePageElements" time="0.085" classname="com.mobicom.tests.ClubProfileTest"/>
  <testcase name="testProfilePageElements" time="0.068" classname="com.mobicom.tests.ClubProfileTest"/>
  <testcase name="testProfilePageElements" time="0.06" classname="com.mobicom.tests.ClubProfileTest"/>
  <testcase name="testProfilePageElements" time="0.062" classname="com.mobicom.tests.ClubProfileTest"/>
  <testcase name="testProfilePageElements" time="0.058" classname="com.mobicom.tests.ClubProfileTest"/>
  <testcase name="testProfilePageElements" time="0.061" classname="com.mobicom.tests.ClubProfileTest"/>
  <testcase name="testProfilePageElements" time="0.067" classname="com.mobicom.tests.ClubProfileTest"/>
  <testcase name="testProfilePageElements" time="0.067" classname="com.mobicom.tests.ClubProfileTest"/>
  <testcase name="testProfilePageElements" time="0.071" classname="com.mobicom.tests.ClubProfileTest"/>
  <testcase name="clickClubFacilitiesInMenu" time="0.721" classname="com.mobicom.tests.AddFacilityTest"/>
  <testcase name="verifyClubFacilitiesElements" time="0.065" classname="com.mobicom.tests.AddFacilityTest"/>
  <testcase name="verifyClubFacilitiesElements" time="0.08" classname="com.mobicom.tests.AddFacilityTest"/>
  <testcase name="verifyClubFacilitiesElements" time="0.079" classname="com.mobicom.tests.AddFacilityTest"/>
  <testcase name="clickAddFacilitiesInMenu" time="0.914" classname="com.mobicom.tests.AddFacilityTest"/>
  <testcase name="clickSelectImage" time="1.15" classname="com.mobicom.tests.AddFacilityTest"/>
  <testcase name="selectAnImage" time="0.797" classname="com.mobicom.tests.AddFacilityTest"/>
  <testcase name="enterFacilityName" time="0.299" classname="com.mobicom.tests.AddFacilityTest"/>
  <testcase name="selectFacilityCategory" time="0.239" classname="com.mobicom.tests.AddFacilityTest"/>
  <testcase name="enterFacilityDescription" time="0.286" classname="com.mobicom.tests.AddFacilityTest"/>
  <testcase name="enterFacilityRules" time="0.252" classname="com.mobicom.tests.AddFacilityTest"/>
  <testcase name="enterFacilityCancellationPolicy" time="0.282" classname="com.mobicom.tests.AddFacilityTest"/>
  <testcase name="clickDaysOfWeekButton" time="0.195" classname="com.mobicom.tests.AddFacilityTest"/>
  <testcase name="clickSaveButton" time="2.0" classname="com.mobicom.tests.AddFacilityTest"/>
  <testcase name="publishNewfacility" time="1.661" classname="com.mobicom.tests.AddFacilityTest"/>
  <testcase name="deleteFacility" time="2.735" classname="com.mobicom.tests.AddFacilityTest"/>
  <testcase name="clickCurateEventsInMenu" time="0.8" classname="com.mobicom.tests.AddCurateEventTest"/>
  <testcase name="clickListOfCurateEventsInMenu" time="0.659" classname="com.mobicom.tests.AddCurateEventTest"/>
  <testcase name="verifyCurateEventsPageElements" time="0.042" classname="com.mobicom.tests.AddCurateEventTest"/>
  <testcase name="verifyCurateEventsPageElements" time="0.057" classname="com.mobicom.tests.AddCurateEventTest"/>
  <testcase name="verifyCurateEventsPageElements" time="0.06" classname="com.mobicom.tests.AddCurateEventTest"/>
  <testcase name="clickAddCurateEvent" time="0.813" classname="com.mobicom.tests.AddCurateEventTest"/>
  <testcase name="verifyAddCurateEventsPageElements" time="0.037" classname="com.mobicom.tests.AddCurateEventTest"/>
  <testcase name="verifyAddCurateEventsPageElements" time="0.052" classname="com.mobicom.tests.AddCurateEventTest"/>
  <testcase name="verifyAddCurateEventsPageElements" time="0.052" classname="com.mobicom.tests.AddCurateEventTest"/>
  <testcase name="verifyAddCurateEventsPageElements" time="0.065" classname="com.mobicom.tests.AddCurateEventTest"/>
  <testcase name="verifyAddCurateEventsPageElements" time="0.061" classname="com.mobicom.tests.AddCurateEventTest"/>
  <testcase name="verifyAddCurateEventsPageElements" time="0.053" classname="com.mobicom.tests.AddCurateEventTest"/>
  <testcase name="verifyAddCurateEventsPageElements" time="0.05" classname="com.mobicom.tests.AddCurateEventTest"/>
  <testcase name="verifyAddCurateEventsPageElements" time="0.05" classname="com.mobicom.tests.AddCurateEventTest"/>
  <testcase name="verifyAddCurateEventsPageElements" time="0.05" classname="com.mobicom.tests.AddCurateEventTest"/>
  <testcase name="verifyAddCurateEventsPageElements" time="0.077" classname="com.mobicom.tests.AddCurateEventTest"/>
  <testcase name="selectFacility" time="0.369" classname="com.mobicom.tests.AddCurateEventTest"/>
  <testcase name="updateRemarks" time="0.309" classname="com.mobicom.tests.AddCurateEventTest"/>
  <testcase name="enterStartDate" time="0.061" classname="com.mobicom.tests.AddCurateEventTest"/>
  <testcase name="enterEndDate" time="0.065" classname="com.mobicom.tests.AddCurateEventTest"/>
  <testcase name="enterStartTime" time="0.258" classname="com.mobicom.tests.AddCurateEventTest"/>
  <testcase name="enterEndTime" time="0.211" classname="com.mobicom.tests.AddCurateEventTest"/>
  <testcase name="clickSaveButton" time="0.871" classname="com.mobicom.tests.AddCurateEventTest"/>
  <testcase name="modifyEvent" time="0.939" classname="com.mobicom.tests.AddCurateEventTest"/>
  <testcase name="clickPublishButton" time="0.671" classname="com.mobicom.tests.AddCurateEventTest"/>
  <testcase name="deleteCurateEvent" time="2.268" classname="com.mobicom.tests.AddCurateEventTest"/>
  <testcase name="clickMemberAccessInMenu" time="1.817" classname="com.mobicom.tests.MemberAccessTest"/>
  <testcase name="verifyMemberAccessPageElements" time="0.04" classname="com.mobicom.tests.MemberAccessTest"/>
  <testcase name="verifyMemberAccessPageElements" time="0.057" classname="com.mobicom.tests.MemberAccessTest"/>
  <testcase name="verifyMemberAccessPageElements" time="0.056" classname="com.mobicom.tests.MemberAccessTest"/>
  <testcase name="verifyMemberAccessPageElements" time="0.063" classname="com.mobicom.tests.MemberAccessTest"/>
  <testcase name="verifyMemberAccessPageElements" time="0.063" classname="com.mobicom.tests.MemberAccessTest"/>
  <testcase name="verifyMemberAccessPageElements" time="0.073" classname="com.mobicom.tests.MemberAccessTest"/>
  <testcase name="clickGreenToggle" time="0.775" classname="com.mobicom.tests.MemberAccessTest"/>
  <testcase name="verifyBlockMemberAccessPageElements" time="0.042" classname="com.mobicom.tests.MemberAccessTest"/>
  <testcase name="verifyBlockMemberAccessPageElements" time="0.087" classname="com.mobicom.tests.MemberAccessTest"/>
  <testcase name="verifyBlockMemberAccessPageElements" time="0.061" classname="com.mobicom.tests.MemberAccessTest"/>
  <testcase name="verifyBlockMemberAccessPageElements" time="0.066" classname="com.mobicom.tests.MemberAccessTest"/>
  <testcase name="verifyBlockMemberAccessPageElements" time="0.071" classname="com.mobicom.tests.MemberAccessTest"/>
  <testcase name="verifyBlockMemberAccessPageElements" time="0.108" classname="com.mobicom.tests.MemberAccessTest"/>
  <testcase name="verifyBlockMemberAccessPageElements" time="0.101" classname="com.mobicom.tests.MemberAccessTest"/>
  <testcase name="clickNextButton" time="0.312" classname="com.mobicom.tests.MemberAccessTest"/>
  <testcase name="clickBlockingRequestsButton" time="0.741" classname="com.mobicom.tests.MemberAccessTest"/>
  <testcase name="clickOkButton" time="0.653" classname="com.mobicom.tests.MemberAccessTest"/>
  <testcase name="clickRedToggle" time="0.69" classname="com.mobicom.tests.MemberAccessTest"/>
  <testcase name="verifyAllowMemberAccessPageElements" time="0.041" classname="com.mobicom.tests.MemberAccessTest"/>
  <testcase name="verifyAllowMemberAccessPageElements" time="0.057" classname="com.mobicom.tests.MemberAccessTest"/>
  <testcase name="verifyAllowMemberAccessPageElements" time="0.057" classname="com.mobicom.tests.MemberAccessTest"/>
  <testcase name="verifyAllowMemberAccessPageElements" time="0.043" classname="com.mobicom.tests.MemberAccessTest"/>
  <testcase name="verifyAllowMemberAccessPageElements" time="0.048" classname="com.mobicom.tests.MemberAccessTest"/>
  <testcase name="verifyAllowMemberAccessPageElements" time="0.042" classname="com.mobicom.tests.MemberAccessTest"/>
  <testcase name="verifyAllowMemberAccessPageElements" time="0.077" classname="com.mobicom.tests.MemberAccessTest"/>
  <testcase name="clickNextButtonInRemoveAccess" time="0.171" classname="com.mobicom.tests.MemberAccessTest"/>
  <testcase name="clickAcceptingRequestsButton" time="0.662" classname="com.mobicom.tests.MemberAccessTest"/>
  <testcase name="clickManageMembersInMenu" time="0.532" classname="com.mobicom.tests.ManageMembersTest"/>
  <testcase name="checkmanageMembersPageElements" time="0.042" classname="com.mobicom.tests.ManageMembersTest"/>
  <testcase name="checkmanageMembersPageElements" time="0.055" classname="com.mobicom.tests.ManageMembersTest"/>
  <testcase name="checkmanageMembersPageElements" time="0.063" classname="com.mobicom.tests.ManageMembersTest"/>
  <testcase name="checkmanageMembersPageElements" time="0.066" classname="com.mobicom.tests.ManageMembersTest"/>
  <testcase name="checkmanageMembersPageElements" time="0.07" classname="com.mobicom.tests.ManageMembersTest"/>
  <testcase name="checkmanageMembersPageElements" time="0.074" classname="com.mobicom.tests.ManageMembersTest"/>
  <testcase name="checkmanageMembersPageElements" time="0.061" classname="com.mobicom.tests.ManageMembersTest"/>
  <testcase name="checkmanageMembersPageElements" time="0.07" classname="com.mobicom.tests.ManageMembersTest"/>
  <testcase name="checkmanageMembersPageElements" time="0.061" classname="com.mobicom.tests.ManageMembersTest"/>
  <testcase name="checkmanageMembersPageElements" time="0.056" classname="com.mobicom.tests.ManageMembersTest"/>
  <testcase name="clickManageAdminsInMenu" time="0.485" classname="com.mobicom.tests.ManageAdminsTest"/>
  <testcase name="checkManageAdminPageElements" time="0.04" classname="com.mobicom.tests.ManageAdminsTest"/>
  <testcase name="checkManageAdminPageElements" time="0.061" classname="com.mobicom.tests.ManageAdminsTest"/>
  <testcase name="checkManageAdminPageElements" time="0.055" classname="com.mobicom.tests.ManageAdminsTest"/>
  <testcase name="checkManageAdminPageElements" time="0.05" classname="com.mobicom.tests.ManageAdminsTest"/>
  <testcase name="checkManageAdminPageElements" time="0.052" classname="com.mobicom.tests.ManageAdminsTest"/>
  <testcase name="checkManageAdminPageElements" time="0.046" classname="com.mobicom.tests.ManageAdminsTest"/>
  <testcase name="checkManageAdminPageElements" time="0.055" classname="com.mobicom.tests.ManageAdminsTest"/>
  <testcase name="clickAddAdminButton" time="0.459" classname="com.mobicom.tests.ManageAdminsTest"/>
  <testcase name="checkAddAdminPageElements" time="0.055" classname="com.mobicom.tests.ManageAdminsTest"/>
  <testcase name="checkAddAdminPageElements" time="0.054" classname="com.mobicom.tests.ManageAdminsTest"/>
  <testcase name="checkAddAdminPageElements" time="0.06" classname="com.mobicom.tests.ManageAdminsTest"/>
  <testcase name="checkAddAdminPageElements" time="0.058" classname="com.mobicom.tests.ManageAdminsTest"/>
  <testcase name="checkAddAdminPageElements" time="0.055" classname="com.mobicom.tests.ManageAdminsTest"/>
  <testcase name="fillFirstName" time="0.297" classname="com.mobicom.tests.ManageAdminsTest"/>
  <testcase name="fillLastName" time="0.128" classname="com.mobicom.tests.ManageAdminsTest"/>
  <testcase name="fillEmail" time="0.429" classname="com.mobicom.tests.ManageAdminsTest"/>
  <testcase name="clickAddAdmin" time="0.56" classname="com.mobicom.tests.ManageAdminsTest"/>
  <testcase name="clickSettingsButton" time="0.214" classname="com.mobicom.tests.ManageAdminsTest"/>
  <testcase name="clickDeleteButton" time="0.713" classname="com.mobicom.tests.ManageAdminsTest"/>
  <testcase name="clickContinueButton" time="11.676" classname="com.mobicom.tests.ManageAdminsTest"/>
  <testcase name="clickOkButtonInMessageConfirmation" time="0.0" classname="com.mobicom.tests.ManageMembersTest">
    <ignored/>
  </testcase> <!-- clickOkButtonInMessageConfirmation -->
  <testcase name="clickSendInvitatinButton" time="0.0" classname="com.mobicom.tests.ManageMembersTest">
    <ignored/>
  </testcase> <!-- clickSendInvitatinButton -->
  <testcase name="clickBulkUploadButton" time="0.0" classname="com.mobicom.tests.ManageMembersTest">
    <ignored/>
  </testcase> <!-- clickBulkUploadButton -->
  <testcase name="checkEmailConfirmationPopupElements" time="0.0" classname="com.mobicom.tests.ManageMembersTest">
    <ignored/>
  </testcase> <!-- checkEmailConfirmationPopupElements -->
  <testcase name="chooseAnExcelFile" time="0.0" classname="com.mobicom.tests.ManageMembersTest">
    <ignored/>
  </testcase> <!-- chooseAnExcelFile -->
  <testcase name="clickClubFacilitiesInMenu" time="0.0" classname="com.mobicom.tests.ClubProfileTest">
    <ignored/>
  </testcase> <!-- clickClubFacilitiesInMenu -->
  <testcase name="clickCloseButtonInMessageConfirmation" time="0.0" classname="com.mobicom.tests.ManageMembersTest">
    <ignored/>
  </testcase> <!-- clickCloseButtonInMessageConfirmation -->
</testsuite> <!-- Chrome on mac -->
