<?xml version="1.0" encoding="UTF-8"?>
<!-- Generated by org.testng.reporters.JUnitXMLReporter -->
<testsuite hostname="Mobicoms-Mac-mini-2.local" ignored="7" name="Chrome on mac" tests="127" failures="0" timestamp="18 Jul 2018 05:48:13 GMT" time="60.732" errors="0">
  <testcase name="testLoginPageElements" time="0.173" classname="com.mobicom.tests.LoginTest"/>
  <testcase name="testLoginPageElements" time="0.07" classname="com.mobicom.tests.LoginTest"/>
  <testcase name="testLoginPageElements" time="0.085" classname="com.mobicom.tests.LoginTest"/>
  <testcase name="loginToClub" time="2.177" classname="com.mobicom.tests.LoginTest"/>
  <testcase name="clickDashboardInMenu" time="0.146" classname="com.mobicom.tests.ClubProfileTest"/>
  <testcase name="clickClubProfileInMenu" time="0.827" classname="com.mobicom.tests.ClubProfileTest"/>
  <testcase name="clickBasicInfoInMenu" time="3.35" classname="com.mobicom.tests.ClubProfileTest"/>
  <testcase name="testProfilePageElements" time="0.053" classname="com.mobicom.tests.ClubProfileTest"/>
  <testcase name="testProfilePageElements" time="0.07" classname="com.mobicom.tests.ClubProfileTest"/>
  <testcase name="testProfilePageElements" time="0.065" classname="com.mobicom.tests.ClubProfileTest"/>
  <testcase name="testProfilePageElements" time="0.046" classname="com.mobicom.tests.ClubProfileTest"/>
  <testcase name="testProfilePageElements" time="0.071" classname="com.mobicom.tests.ClubProfileTest"/>
  <testcase name="testProfilePageElements" time="0.071" classname="com.mobicom.tests.ClubProfileTest"/>
  <testcase name="testProfilePageElements" time="0.069" classname="com.mobicom.tests.ClubProfileTest"/>
  <testcase name="testProfilePageElements" time="0.072" classname="com.mobicom.tests.ClubProfileTest"/>
  <testcase name="testProfilePageElements" time="0.095" classname="com.mobicom.tests.ClubProfileTest"/>
  <testcase name="testProfilePageElements" time="0.084" classname="com.mobicom.tests.ClubProfileTest"/>
  <testcase name="testProfilePageElements" time="0.074" classname="com.mobicom.tests.ClubProfileTest"/>
  <testcase name="testProfilePageElements" time="0.062" classname="com.mobicom.tests.ClubProfileTest"/>
  <testcase name="testProfilePageElements" time="0.064" classname="com.mobicom.tests.ClubProfileTest"/>
  <testcase name="testProfilePageElements" time="0.062" classname="com.mobicom.tests.ClubProfileTest"/>
  <testcase name="testProfilePageElements" time="0.06" classname="com.mobicom.tests.ClubProfileTest"/>
  <testcase name="testProfilePageElements" time="0.07" classname="com.mobicom.tests.ClubProfileTest"/>
  <testcase name="testProfilePageElements" time="0.07" classname="com.mobicom.tests.ClubProfileTest"/>
  <testcase name="testProfilePageElements" time="0.066" classname="com.mobicom.tests.ClubProfileTest"/>
  <testcase name="clickClubFacilitiesInMenu" time="1.087" classname="com.mobicom.tests.AddFacilityTest"/>
  <testcase name="verifyClubFacilitiesElements" time="0.065" classname="com.mobicom.tests.AddFacilityTest"/>
  <testcase name="verifyClubFacilitiesElements" time="0.074" classname="com.mobicom.tests.AddFacilityTest"/>
  <testcase name="verifyClubFacilitiesElements" time="0.108" classname="com.mobicom.tests.AddFacilityTest"/>
  <testcase name="clickAddFacilitiesInMenu" time="1.58" classname="com.mobicom.tests.AddFacilityTest"/>
  <testcase name="clickSelectImage" time="1.106" classname="com.mobicom.tests.AddFacilityTest"/>
  <testcase name="selectAnImage" time="0.808" classname="com.mobicom.tests.AddFacilityTest"/>
  <testcase name="enterFacilityName" time="0.239" classname="com.mobicom.tests.AddFacilityTest"/>
  <testcase name="selectFacilityCategory" time="0.267" classname="com.mobicom.tests.AddFacilityTest"/>
  <testcase name="enterFacilityDescription" time="0.315" classname="com.mobicom.tests.AddFacilityTest"/>
  <testcase name="enterFacilityRules" time="0.26" classname="com.mobicom.tests.AddFacilityTest"/>
  <testcase name="enterFacilityCancellationPolicy" time="0.292" classname="com.mobicom.tests.AddFacilityTest"/>
  <testcase name="clickDaysOfWeekButton" time="0.222" classname="com.mobicom.tests.AddFacilityTest"/>
  <testcase name="clickSaveButton" time="1.962" classname="com.mobicom.tests.AddFacilityTest"/>
  <testcase name="publishNewfacility" time="1.775" classname="com.mobicom.tests.AddFacilityTest"/>
  <testcase name="deleteFacility" time="2.75" classname="com.mobicom.tests.AddFacilityTest"/>
  <testcase name="clickCurateEventsInMenu" time="0.816" classname="com.mobicom.tests.AddCurateEventTest"/>
  <testcase name="clickListOfCurateEventsInMenu" time="0.764" classname="com.mobicom.tests.AddCurateEventTest"/>
  <testcase name="verifyCurateEventsPageElements" time="0.042" classname="com.mobicom.tests.AddCurateEventTest"/>
  <testcase name="verifyCurateEventsPageElements" time="0.056" classname="com.mobicom.tests.AddCurateEventTest"/>
  <testcase name="verifyCurateEventsPageElements" time="0.063" classname="com.mobicom.tests.AddCurateEventTest"/>
  <testcase name="clickAddCurateEvent" time="1.019" classname="com.mobicom.tests.AddCurateEventTest"/>
  <testcase name="verifyAddCurateEventsPageElements" time="0.042" classname="com.mobicom.tests.AddCurateEventTest"/>
  <testcase name="verifyAddCurateEventsPageElements" time="0.054" classname="com.mobicom.tests.AddCurateEventTest"/>
  <testcase name="verifyAddCurateEventsPageElements" time="0.058" classname="com.mobicom.tests.AddCurateEventTest"/>
  <testcase name="verifyAddCurateEventsPageElements" time="0.054" classname="com.mobicom.tests.AddCurateEventTest"/>
  <testcase name="verifyAddCurateEventsPageElements" time="0.059" classname="com.mobicom.tests.AddCurateEventTest"/>
  <testcase name="verifyAddCurateEventsPageElements" time="0.051" classname="com.mobicom.tests.AddCurateEventTest"/>
  <testcase name="verifyAddCurateEventsPageElements" time="0.05" classname="com.mobicom.tests.AddCurateEventTest"/>
  <testcase name="verifyAddCurateEventsPageElements" time="0.052" classname="com.mobicom.tests.AddCurateEventTest"/>
  <testcase name="verifyAddCurateEventsPageElements" time="0.061" classname="com.mobicom.tests.AddCurateEventTest"/>
  <testcase name="verifyAddCurateEventsPageElements" time="0.072" classname="com.mobicom.tests.AddCurateEventTest"/>
  <testcase name="selectFacility" time="0.369" classname="com.mobicom.tests.AddCurateEventTest"/>
  <testcase name="updateRemarks" time="0.298" classname="com.mobicom.tests.AddCurateEventTest"/>
  <testcase name="enterStartDate" time="0.051" classname="com.mobicom.tests.AddCurateEventTest"/>
  <testcase name="enterEndDate" time="0.067" classname="com.mobicom.tests.AddCurateEventTest"/>
  <testcase name="enterStartTime" time="0.283" classname="com.mobicom.tests.AddCurateEventTest"/>
  <testcase name="enterEndTime" time="0.214" classname="com.mobicom.tests.AddCurateEventTest"/>
  <testcase name="clickSaveButton" time="0.951" classname="com.mobicom.tests.AddCurateEventTest"/>
  <testcase name="modifyEvent" time="0.999" classname="com.mobicom.tests.AddCurateEventTest"/>
  <testcase name="clickPublishButton" time="0.808" classname="com.mobicom.tests.AddCurateEventTest"/>
  <testcase name="deleteCurateEvent" time="2.314" classname="com.mobicom.tests.AddCurateEventTest"/>
  <testcase name="clickMemberAccessInMenu" time="1.77" classname="com.mobicom.tests.MemberAccessTest"/>
  <testcase name="verifyMemberAccessPageElements" time="0.04" classname="com.mobicom.tests.MemberAccessTest"/>
  <testcase name="verifyMemberAccessPageElements" time="0.061" classname="com.mobicom.tests.MemberAccessTest"/>
  <testcase name="verifyMemberAccessPageElements" time="0.057" classname="com.mobicom.tests.MemberAccessTest"/>
  <testcase name="verifyMemberAccessPageElements" time="0.06" classname="com.mobicom.tests.MemberAccessTest"/>
  <testcase name="verifyMemberAccessPageElements" time="0.065" classname="com.mobicom.tests.MemberAccessTest"/>
  <testcase name="verifyMemberAccessPageElements" time="0.067" classname="com.mobicom.tests.MemberAccessTest"/>
  <testcase name="clickGreenToggle" time="0.764" classname="com.mobicom.tests.MemberAccessTest"/>
  <testcase name="verifyBlockMemberAccessPageElements" time="0.071" classname="com.mobicom.tests.MemberAccessTest"/>
  <testcase name="verifyBlockMemberAccessPageElements" time="0.076" classname="com.mobicom.tests.MemberAccessTest"/>
  <testcase name="verifyBlockMemberAccessPageElements" time="0.099" classname="com.mobicom.tests.MemberAccessTest"/>
  <testcase name="verifyBlockMemberAccessPageElements" time="0.066" classname="com.mobicom.tests.MemberAccessTest"/>
  <testcase name="verifyBlockMemberAccessPageElements" time="0.068" classname="com.mobicom.tests.MemberAccessTest"/>
  <testcase name="verifyBlockMemberAccessPageElements" time="0.107" classname="com.mobicom.tests.MemberAccessTest"/>
  <testcase name="verifyBlockMemberAccessPageElements" time="0.087" classname="com.mobicom.tests.MemberAccessTest"/>
  <testcase name="clickNextButton" time="0.302" classname="com.mobicom.tests.MemberAccessTest"/>
  <testcase name="clickBlockingRequestsButton" time="0.727" classname="com.mobicom.tests.MemberAccessTest"/>
  <testcase name="clickOkButton" time="0.662" classname="com.mobicom.tests.MemberAccessTest"/>
  <testcase name="clickRedToggle" time="0.916" classname="com.mobicom.tests.MemberAccessTest"/>
  <testcase name="verifyAllowMemberAccessPageElements" time="0.072" classname="com.mobicom.tests.MemberAccessTest"/>
  <testcase name="verifyAllowMemberAccessPageElements" time="0.054" classname="com.mobicom.tests.MemberAccessTest"/>
  <testcase name="verifyAllowMemberAccessPageElements" time="0.047" classname="com.mobicom.tests.MemberAccessTest"/>
  <testcase name="verifyAllowMemberAccessPageElements" time="0.05" classname="com.mobicom.tests.MemberAccessTest"/>
  <testcase name="verifyAllowMemberAccessPageElements" time="0.048" classname="com.mobicom.tests.MemberAccessTest"/>
  <testcase name="verifyAllowMemberAccessPageElements" time="0.084" classname="com.mobicom.tests.MemberAccessTest"/>
  <testcase name="verifyAllowMemberAccessPageElements" time="0.048" classname="com.mobicom.tests.MemberAccessTest"/>
  <testcase name="clickNextButtonInRemoveAccess" time="0.154" classname="com.mobicom.tests.MemberAccessTest"/>
  <testcase name="clickAcceptingRequestsButton" time="0.658" classname="com.mobicom.tests.MemberAccessTest"/>
  <testcase name="clickManageMembersInMenu" time="0.565" classname="com.mobicom.tests.ManageMembersTest"/>
  <testcase name="checkmanageMembersPageElements" time="0.038" classname="com.mobicom.tests.ManageMembersTest"/>
  <testcase name="checkmanageMembersPageElements" time="0.059" classname="com.mobicom.tests.ManageMembersTest"/>
  <testcase name="checkmanageMembersPageElements" time="0.062" classname="com.mobicom.tests.ManageMembersTest"/>
  <testcase name="checkmanageMembersPageElements" time="0.058" classname="com.mobicom.tests.ManageMembersTest"/>
  <testcase name="checkmanageMembersPageElements" time="0.079" classname="com.mobicom.tests.ManageMembersTest"/>
  <testcase name="checkmanageMembersPageElements" time="0.096" classname="com.mobicom.tests.ManageMembersTest"/>
  <testcase name="checkmanageMembersPageElements" time="0.058" classname="com.mobicom.tests.ManageMembersTest"/>
  <testcase name="checkmanageMembersPageElements" time="0.07" classname="com.mobicom.tests.ManageMembersTest"/>
  <testcase name="checkmanageMembersPageElements" time="0.062" classname="com.mobicom.tests.ManageMembersTest"/>
  <testcase name="checkmanageMembersPageElements" time="0.06" classname="com.mobicom.tests.ManageMembersTest"/>
  <testcase name="clickManageAdminsInMenu" time="0.507" classname="com.mobicom.tests.ManageAdminsTest"/>
  <testcase name="checkManageAdminPageElements" time="0.048" classname="com.mobicom.tests.ManageAdminsTest"/>
  <testcase name="checkManageAdminPageElements" time="0.059" classname="com.mobicom.tests.ManageAdminsTest"/>
  <testcase name="checkManageAdminPageElements" time="0.055" classname="com.mobicom.tests.ManageAdminsTest"/>
  <testcase name="checkManageAdminPageElements" time="0.047" classname="com.mobicom.tests.ManageAdminsTest"/>
  <testcase name="checkManageAdminPageElements" time="0.048" classname="com.mobicom.tests.ManageAdminsTest"/>
  <testcase name="checkManageAdminPageElements" time="0.049" classname="com.mobicom.tests.ManageAdminsTest"/>
  <testcase name="checkManageAdminPageElements" time="0.06" classname="com.mobicom.tests.ManageAdminsTest"/>
  <testcase name="clickAddAdminButton" time="0.428" classname="com.mobicom.tests.ManageAdminsTest"/>
  <testcase name="checkAddAdminPageElements" time="0.058" classname="com.mobicom.tests.ManageAdminsTest"/>
  <testcase name="checkAddAdminPageElements" time="0.057" classname="com.mobicom.tests.ManageAdminsTest"/>
  <testcase name="checkAddAdminPageElements" time="0.059" classname="com.mobicom.tests.ManageAdminsTest"/>
  <testcase name="checkAddAdminPageElements" time="0.058" classname="com.mobicom.tests.ManageAdminsTest"/>
  <testcase name="checkAddAdminPageElements" time="0.061" classname="com.mobicom.tests.ManageAdminsTest"/>
  <testcase name="fillFirstName" time="0.317" classname="com.mobicom.tests.ManageAdminsTest"/>
  <testcase name="fillLastName" time="0.132" classname="com.mobicom.tests.ManageAdminsTest"/>
  <testcase name="fillEmail" time="0.431" classname="com.mobicom.tests.ManageAdminsTest"/>
  <testcase name="clickAddAdmin" time="0.638" classname="com.mobicom.tests.ManageAdminsTest"/>
  <testcase name="clickSettingsButton" time="0.254" classname="com.mobicom.tests.ManageAdminsTest"/>
  <testcase name="clickDeleteButton" time="0.708" classname="com.mobicom.tests.ManageAdminsTest"/>
  <testcase name="clickContinueButton" time="11.706" classname="com.mobicom.tests.ManageAdminsTest"/>
  <testcase name="clickOkButtonInMessageConfirmation" time="0.0" classname="com.mobicom.tests.ManageMembersTest">
    <ignored/>
  </testcase> <!-- clickOkButtonInMessageConfirmation -->
  <testcase name="clickSendInvitatinButton" time="0.0" classname="com.mobicom.tests.ManageMembersTest">
    <ignored/>
  </testcase> <!-- clickSendInvitatinButton -->
  <testcase name="clickBulkUploadButton" time="0.0" classname="com.mobicom.tests.ManageMembersTest">
    <ignored/>
  </testcase> <!-- clickBulkUploadButton -->
  <testcase name="checkEmailConfirmationPopupElements" time="0.0" classname="com.mobicom.tests.ManageMembersTest">
    <ignored/>
  </testcase> <!-- checkEmailConfirmationPopupElements -->
  <testcase name="chooseAnExcelFile" time="0.0" classname="com.mobicom.tests.ManageMembersTest">
    <ignored/>
  </testcase> <!-- chooseAnExcelFile -->
  <testcase name="clickClubFacilitiesInMenu" time="0.0" classname="com.mobicom.tests.ClubProfileTest">
    <ignored/>
  </testcase> <!-- clickClubFacilitiesInMenu -->
  <testcase name="clickCloseButtonInMessageConfirmation" time="0.0" classname="com.mobicom.tests.ManageMembersTest">
    <ignored/>
  </testcase> <!-- clickCloseButtonInMessageConfirmation -->
</testsuite> <!-- Chrome on mac -->
