<?xml version="1.0" encoding="UTF-8"?>
<!-- Generated by org.testng.reporters.JUnitXMLReporter -->
<testsuite hostname="Mobicoms-Mini-2" ignored="0" name="Firefox on mac" tests="4" failures="0" timestamp="17 Apr 2018 08:33:14 GMT" time="7.698" errors="0">
  <testcase name="testLoginPageElements" time="0.106" classname="com.mobicom.tests.LoginTest"/>
  <testcase name="testLoginPageElements" time="0.074" classname="com.mobicom.tests.LoginTest"/>
  <testcase name="testLoginPageElements" time="0.073" classname="com.mobicom.tests.LoginTest"/>
  <testcase name="loginToClub" time="2.73" classname="com.mobicom.tests.LoginTest"/>
</testsuite> <!-- Firefox on mac -->
