<?xml version="1.0" encoding="UTF-8"?>
<!-- Generated by org.testng.reporters.JUnitXMLReporter -->
<testsuite hostname="Mobicoms-Mini-2" ignored="0" name="Safari on mac" tests="4" failures="0" timestamp="17 Apr 2018 08:33:18 GMT" time="4.071" errors="0">
  <testcase name="testLoginPageElements" time="0.039" classname="com.mobicom.tests.LoginTest"/>
  <testcase name="testLoginPageElements" time="0.036" classname="com.mobicom.tests.LoginTest"/>
  <testcase name="testLoginPageElements" time="0.036" classname="com.mobicom.tests.LoginTest"/>
  <testcase name="loginToClub" time="0.965" classname="com.mobicom.tests.LoginTest"/>
</testsuite> <!-- Safari on mac -->
