<?xml version="1.0" encoding="UTF-8"?>
<!-- Generated by org.testng.reporters.JUnitXMLReporter -->
<testsuite hostname="Mobicoms-Mini-2" ignored="0" name="Default test" tests="4" failures="0" timestamp="16 Apr 2018 10:54:36 GMT" time="4.9" errors="0">
  <testcase name="testUserName" time="0.289" classname="com.mobicom.tests.LoginTest"/>
  <testcase name="testUserName" time="0.071" classname="com.mobicom.tests.LoginTest"/>
  <testcase name="testUserName" time="0.15" classname="com.mobicom.tests.LoginTest"/>
  <testcase name="loginToClub" time="1.834" classname="com.mobicom.tests.LoginTest"/>
</testsuite> <!-- Default test -->
