<?xml version="1.0" encoding="UTF-8"?>
<!-- Generated by org.testng.reporters.JUnitXMLReporter -->
<testsuite hostname="Mobicoms-Mac-mini-2.local" ignored="14" name="Default test" tests="1" failures="0" timestamp="03 May 2018 10:45:35 GMT" time="0.071" errors="0">
  <testcase name="@BeforeClass beforeTheClass" time="0.022" classname="com.mobicom.tests.AddCurateEventTest">
    <failure type="java.lang.NullPointerException">
      <![CDATA[java.lang.NullPointerException
at com.mobicom.helpers.GetDriver.returnDriver(GetDriver.java:30)
at com.mobicom.tests.BaseTest.initTest(BaseTest.java:22)
at com.mobicom.tests.AddCurateEventTest.beforeTheClass(AddCurateEventTest.java:31)
at sun.reflect.NativeMethodAccessorImpl.invoke0(Native Method)
at sun.reflect.NativeMethodAccessorImpl.invoke(NativeMethodAccessorImpl.java:62)
at sun.reflect.DelegatingMethodAccessorImpl.invoke(DelegatingMethodAccessorImpl.java:43)
at java.lang.reflect.Method.invoke(Method.java:498)
at org.testng.internal.MethodInvocationHelper.invokeMethod(MethodInvocationHelper.java:124)
at org.testng.internal.MethodInvocationHelper.invokeMethodConsideringTimeout(MethodInvocationHelper.java:59)
at org.testng.internal.Invoker.invokeConfigurationMethod(Invoker.java:458)
at org.testng.internal.Invoker.invokeConfigurations(Invoker.java:222)
at org.testng.internal.Invoker.invokeConfigurations(Invoker.java:142)
at org.testng.internal.TestMethodWorker.invokeBeforeClassMethods(TestMethodWorker.java:168)
at org.testng.internal.TestMethodWorker.run(TestMethodWorker.java:105)
at org.testng.TestRunner.privateRun(TestRunner.java:648)
at org.testng.TestRunner.run(TestRunner.java:505)
at org.testng.SuiteRunner.runTest(SuiteRunner.java:455)
at org.testng.SuiteRunner.runSequentially(SuiteRunner.java:450)
at org.testng.SuiteRunner.privateRun(SuiteRunner.java:415)
at org.testng.SuiteRunner.run(SuiteRunner.java:364)
at org.testng.SuiteRunnerWorker.runSuite(SuiteRunnerWorker.java:52)
at org.testng.SuiteRunnerWorker.run(SuiteRunnerWorker.java:84)
at org.testng.TestNG.runSuitesSequentially(TestNG.java:1208)
at org.testng.TestNG.runSuitesLocally(TestNG.java:1137)
at org.testng.TestNG.runSuites(TestNG.java:1049)
at org.testng.TestNG.run(TestNG.java:1017)
at org.testng.remote.AbstractRemoteTestNG.run(AbstractRemoteTestNG.java:114)
at org.testng.remote.RemoteTestNG.initAndRun(RemoteTestNG.java:251)
at org.testng.remote.RemoteTestNG.main(RemoteTestNG.java:77)
]]>
    </failure>
  </testcase> <!-- @BeforeClass beforeTheClass -->
  <testcase name="@BeforeMethod beginTest" time="0.0" classname="com.mobicom.tests.BaseTest">
    <skipped/>
  </testcase> <!-- @BeforeMethod beginTest -->
  <testcase name="@AfterMethod exportReports" time="0.0" classname="com.mobicom.tests.BaseTest">
    <skipped/>
  </testcase> <!-- @AfterMethod exportReports -->
  <testcase name="clickCurateEventsInMenu" time="0.0" classname="com.mobicom.tests.AddCurateEventTest">
    <skipped/>
  </testcase> <!-- clickCurateEventsInMenu -->
  <testcase name="clickPublishButton" time="0.0" classname="com.mobicom.tests.AddCurateEventTest">
    <ignored/>
  </testcase> <!-- clickPublishButton -->
  <testcase name="enterStartTime" time="0.0" classname="com.mobicom.tests.AddCurateEventTest">
    <ignored/>
  </testcase> <!-- enterStartTime -->
  <testcase name="clickListOfCurateEventsInMenu" time="0.0" classname="com.mobicom.tests.AddCurateEventTest">
    <ignored/>
  </testcase> <!-- clickListOfCurateEventsInMenu -->
  <testcase name="selectFacility" time="0.0" classname="com.mobicom.tests.AddCurateEventTest">
    <ignored/>
  </testcase> <!-- selectFacility -->
  <testcase name="enterEndDate" time="0.0" classname="com.mobicom.tests.AddCurateEventTest">
    <ignored/>
  </testcase> <!-- enterEndDate -->
  <testcase name="clickSaveButton" time="0.0" classname="com.mobicom.tests.AddCurateEventTest">
    <ignored/>
  </testcase> <!-- clickSaveButton -->
  <testcase name="enterStartDate" time="0.0" classname="com.mobicom.tests.AddCurateEventTest">
    <ignored/>
  </testcase> <!-- enterStartDate -->
  <testcase name="enterEndTime" time="0.0" classname="com.mobicom.tests.AddCurateEventTest">
    <ignored/>
  </testcase> <!-- enterEndTime -->
  <testcase name="modifyEvent" time="0.0" classname="com.mobicom.tests.AddCurateEventTest">
    <ignored/>
  </testcase> <!-- modifyEvent -->
  <testcase name="verifyAddCurateEventsPageElements" time="0.0" classname="com.mobicom.tests.AddCurateEventTest">
    <ignored/>
  </testcase> <!-- verifyAddCurateEventsPageElements -->
  <testcase name="deleteCurateEvent" time="0.0" classname="com.mobicom.tests.AddCurateEventTest">
    <ignored/>
  </testcase> <!-- deleteCurateEvent -->
  <testcase name="updateRemarks" time="0.0" classname="com.mobicom.tests.AddCurateEventTest">
    <ignored/>
  </testcase> <!-- updateRemarks -->
  <testcase name="clickAddCurateEvent" time="0.0" classname="com.mobicom.tests.AddCurateEventTest">
    <ignored/>
  </testcase> <!-- clickAddCurateEvent -->
  <testcase name="verifyCurateEventsPageElements" time="0.0" classname="com.mobicom.tests.AddCurateEventTest">
    <ignored/>
  </testcase> <!-- verifyCurateEventsPageElements -->
</testsuite> <!-- Default test -->
